[19:10:00.131] Running build in Washington, D.C., USA (East) – iad1
[19:10:00.139] Build machine configuration: 2 cores, 8 GB
[19:10:00.164] Cloning github.com/madfam-io/penny (Branch: main, Commit: dd9a584)
[19:10:00.283] Previous build caches not available
[19:10:00.715] Cloning completed: 550.000ms
[19:10:01.145] Running "vercel build"
[19:10:01.567] Vercel CLI 46.1.0
[19:10:01.741] > Detected Turbo. Adjusting default settings...
[19:10:02.192] Running "install" command: `cd /vercel/path0 && node scripts/fix-workspace-vercel.js && npm install`...
[19:10:02.352] Fixing ALL workspace:* references for Vercel...
[19:10:02.353] 
[19:10:02.363] Found 19 package.json files to check
[19:10:02.363] 
[19:10:02.366] 
[19:10:02.366] ✅ Fixed 0 package.json files
[19:11:40.314] npm warn deprecated acorn-import-assertions@1.9.0: package has been renamed to acorn-import-attributes
[19:11:44.386] npm warn deprecated are-we-there-yet@2.0.0: This package is no longer supported.
[19:11:44.429] npm warn deprecated npmlog@5.0.1: This package is no longer supported.
[19:11:44.773] npm warn deprecated gauge@3.0.2: This package is no longer supported.
[19:11:45.021] npm warn deprecated abab@2.0.6: Use your platform's native atob() and btoa() methods instead
[19:11:45.084] npm warn deprecated domexception@4.0.0: Use your platform's native DOMException instead
[19:11:47.170] npm warn deprecated node-domexception@1.0.0: Use your platform's native DOMException instead
[19:11:48.901] npm warn deprecated @humanwhocodes/object-schema@2.0.3: Use @eslint/object-schema instead
[19:11:50.115] npm warn deprecated @humanwhocodes/config-array@0.13.0: Use @eslint/config-array instead
[19:12:07.259] npm warn deprecated eslint@8.57.1: This version is no longer supported. Please see https://eslint.org/version-support for other options.
[19:12:07.270] npm warn deprecated eslint@8.57.1: This version is no longer supported. Please see https://eslint.org/version-support for other options.
[19:12:07.281] npm warn deprecated eslint@8.57.1: This version is no longer supported. Please see https://eslint.org/version-support for other options.
[19:12:07.298] npm warn deprecated eslint@8.57.1: This version is no longer supported. Please see https://eslint.org/version-support for other options.
[19:12:40.796] 
[19:12:40.796] > @penny/root@0.0.1 prepare
[19:12:40.797] > husky install
[19:12:40.797] 
[19:12:40.852] husky - install command is DEPRECATED
[19:12:40.897] 
[19:12:40.899] added 2226 packages, and audited 2245 packages in 3m
[19:12:40.899] 
[19:12:40.900] 412 packages are looking for funding
[19:12:40.900]   run `npm fund` for details
[19:12:40.973] 
[19:12:40.974] 7 vulnerabilities (6 moderate, 1 critical)
[19:12:40.974] 
[19:12:40.975] To address all issues (including breaking changes), run:
[19:12:40.975]   npm audit fix --force
[19:12:40.975] 
[19:12:40.975] Run `npm audit` for details.
[19:12:41.296] 
[19:12:41.298] > @penny/web@0.0.1 build
[19:12:41.299] > tsc && vite build
[19:12:41.299] 
[19:12:45.089] src/__tests__/components/ArtifactViewer.test.tsx(8,1): error TS1109: Expression expected.
[19:12:45.089] src/__tests__/components/ArtifactViewer.test.tsx(8,2): error TS1128: Declaration or statement expected.
[19:12:45.090] src/__tests__/components/ArtifactViewer.test.tsx(8,3): error TS1128: Declaration or statement expected.
[19:12:45.090] src/__tests__/components/ArtifactViewer.test.tsx(9,1): error TS1127: Invalid character.
[19:12:45.090] src/__tests__/components/ArtifactViewer.test.tsx(12,1): error TS1127: Invalid character.
[19:12:45.090] src/components/ArtifactViewer.tsx(59,1): error TS1127: Invalid character.
[19:12:45.090] src/components/ArtifactViewer.tsx(59,2): error TS1434: Unexpected keyword or identifier.
[19:12:45.090] src/components/ArtifactViewer.tsx(124,1): error TS1128: Declaration or statement expected.
[19:12:45.090] src/components/ArtifactViewer.tsx(130,11): error TS1127: Invalid character.
[19:12:45.090] src/components/ArtifactViewer.tsx(130,22): error TS1005: ';' expected.
[19:12:45.090] src/components/ArtifactViewer.tsx(131,15): error TS1005: ',' expected.
[19:12:45.090] src/components/ArtifactViewer.tsx(134,5): error TS1128: Declaration or statement expected.
[19:12:45.090] src/components/ArtifactViewer.tsx(135,3): error TS1109: Expression expected.
[19:12:45.090] src/components/ArtifactViewer.tsx(142,22): error TS1127: Invalid character.
[19:12:45.091] src/components/ArtifactViewer.tsx(142,23): error TS1434: Unexpected keyword or identifier.
[19:12:45.091] src/components/ArtifactViewer.tsx(143,24): error TS1127: Invalid character.
[19:12:45.091] src/components/ArtifactViewer.tsx(143,25): error TS1434: Unexpected keyword or identifier.
[19:12:45.091] src/components/ArtifactViewer.tsx(144,25): error TS1127: Invalid character.
[19:12:45.092] src/components/ArtifactViewer.tsx(144,26): error TS1434: Unexpected keyword or identifier.
[19:12:45.092] src/components/ArtifactViewer.tsx(145,15): error TS1127: Invalid character.
[19:12:45.092] src/components/ArtifactViewer.tsx(145,16): error TS1434: Unexpected keyword or identifier.
[19:12:45.092] src/components/ArtifactViewer.tsx(150,13): error TS1127: Invalid character.
[19:12:45.093] src/components/ArtifactViewer.tsx(150,26): error TS1005: ';' expected.
[19:12:45.093] src/components/ArtifactViewer.tsx(153,15): error TS1127: Invalid character.
[19:12:45.095] src/components/ArtifactViewer.tsx(153,28): error TS1005: ';' expected.
[19:12:45.096] src/components/ArtifactViewer.tsx(154,30): error TS1005: ',' expected.
[19:12:45.096] src/components/ArtifactViewer.tsx(154,44): error TS1005: ',' expected.
[19:12:45.096] src/components/ArtifactViewer.tsx(154,51): error TS1005: ',' expected.
[19:12:45.096] src/components/ArtifactViewer.tsx(155,9): error TS1128: Declaration or statement expected.
[19:12:45.097] src/components/ArtifactViewer.tsx(156,16): error TS1005: ',' expected.
[19:12:45.097] src/components/ArtifactViewer.tsx(172,7): error TS1128: Declaration or statement expected.
[19:12:45.097] src/components/ArtifactViewer.tsx(173,5): error TS1109: Expression expected.
[19:12:45.097] src/components/ArtifactViewer.tsx(177,13): error TS1127: Invalid character.
[19:12:45.097] src/components/ArtifactViewer.tsx(177,26): error TS1005: ';' expected.
[19:12:45.099] src/components/ArtifactViewer.tsx(180,14): error TS1127: Invalid character.
[19:12:45.099] src/components/ArtifactViewer.tsx(180,29): error TS1005: ';' expected.
[19:12:45.099] src/components/ArtifactViewer.tsx(182,19): error TS1005: ';' expected.
[19:12:45.100] src/components/ArtifactViewer.tsx(182,39): error TS1128: Declaration or statement expected.
[19:12:45.100] src/components/ArtifactViewer.tsx(183,9): error TS1109: Expression expected.
[19:12:45.100] src/components/ArtifactViewer.tsx(184,7): error TS1109: Expression expected.
[19:12:45.100] src/components/ArtifactViewer.tsx(185,5): error TS1109: Expression expected.
[19:12:45.101] src/components/ArtifactViewer.tsx(190,13): error TS1127: Invalid character.
[19:12:45.101] src/components/ArtifactViewer.tsx(190,26): error TS1005: ';' expected.
[19:12:45.101] src/components/ArtifactViewer.tsx(193,14): error TS1127: Invalid character.
[19:12:45.101] src/components/ArtifactViewer.tsx(193,29): error TS1005: ';' expected.
[19:12:45.102] src/components/ArtifactViewer.tsx(197,17): error TS1127: Invalid character.
[19:12:45.102] src/components/ArtifactViewer.tsx(197,34): error TS1005: ';' expected.
[19:12:45.102] src/components/ArtifactViewer.tsx(198,13): error TS2657: JSX expressions must have one parent element.
[19:12:45.103] src/components/ArtifactViewer.tsx(198,20): error TS1127: Invalid character.
[19:12:45.103] src/components/ArtifactViewer.tsx(198,44): error TS1127: Invalid character.
[19:12:45.103] src/components/ArtifactViewer.tsx(198,68): error TS1127: Invalid character.
[19:12:45.103] src/components/ArtifactViewer.tsx(198,91): error TS1127: Invalid character.
[19:12:45.103] src/components/ArtifactViewer.tsx(198,128): error TS1127: Invalid character.
[19:12:45.103] src/components/ArtifactViewer.tsx(198,159): error TS1127: Invalid character.
[19:12:45.104] src/components/ArtifactViewer.tsx(198,186): error TS1127: Invalid character.
[19:12:45.104] src/components/ArtifactViewer.tsx(200,20): error TS1127: Invalid character.
[19:12:45.104] src/components/ArtifactViewer.tsx(200,44): error TS1127: Invalid character.
[19:12:45.104] src/components/ArtifactViewer.tsx(200,68): error TS1127: Invalid character.
[19:12:45.104] src/components/ArtifactViewer.tsx(200,91): error TS1127: Invalid character.
[19:12:45.105] src/components/ArtifactViewer.tsx(200,128): error TS1127: Invalid character.
[19:12:45.105] src/components/ArtifactViewer.tsx(200,159): error TS1127: Invalid character.
[19:12:45.105] src/components/ArtifactViewer.tsx(200,186): error TS1127: Invalid character.
[19:12:45.105] src/components/ArtifactViewer.tsx(203,11): error TS1128: Declaration or statement expected.
[19:12:45.105] src/components/ArtifactViewer.tsx(204,9): error TS1109: Expression expected.
[19:12:45.105] src/components/ArtifactViewer.tsx(205,7): error TS1109: Expression expected.
[19:12:45.106] src/components/ArtifactViewer.tsx(206,5): error TS1109: Expression expected.
[19:12:45.106] src/components/ArtifactViewer.tsx(227,11): error TS1127: Invalid character.
[19:12:45.106] src/components/ArtifactViewer.tsx(227,22): error TS1005: ';' expected.
[19:12:45.106] src/components/ArtifactViewer.tsx(254,5): error TS1128: Declaration or statement expected.
[19:12:45.107] src/components/ArtifactViewer.tsx(255,3): error TS1109: Expression expected.
[19:12:45.107] src/components/ArtifactViewer.tsx(260,11): error TS1127: Invalid character.
[19:12:45.107] src/components/ArtifactViewer.tsx(260,22): error TS1005: ';' expected.
[19:12:45.107] src/components/ArtifactViewer.tsx(261,15): error TS1005: ':' expected.
[19:12:45.107] src/components/ArtifactViewer.tsx(263,12): error TS1127: Invalid character.
[19:12:45.107] src/components/ArtifactViewer.tsx(263,27): error TS1005: ',' expected.
[19:12:45.108] src/components/ArtifactViewer.tsx(264,11): error TS1005: '(' expected.
[19:12:45.108] src/components/ArtifactViewer.tsx(265,9): error TS1005: ',' expected.
[19:12:45.108] src/components/ArtifactViewer.tsx(265,14): error TS1005: ',' expected.
[19:12:45.108] src/components/ArtifactViewer.tsx(266,7): error TS1109: Expression expected.
[19:12:45.108] src/components/ArtifactViewer.tsx(267,5): error TS1128: Declaration or statement expected.
[19:12:45.108] src/components/ArtifactViewer.tsx(268,3): error TS1109: Expression expected.
[19:12:45.109] src/components/ArtifactViewer.tsx(269,1): error TS1128: Declaration or statement expected.
[19:12:45.109] src/components/ArtifactViewer.tsx(277,11): error TS1127: Invalid character.
[19:12:45.109] src/components/ArtifactViewer.tsx(277,22): error TS1005: ';' expected.
[19:12:45.109] src/components/ArtifactViewer.tsx(285,13): error TS1127: Invalid character.
[19:12:45.109] src/components/ArtifactViewer.tsx(285,26): error TS1005: ';' expected.
[19:12:45.109] src/components/ArtifactViewer.tsx(287,7): error TS1128: Declaration or statement expected.
[19:12:45.109] src/components/ArtifactViewer.tsx(288,5): error TS1109: Expression expected.
[19:12:45.110] src/components/ArtifactViewer.tsx(289,3): error TS1109: Expression expected.
[19:12:45.110] src/components/ArtifactViewer.tsx(297,11): error TS1127: Invalid character.
[19:12:45.110] src/components/ArtifactViewer.tsx(297,22): error TS1005: ';' expected.
[19:12:45.110] src/components/ArtifactViewer.tsx(299,5): error TS1128: Declaration or statement expected.
[19:12:45.110] src/components/ArtifactViewer.tsx(300,3): error TS1109: Expression expected.
[19:12:45.111] src/components/Header.tsx(15,19): error TS1127: Invalid character.
[19:12:45.111] src/components/Header.tsx(16,14): error TS1382: Unexpected token. Did you mean `{'>'}` or `&gt;`?
[19:12:45.111] src/components/Header.tsx(34,39): error TS1127: Invalid character.
[19:12:45.111] src/components/Header.tsx(35,16): error TS1381: Unexpected token. Did you mean `{'}'}` or `&rbrace;`?
[19:12:45.111] src/components/Header.tsx(47,24): error TS1127: Invalid character.
[19:12:45.111] src/components/Header.tsx(51,16): error TS1381: Unexpected token. Did you mean `{'}'}` or `&rbrace;`?
[19:12:45.112] src/components/MessageBubble.tsx(49,14): error TS1127: Invalid character.
[19:12:45.112] src/components/MessageBubble.tsx(50,10): error TS1381: Unexpected token. Did you mean `{'}'}` or `&rbrace;`?
[19:12:45.112] src/components/MessageBubble.tsx(68,64): error TS1127: Invalid character.
[19:12:45.112] src/components/MessageBubble.tsx(82,10): error TS1381: Unexpected token. Did you mean `{'}'}` or `&rbrace;`?
[19:12:45.112] src/components/Sidebar.tsx(25,49): error TS1127: Invalid character.
[19:12:45.112] src/components/Sidebar.tsx(25,57): error TS1005: ',' expected.
[19:12:45.113] src/components/artifacts/ArtifactHeader.tsx(84,20): error TS1127: Invalid character.
[19:12:45.113] src/components/artifacts/ArtifactHeader.tsx(84,26): error TS1005: ',' expected.
[19:12:45.113] src/components/artifacts/ArtifactHeader.tsx(84,42): error TS1127: Invalid character.
[19:12:45.113] src/components/artifacts/ArtifactHeader.tsx(84,48): error TS1005: ',' expected.
[19:12:45.113] src/components/artifacts/ArtifactHeader.tsx(133,11): error TS1127: Invalid character.
[19:12:45.113] src/components/artifacts/ArtifactHeader.tsx(133,22): error TS1005: ';' expected.
[19:12:45.114] src/components/artifacts/ArtifactHeader.tsx(135,12): error TS1005: ';' expected.
[19:12:45.114] src/components/artifacts/ArtifactHeader.tsx(140,46): error TS1127: Invalid character.
[19:12:45.114] src/components/artifacts/ArtifactHeader.tsx(141,16): error TS1381: Unexpected token. Did you mean `{'}'}` or `&rbrace;`?
[19:12:45.114] src/components/artifacts/ArtifactHeader.tsx(142,46): error TS1127: Invalid character.
[19:12:45.114] src/components/artifacts/ArtifactHeader.tsx(143,16): error TS1381: Unexpected token. Did you mean `{'}'}` or `&rbrace;`?
[19:12:45.114] src/components/artifacts/ArtifactHeader.tsx(144,75): error TS1127: Invalid character.
[19:12:45.114] src/components/artifacts/ArtifactHeader.tsx(145,16): error TS1381: Unexpected token. Did you mean `{'}'}` or `&rbrace;`?
[19:12:45.114] src/components/artifacts/ArtifactHeader.tsx(146,46): error TS1127: Invalid character.
[19:12:45.115] src/components/artifacts/ArtifactHeader.tsx(147,16): error TS1381: Unexpected token. Did you mean `{'}'}` or `&rbrace;`?
[19:12:45.115] src/components/artifacts/ArtifactHeader.tsx(148,160): error TS1127: Invalid character.
[19:12:45.115] src/components/artifacts/ArtifactHeader.tsx(149,16): error TS1381: Unexpected token. Did you mean `{'}'}` or `&rbrace;`?
[19:12:45.115] src/components/artifacts/ArtifactHeader.tsx(158,39): error TS1127: Invalid character.
[19:12:45.115] src/components/artifacts/ArtifactHeader.tsx(161,14): error TS1381: Unexpected token. Did you mean `{'}'}` or `&rbrace;`?
[19:12:45.115] src/components/artifacts/ArtifactHeader.tsx(162,36): error TS1127: Invalid character.
[19:12:45.115] src/components/artifacts/ArtifactHeader.tsx(170,47): error TS1127: Invalid character.
[19:12:45.115] src/components/artifacts/ArtifactHeader.tsx(172,48): error TS1127: Invalid character.
[19:12:45.115] src/components/artifacts/ArtifactHeader.tsx(175,23): error TS1381: Unexpected token. Did you mean `{'}'}` or `&rbrace;`?
[19:12:45.115] src/components/artifacts/ArtifactHeader.tsx(177,18): error TS1381: Unexpected token. Did you mean `{'}'}` or `&rbrace;`?
[19:12:45.115] src/components/artifacts/ArtifactHeader.tsx(179,14): error TS1381: Unexpected token. Did you mean `{'}'}` or `&rbrace;`?
[19:12:45.115] src/components/artifacts/ArtifactHeader.tsx(183,24): error TS1127: Invalid character.
[19:12:45.115] src/components/artifacts/ArtifactHeader.tsx(186,12): error TS1381: Unexpected token. Did you mean `{'}'}` or `&rbrace;`?
[19:12:45.115] src/components/artifacts/ArtifactHeader.tsx(188,7): error TS1128: Declaration or statement expected.
[19:12:45.115] src/components/artifacts/ArtifactHeader.tsx(191,12): error TS1005: ';' expected.
[19:12:45.115] src/components/artifacts/ArtifactHeader.tsx(196,34): error TS1127: Invalid character.
[19:12:45.115] src/components/artifacts/ArtifactHeader.tsx(196,35): error TS1434: Unexpected keyword or identifier.
[19:12:45.115] src/components/artifacts/ArtifactHeader.tsx(196,56): error TS1005: ';' expected.
[19:12:45.115] src/components/artifacts/ArtifactHeader.tsx(197,10): error TS1127: Invalid character.
[19:12:45.115] src/components/artifacts/ArtifactHeader.tsx(197,27): error TS1005: ';' expected.
[19:12:45.116] src/components/artifacts/ArtifactHeader.tsx(197,51): error TS1005: ';' expected.
[19:12:45.116] src/components/artifacts/ArtifactHeader.tsx(197,63): error TS1005: ';' expected.
[19:12:45.116] src/components/artifacts/ArtifactHeader.tsx(197,85): error TS1005: ';' expected.
[19:12:45.116] src/components/artifacts/ArtifactHeader.tsx(197,105): error TS1127: Invalid character.
[19:12:45.116] src/components/artifacts/ArtifactHeader.tsx(197,125): error TS1005: ';' expected.
[19:12:45.116] src/components/artifacts/ArtifactHeader.tsx(197,147): error TS1005: ';' expected.
[19:12:45.116] src/components/artifacts/ArtifactHeader.tsx(197,170): error TS1005: ';' expected.
[19:12:45.116] src/components/artifacts/ArtifactHeader.tsx(197,184): error TS1005: ':' expected.
[19:12:45.116] src/components/artifacts/ArtifactHeader.tsx(197,186): error TS1005: ';' expected.
[19:12:45.116] src/components/artifacts/ArtifactHeader.tsx(197,249): error TS1109: Expression expected.
[19:12:45.116] src/components/artifacts/ArtifactHeader.tsx(198,11): error TS1109: Expression expected.
[19:12:45.116] src/components/artifacts/ArtifactHeader.tsx(199,9): error TS1109: Expression expected.
[19:12:45.116] src/components/artifacts/ArtifactHeader.tsx(206,28): error TS1127: Invalid character.
[19:12:45.116] src/components/artifacts/ArtifactHeader.tsx(217,29): error TS1127: Invalid character.
[19:12:45.116] src/components/artifacts/ArtifactHeader.tsx(224,51): error TS1127: Invalid character.
[19:12:45.116] src/components/artifacts/ArtifactHeader.tsx(224,68): error TS1005: ';' expected.
[19:12:45.116] src/components/artifacts/ArtifactHeader.tsx(225,13): error TS2657: JSX expressions must have one parent element.
[19:12:45.116] src/components/artifacts/ArtifactHeader.tsx(229,29): error TS1127: Invalid character.
[19:12:45.116] src/components/artifacts/ArtifactHeader.tsx(253,11): error TS1128: Declaration or statement expected.
[19:12:45.116] src/components/artifacts/ArtifactHeader.tsx(254,9): error TS1109: Expression expected.
[19:12:45.117] src/components/artifacts/ArtifactHeader.tsx(261,26): error TS1127: Invalid character.
[19:12:45.117] src/components/artifacts/ArtifactHeader.tsx(275,30): error TS1127: Invalid character.
[19:12:45.117] src/components/artifacts/ArtifactHeader.tsx(279,14): error TS1381: Unexpected token. Did you mean `{'}'}` or `&rbrace;`?
[19:12:45.117] src/components/artifacts/ArtifactHeader.tsx(284,46): error TS1127: Invalid character.
[19:12:45.117] src/components/artifacts/ArtifactHeader.tsx(284,63): error TS1005: ';' expected.
[19:12:45.117] src/components/artifacts/ArtifactHeader.tsx(285,13): error TS2657: JSX expressions must have one parent element.
[19:12:45.117] src/components/artifacts/ArtifactHeader.tsx(289,35): error TS1127: Invalid character.
[19:12:45.117] src/components/artifacts/ArtifactHeader.tsx(341,11): error TS1128: Declaration or statement expected.
[19:12:45.117] src/components/artifacts/ArtifactHeader.tsx(342,9): error TS1109: Expression expected.
[19:12:45.117] src/components/artifacts/ArtifactHeader.tsx(343,7): error TS1128: Declaration or statement expected.
[19:12:45.117] src/components/artifacts/ArtifactHeader.tsx(344,5): error TS1109: Expression expected.
[19:12:45.117] src/components/artifacts/ArtifactHeader.tsx(345,3): error TS1109: Expression expected.
[19:12:45.117] src/components/artifacts/ArtifactHeader.tsx(346,1): error TS1128: Declaration or statement expected.
[19:12:45.117] src/components/artifacts/ArtifactPanel.tsx(35,14): error TS1127: Invalid character.
[19:12:45.117] src/components/artifacts/ArtifactPanel.tsx(35,18): error TS1005: ',' expected.
[19:12:45.117] src/components/artifacts/ArtifactPanel.tsx(154,14): error TS1127: Invalid character.
[19:12:45.117] src/components/artifacts/ArtifactPanel.tsx(181,24): error TS1127: Invalid character.
[19:12:45.117] src/components/artifacts/ArtifactPanel.tsx(182,11): error TS1382: Unexpected token. Did you mean `{'>'}` or `&gt;`?
[19:12:45.117] src/components/artifacts/ArtifactPanel.tsx(183,13): error TS17002: Expected corresponding JSX closing tag for 'button'.
[19:12:45.117] src/components/artifacts/ArtifactPanel.tsx(184,9): error TS1005: ')' expected.
[19:12:45.118] src/components/artifacts/ArtifactPanel.tsx(184,11): error TS17002: Expected corresponding JSX closing tag for 'div'.
[19:12:45.118] src/components/artifacts/ArtifactPanel.tsx(188,24): error TS1127: Invalid character.
[19:12:45.118] src/components/artifacts/ArtifactPanel.tsx(188,39): error TS1005: ';' expected.
[19:12:45.118] src/components/artifacts/ArtifactPanel.tsx(196,20): error TS1127: Invalid character.
[19:12:45.118] src/components/artifacts/ArtifactPanel.tsx(196,37): error TS1005: ';' expected.
[19:12:45.118] src/components/artifacts/ArtifactPanel.tsx(197,23): error TS1005: ',' expected.
[19:12:45.118] src/components/artifacts/ArtifactPanel.tsx(197,32): error TS1005: ';' expected.
[19:12:45.118] src/components/artifacts/ArtifactPanel.tsx(198,11): error TS1128: Declaration or statement expected.
[19:12:45.118] src/components/artifacts/ArtifactPanel.tsx(199,9): error TS1109: Expression expected.
[19:12:45.118] src/components/artifacts/ArtifactPanel.tsx(200,7): error TS1109: Expression expected.
[19:12:45.118] src/components/artifacts/ArtifactPanel.tsx(217,31): error TS1127: Invalid character.
[19:12:45.118] src/components/artifacts/ArtifactPanel.tsx(230,12): error TS1381: Unexpected token. Did you mean `{'}'}` or `&rbrace;`?
[19:12:45.118] src/components/artifacts/ArtifactPanel.tsx(245,5): error TS1128: Declaration or statement expected.
[19:12:45.118] src/components/artifacts/ArtifactPanel.tsx(246,3): error TS1109: Expression expected.
[19:12:45.118] src/components/artifacts/ArtifactPanel.tsx(247,1): error TS1128: Declaration or statement expected.
[19:12:45.118] src/components/artifacts/ArtifactTabs.tsx(27,15): error TS1127: Invalid character.
[19:12:45.118] src/components/artifacts/ArtifactTabs.tsx(27,30): error TS1005: ';' expected.
[19:12:45.118] src/components/artifacts/ArtifactTabs.tsx(27,50): error TS1005: ';' expected.
[19:12:45.118] src/components/artifacts/ArtifactTabs.tsx(27,62): error TS1005: ';' expected.
[19:12:45.118] src/components/artifacts/ArtifactTabs.tsx(27,84): error TS1005: ';' expected.
[19:12:45.118] src/components/artifacts/ArtifactTabs.tsx(29,9): error TS1129: Statement expected.
[19:12:45.119] src/components/artifacts/ArtifactTabs.tsx(30,7): error TS1109: Expression expected.
[19:12:45.119] src/components/artifacts/ArtifactTabs.tsx(31,5): error TS1128: Declaration or statement expected.
[19:12:45.119] src/components/artifacts/ArtifactTabs.tsx(31,16): error TS1005: ';' expected.
[19:12:45.120] src/components/artifacts/ArtifactTabs.tsx(32,15): error TS1127: Invalid character.
[19:12:45.120] src/components/artifacts/ArtifactTabs.tsx(32,30): error TS1005: ';' expected.
[19:12:45.120] src/components/artifacts/ArtifactTabs.tsx(32,50): error TS1005: ';' expected.
[19:12:45.120] src/components/artifacts/ArtifactTabs.tsx(32,62): error TS1005: ';' expected.
[19:12:45.120] src/components/artifacts/ArtifactTabs.tsx(32,84): error TS1005: ';' expected.
[19:12:45.120] src/components/artifacts/ArtifactTabs.tsx(34,9): error TS1128: Declaration or statement expected.
[19:12:45.120] src/components/artifacts/ArtifactTabs.tsx(35,7): error TS1109: Expression expected.
[19:12:45.120] src/components/artifacts/ArtifactTabs.tsx(36,5): error TS1128: Declaration or statement expected.
[19:12:45.120] src/components/artifacts/ArtifactTabs.tsx(36,17): error TS1005: ';' expected.
[19:12:45.120] src/components/artifacts/ArtifactTabs.tsx(37,15): error TS1127: Invalid character.
[19:12:45.120] src/components/artifacts/ArtifactTabs.tsx(37,30): error TS1005: ';' expected.
[19:12:45.120] src/components/artifacts/ArtifactTabs.tsx(37,50): error TS1005: ';' expected.
[19:12:45.120] src/components/artifacts/ArtifactTabs.tsx(37,62): error TS1005: ';' expected.
[19:12:45.120] src/components/artifacts/ArtifactTabs.tsx(37,84): error TS1005: ';' expected.
[19:12:45.120] src/components/artifacts/ArtifactTabs.tsx(39,9): error TS1128: Declaration or statement expected.
[19:12:45.120] src/components/artifacts/ArtifactTabs.tsx(40,7): error TS1109: Expression expected.
[19:12:45.121] src/components/artifacts/ArtifactTabs.tsx(41,5): error TS1128: Declaration or statement expected.
[19:12:45.121] src/components/artifacts/ArtifactTabs.tsx(41,17): error TS1005: ';' expected.
[19:12:45.121] src/components/artifacts/ArtifactTabs.tsx(42,15): error TS1127: Invalid character.
[19:12:45.121] src/components/artifacts/ArtifactTabs.tsx(42,30): error TS1005: ';' expected.
[19:12:45.121] src/components/artifacts/ArtifactTabs.tsx(42,50): error TS1005: ';' expected.
[19:12:45.121] src/components/artifacts/ArtifactTabs.tsx(42,62): error TS1005: ';' expected.
[19:12:45.121] src/components/artifacts/ArtifactTabs.tsx(42,84): error TS1005: ';' expected.
[19:12:45.121] src/components/artifacts/ArtifactTabs.tsx(44,9): error TS1128: Declaration or statement expected.
[19:12:45.121] src/components/artifacts/ArtifactTabs.tsx(45,7): error TS1109: Expression expected.
[19:12:45.121] src/components/artifacts/ArtifactTabs.tsx(46,5): error TS1128: Declaration or statement expected.
[19:12:45.121] src/components/artifacts/ArtifactTabs.tsx(46,17): error TS1005: ';' expected.
[19:12:45.121] src/components/artifacts/ArtifactTabs.tsx(47,15): error TS1127: Invalid character.
[19:12:45.121] src/components/artifacts/ArtifactTabs.tsx(47,30): error TS1005: ';' expected.
[19:12:45.121] src/components/artifacts/ArtifactTabs.tsx(47,50): error TS1005: ';' expected.
[19:12:45.121] src/components/artifacts/ArtifactTabs.tsx(47,62): error TS1005: ';' expected.
[19:12:45.121] src/components/artifacts/ArtifactTabs.tsx(47,84): error TS1005: ';' expected.
[19:12:45.121] src/components/artifacts/ArtifactTabs.tsx(49,9): error TS1128: Declaration or statement expected.
[19:12:45.122] src/components/artifacts/ArtifactTabs.tsx(50,7): error TS1109: Expression expected.
[19:12:45.122] src/components/artifacts/ArtifactTabs.tsx(51,5): error TS1128: Declaration or statement expected.
[19:12:45.122] src/components/artifacts/ArtifactTabs.tsx(51,15): error TS1005: ';' expected.
[19:12:45.122] src/components/artifacts/ArtifactTabs.tsx(52,15): error TS1127: Invalid character.
[19:12:45.122] src/components/artifacts/ArtifactTabs.tsx(52,30): error TS1005: ';' expected.
[19:12:45.122] src/components/artifacts/ArtifactTabs.tsx(52,50): error TS1005: ';' expected.
[19:12:45.122] src/components/artifacts/ArtifactTabs.tsx(52,62): error TS1005: ';' expected.
[19:12:45.122] src/components/artifacts/ArtifactTabs.tsx(52,84): error TS1005: ';' expected.
[19:12:45.122] src/components/artifacts/ArtifactTabs.tsx(54,9): error TS1128: Declaration or statement expected.
[19:12:45.122] src/components/artifacts/ArtifactTabs.tsx(55,7): error TS1109: Expression expected.
[19:12:45.122] src/components/artifacts/ArtifactTabs.tsx(56,5): error TS1128: Declaration or statement expected.
[19:12:45.122] src/components/artifacts/ArtifactTabs.tsx(56,15): error TS1005: ';' expected.
[19:12:45.122] src/components/artifacts/ArtifactTabs.tsx(57,15): error TS1127: Invalid character.
[19:12:45.122] src/components/artifacts/ArtifactTabs.tsx(57,30): error TS1005: ';' expected.
[19:12:45.122] src/components/artifacts/ArtifactTabs.tsx(57,50): error TS1005: ';' expected.
[19:12:45.122] src/components/artifacts/ArtifactTabs.tsx(57,62): error TS1005: ';' expected.
[19:12:45.122] src/components/artifacts/ArtifactTabs.tsx(57,84): error TS1005: ';' expected.
[19:12:45.122] src/components/artifacts/ArtifactTabs.tsx(59,9): error TS1128: Declaration or statement expected.
[19:12:45.122] src/components/artifacts/ArtifactTabs.tsx(60,7): error TS1109: Expression expected.
[19:12:45.123] src/components/artifacts/ArtifactTabs.tsx(61,5): error TS1005: 'export' expected.
[19:12:45.123] src/components/artifacts/ArtifactTabs.tsx(61,12): error TS1128: Declaration or statement expected.
[19:12:45.123] src/components/artifacts/ArtifactTabs.tsx(62,15): error TS1127: Invalid character.
[19:12:45.123] src/components/artifacts/ArtifactTabs.tsx(62,30): error TS1005: ';' expected.
[19:12:45.123] src/components/artifacts/ArtifactTabs.tsx(62,50): error TS1005: ';' expected.
[19:12:45.123] src/components/artifacts/ArtifactTabs.tsx(62,62): error TS1005: ';' expected.
[19:12:45.123] src/components/artifacts/ArtifactTabs.tsx(62,84): error TS1005: ';' expected.
[19:12:45.123] src/components/artifacts/ArtifactTabs.tsx(64,9): error TS1128: Declaration or statement expected.
[19:12:45.123] src/components/artifacts/ArtifactTabs.tsx(65,7): error TS1109: Expression expected.
[19:12:45.123] src/components/artifacts/ArtifactTabs.tsx(66,3): error TS1128: Declaration or statement expected.
[19:12:45.123] src/components/artifacts/ArtifactTabs.tsx(67,1): error TS1128: Declaration or statement expected.
[19:12:45.123] src/components/artifacts/ArtifactTabs.tsx(193,61): error TS1127: Invalid character.
[19:12:45.123] src/components/artifacts/ArtifactTabs.tsx(197,65): error TS1127: Invalid character.
[19:12:45.123] src/components/artifacts/ArtifactTabs.tsx(199,11): error TS1127: Invalid character.
[19:12:45.123] src/components/artifacts/ArtifactTabs.tsx(199,22): error TS1005: ';' expected.
[19:12:45.123] src/components/artifacts/ArtifactTabs.tsx(199,46): error TS1005: ';' expected.
[19:12:45.123] src/components/artifacts/ArtifactTabs.tsx(236,59): error TS1127: Invalid character.
[19:12:45.123] src/components/artifacts/ArtifactTabs.tsx(239,21): error TS1005: '}' expected.
[19:12:45.123] src/components/artifacts/ArtifactTabs.tsx(242,11): error TS1381: Unexpected token. Did you mean `{'}'}` or `&rbrace;`?
[19:12:45.124] src/components/artifacts/ArtifactTabs.tsx(277,151): error TS1127: Invalid character.
[19:12:45.124] src/components/artifacts/ArtifactTabs.tsx(279,17): error TS1382: Unexpected token. Did you mean `{'>'}` or `&gt;`?
[19:12:45.124] src/components/artifacts/ArtifactTabs.tsx(283,16): error TS1381: Unexpected token. Did you mean `{'}'}` or `&rbrace;`?
[19:12:45.124] src/components/artifacts/ArtifactTabs.tsx(284,15): error TS17002: Expected corresponding JSX closing tag for 'div'.
[19:12:45.124] src/components/artifacts/ArtifactTabs.tsx(285,11): error TS1128: Declaration or statement expected.
[19:12:45.135] src/components/artifacts/ArtifactTabs.tsx(286,9): error TS1128: Declaration or statement expected.
[19:12:45.135] src/components/artifacts/ArtifactTabs.tsx(286,10): error TS1128: Declaration or statement expected.
[19:12:45.135] src/components/artifacts/ArtifactTabs.tsx(286,11): error TS1128: Declaration or statement expected.
[19:12:45.135] src/components/artifacts/ArtifactTabs.tsx(287,7): error TS1128: Declaration or statement expected.
[19:12:45.135] src/components/artifacts/ArtifactTabs.tsx(301,5): error TS1128: Declaration or statement expected.
[19:12:45.135] src/components/artifacts/ArtifactTabs.tsx(302,3): error TS1109: Expression expected.
[19:12:45.136] src/components/artifacts/ArtifactTabs.tsx(303,1): error TS1128: Declaration or statement expected.
[19:12:45.136] src/components/artifacts/ArtifactViewer.tsx(88,14): error TS1127: Invalid character.
[19:12:45.136] src/components/artifacts/ArtifactViewer.tsx(88,18): error TS1005: ',' expected.
[19:12:45.136] src/components/artifacts/ArtifactViewer.tsx(148,17): error TS1127: Invalid character.
[19:12:45.136] src/components/artifacts/ArtifactViewer.tsx(148,34): error TS1005: ';' expected.
[19:12:45.136] src/components/artifacts/ArtifactViewer.tsx(156,11): error TS1129: Statement expected.
[19:12:45.136] src/components/artifacts/ArtifactViewer.tsx(157,9): error TS1109: Expression expected.
[19:12:45.136] src/components/artifacts/ArtifactViewer.tsx(158,5): error TS1128: Declaration or statement expected.
[19:12:45.136] src/components/artifacts/ArtifactViewer.tsx(159,3): error TS1128: Declaration or statement expected.
[19:12:45.136] src/components/artifacts/ArtifactViewer.tsx(159,4): error TS1128: Declaration or statement expected.
[19:12:45.136] src/components/artifacts/ArtifactViewer.tsx(159,36): error TS1005: ';' expected.
[19:12:45.136] src/components/artifacts/ArtifactViewer.tsx(167,16): error TS1127: Invalid character.
[19:12:45.136] src/components/artifacts/ArtifactViewer.tsx(173,56): error TS1127: Invalid character.
[19:12:45.136] src/components/artifacts/ArtifactViewer.tsx(221,24): error TS1127: Invalid character.
[19:12:45.136] src/components/artifacts/ArtifactViewer.tsx(224,12): error TS1381: Unexpected token. Did you mean `{'}'}` or `&rbrace;`?
[19:12:45.136] src/components/artifacts/ArtifactViewer.tsx(231,1): error TS1128: Declaration or statement expected.
[19:12:45.136] src/components/artifacts/renderers/AudioRenderer.tsx(20,13): error TS1127: Invalid character.
[19:12:45.136] src/components/artifacts/renderers/AudioRenderer.tsx(20,17): error TS1005: ',' expected.
[19:12:45.136] src/components/artifacts/renderers/AudioRenderer.tsx(90,35): error TS1127: Invalid character.
[19:12:45.137] src/components/artifacts/renderers/AudioRenderer.tsx(91,10): error TS1381: Unexpected token. Did you mean `{'}'}` or `&rbrace;`?
[19:12:45.137] src/components/artifacts/renderers/AudioRenderer.tsx(93,22): error TS1127: Invalid character.
[19:12:45.137] src/components/artifacts/renderers/AudioRenderer.tsx(96,10): error TS1381: Unexpected token. Did you mean `{'}'}` or `&rbrace;`?
[19:12:45.137] src/components/artifacts/renderers/AudioRenderer.tsx(100,44): error TS1127: Invalid character.
[19:12:45.137] src/components/artifacts/renderers/AudioRenderer.tsx(122,8): error TS1381: Unexpected token. Did you mean `{'}'}` or `&rbrace;`?
[19:12:45.137] src/components/artifacts/renderers/AudioRenderer.tsx(139,71): error TS1127: Invalid character.
[19:12:45.137] src/components/artifacts/renderers/AudioRenderer.tsx(140,16): error TS1382: Unexpected token. Did you mean `{'>'}` or `&gt;`?
[19:12:45.137] src/components/artifacts/renderers/AudioRenderer.tsx(164,27): error TS1127: Invalid character.
[19:12:45.137] src/components/artifacts/renderers/AudioRenderer.tsx(170,14): error TS1381: Unexpected token. Did you mean `{'}'}` or `&rbrace;`?
[19:12:45.137] src/components/artifacts/renderers/AudioRenderer.tsx(192,19): error TS1127: Invalid character.
[19:12:45.137] src/components/artifacts/renderers/AudioRenderer.tsx(202,14): error TS1382: Unexpected token. Did you mean `{'>'}` or `&gt;`?
[19:12:45.137] src/components/artifacts/renderers/AudioRenderer.tsx(225,22): error TS1127: Invalid character.
[19:12:45.137] src/components/artifacts/renderers/AudioRenderer.tsx(233,8): error TS1381: Unexpected token. Did you mean `{'}'}` or `&rbrace;`?
[19:12:45.137] src/components/artifacts/renderers/ChartRenderer.tsx(25,24): error TS1127: Invalid character.
[19:12:45.138] src/components/artifacts/renderers/ChartRenderer.tsx(25,28): error TS1005: ',' expected.
[19:12:45.138] src/components/artifacts/renderers/ChartRenderer.tsx(129,14): error TS1127: Invalid character.
[19:12:45.138] src/components/artifacts/renderers/ChartRenderer.tsx(148,20): error TS1127: Invalid character.
[19:12:45.138] src/components/artifacts/renderers/ChartRenderer.tsx(153,8): error TS1381: Unexpected token. Did you mean `{'}'}` or `&rbrace;`?
[19:12:45.138] src/components/artifacts/renderers/ChartRenderer.tsx(165,40): error TS1127: Invalid character.
[19:12:45.138] src/components/artifacts/renderers/ChartRenderer.tsx(168,8): error TS1381: Unexpected token. Did you mean `{'}'}` or `&rbrace;`?
[19:12:45.138] src/components/artifacts/renderers/ChartRenderer.tsx(171,43): error TS1127: Invalid character.
[19:12:45.138] src/components/artifacts/renderers/ChartRenderer.tsx(175,8): error TS1381: Unexpected token. Did you mean `{'}'}` or `&rbrace;`?
[19:12:45.138] src/components/artifacts/renderers/CodeRenderer.tsx(24,24): error TS1127: Invalid character.
[19:12:45.138] src/components/artifacts/renderers/CodeRenderer.tsx(24,28): error TS1005: ',' expected.
[19:12:45.138] src/components/artifacts/renderers/CodeRenderer.tsx(102,26): error TS1127: Invalid character.
[19:12:45.138] src/components/artifacts/renderers/CodeRenderer.tsx(102,36): error TS1005: ',' expected.
[19:12:45.138] src/components/artifacts/renderers/CodeRenderer.tsx(123,24): error TS1127: Invalid character.
[19:12:45.138] src/components/artifacts/renderers/CodeRenderer.tsx(123,32): error TS1005: ',' expected.
[19:12:45.138] src/components/artifacts/renderers/CodeRenderer.tsx(123,45): error TS1127: Invalid character.
[19:12:45.138] src/components/artifacts/renderers/CodeRenderer.tsx(123,53): error TS1005: ',' expected.
[19:12:45.138] src/components/artifacts/renderers/CodeRenderer.tsx(123,63): error TS1127: Invalid character.
[19:12:45.139] src/components/artifacts/renderers/CodeRenderer.tsx(123,71): error TS1005: ',' expected.
[19:12:45.139] src/components/artifacts/renderers/CodeRenderer.tsx(123,81): error TS1127: Invalid character.
[19:12:45.139] src/components/artifacts/renderers/CodeRenderer.tsx(123,89): error TS1005: ',' expected.
[19:12:45.139] src/components/artifacts/renderers/CodeRenderer.tsx(123,97): error TS1127: Invalid character.
[19:12:45.139] src/components/artifacts/renderers/CodeRenderer.tsx(123,105): error TS1005: ',' expected.
[19:12:45.139] src/components/artifacts/renderers/CodeRenderer.tsx(123,116): error TS1127: Invalid character.
[19:12:45.139] src/components/artifacts/renderers/CodeRenderer.tsx(123,124): error TS1005: ',' expected.
[19:12:45.139] src/components/artifacts/renderers/CodeRenderer.tsx(123,133): error TS1127: Invalid character.
[19:12:45.139] src/components/artifacts/renderers/CodeRenderer.tsx(123,141): error TS1005: ',' expected.
[19:12:45.139] src/components/artifacts/renderers/CodeRenderer.tsx(123,151): error TS1127: Invalid character.
[19:12:45.139] src/components/artifacts/renderers/CodeRenderer.tsx(123,159): error TS1005: ',' expected.
[19:12:45.139] src/components/artifacts/renderers/CodeRenderer.tsx(123,170): error TS1127: Invalid character.
[19:12:45.139] src/components/artifacts/renderers/CodeRenderer.tsx(123,178): error TS1005: ',' expected.
[19:12:45.139] src/components/artifacts/renderers/CodeRenderer.tsx(123,190): error TS1127: Invalid character.
[19:12:45.139] src/components/artifacts/renderers/CodeRenderer.tsx(123,198): error TS1005: ',' expected.
[19:12:45.139] src/components/artifacts/renderers/CodeRenderer.tsx(123,211): error TS1127: Invalid character.
[19:12:45.139] src/components/artifacts/renderers/CodeRenderer.tsx(123,219): error TS1005: ',' expected.
[19:12:45.139] src/components/artifacts/renderers/CodeRenderer.tsx(123,231): error TS1127: Invalid character.
[19:12:45.139] src/components/artifacts/renderers/CodeRenderer.tsx(123,239): error TS1005: ',' expected.
[19:12:45.139] src/components/artifacts/renderers/CodeRenderer.tsx(123,250): error TS1127: Invalid character.
[19:12:45.139] src/components/artifacts/renderers/CodeRenderer.tsx(123,258): error TS1005: ',' expected.
[19:12:45.139] src/components/artifacts/renderers/CodeRenderer.tsx(123,268): error TS1127: Invalid character.
[19:12:45.139] src/components/artifacts/renderers/CodeRenderer.tsx(123,276): error TS1005: ',' expected.
[19:12:45.139] src/components/artifacts/renderers/CodeRenderer.tsx(123,287): error TS1127: Invalid character.
[19:12:45.139] src/components/artifacts/renderers/CodeRenderer.tsx(123,295): error TS1005: ',' expected.
[19:12:45.139] src/components/artifacts/renderers/CodeRenderer.tsx(123,305): error TS1127: Invalid character.
[19:12:45.139] src/components/artifacts/renderers/CodeRenderer.tsx(123,313): error TS1005: ',' expected.
[19:12:45.139] src/components/artifacts/renderers/CodeRenderer.tsx(123,324): error TS1127: Invalid character.
[19:12:45.139] src/components/artifacts/renderers/CodeRenderer.tsx(123,332): error TS1005: ',' expected.
[19:12:45.139] src/components/artifacts/renderers/CodeRenderer.tsx(123,347): error TS1127: Invalid character.
[19:12:45.139] src/components/artifacts/renderers/CodeRenderer.tsx(123,355): error TS1005: ',' expected.
[19:12:45.139] src/components/artifacts/renderers/CodeRenderer.tsx(123,366): error TS1127: Invalid character.
[19:12:45.139] src/components/artifacts/renderers/CodeRenderer.tsx(123,374): error TS1005: ',' expected.
[19:12:45.139] src/components/artifacts/renderers/CodeRenderer.tsx(123,385): error TS1127: Invalid character.
[19:12:45.140] src/components/artifacts/renderers/CodeRenderer.tsx(123,393): error TS1005: ',' expected.
[19:12:45.140] src/components/artifacts/renderers/CodeRenderer.tsx(123,410): error TS1127: Invalid character.
[19:12:45.140] src/components/artifacts/renderers/CodeRenderer.tsx(123,418): error TS1005: ',' expected.
[19:12:45.140] src/components/artifacts/renderers/CodeRenderer.tsx(145,31): error TS1002: Unterminated string literal.
[19:12:45.140] src/components/artifacts/renderers/CodeRenderer.tsx(146,1): error TS1005: ',' expected.
[19:12:45.140] src/components/artifacts/renderers/CodeRenderer.tsx(146,4): error TS1002: Unterminated string literal.
[19:12:45.140] src/components/artifacts/renderers/CodeRenderer.tsx(147,5): error TS1005: ',' expected.
[19:12:45.140] src/components/artifacts/renderers/CodeRenderer.tsx(167,14): error TS1127: Invalid character.
[19:12:45.140] src/components/artifacts/renderers/CodeRenderer.tsx(217,24): error TS1127: Invalid character.
[19:12:45.140] src/components/artifacts/renderers/CodeRenderer.tsx(223,14): error TS1381: Unexpected token. Did you mean `{'}'}` or `&rbrace;`?
[19:12:45.140] src/components/artifacts/renderers/CodeRenderer.tsx(229,26): error TS1127: Invalid character.
[19:12:45.140] src/components/artifacts/renderers/CodeRenderer.tsx(231,19): error TS1127: Invalid character.
[19:12:45.140] src/components/artifacts/renderers/CodeRenderer.tsx(236,14): error TS1382: Unexpected token. Did you mean `{'>'}` or `&gt;`?
[19:12:45.140] src/components/artifacts/renderers/CodeRenderer.tsx(249,8): error TS1381: Unexpected token. Did you mean `{'}'}` or `&rbrace;`?
[19:12:45.140] src/components/artifacts/renderers/CodeRenderer.tsx(254,37): error TS1127: Invalid character.
[19:12:45.140] src/components/artifacts/renderers/CodeRenderer.tsx(257,10): error TS1381: Unexpected token. Did you mean `{'}'}` or `&rbrace;`?
[19:12:45.141] src/components/artifacts/renderers/HTMLRenderer.tsx(20,13): error TS1127: Invalid character.
[19:12:45.141] src/components/artifacts/renderers/HTMLRenderer.tsx(20,17): error TS1005: ',' expected.
[19:12:45.141] src/components/artifacts/renderers/HTMLRenderer.tsx(63,14): error TS1127: Invalid character.
[19:12:45.141] src/components/artifacts/renderers/HTMLRenderer.tsx(100,36): error TS1127: Invalid character.
[19:12:45.141] src/components/artifacts/renderers/HTMLRenderer.tsx(101,26): error TS1127: Invalid character.
[19:12:45.141] src/components/artifacts/renderers/HTMLRenderer.tsx(106,14): error TS1381: Unexpected token. Did you mean `{'}'}` or `&rbrace;`?
[19:12:45.141] src/components/artifacts/renderers/HTMLRenderer.tsx(117,10): error TS1381: Unexpected token. Did you mean `{'}'}` or `&rbrace;`?
[19:12:45.141] src/components/artifacts/renderers/ImageRenderer.tsx(24,24): error TS1127: Invalid character.
[19:12:45.141] src/components/artifacts/renderers/ImageRenderer.tsx(24,28): error TS1005: ',' expected.
[19:12:45.141] src/components/artifacts/renderers/ImageRenderer.tsx(207,32): error TS1127: Invalid character.
[19:12:45.141] src/components/artifacts/renderers/ImageRenderer.tsx(239,12): error TS1381: Unexpected token. Did you mean `{'}'}` or `&rbrace;`?
[19:12:45.141] src/components/artifacts/renderers/ImageRenderer.tsx(242,41): error TS1127: Invalid character.
[19:12:45.141] src/components/artifacts/renderers/ImageRenderer.tsx(261,12): error TS1381: Unexpected token. Did you mean `{'}'}` or `&rbrace;`?
[19:12:45.141] src/components/artifacts/renderers/ImageRenderer.tsx(305,24): error TS1127: Invalid character.
[19:12:45.142] src/components/artifacts/renderers/ImageRenderer.tsx(310,12): error TS1381: Unexpected token. Did you mean `{'}'}` or `&rbrace;`?
[19:12:45.142] src/components/artifacts/renderers/ImageRenderer.tsx(335,49): error TS1127: Invalid character.
[19:12:45.142] src/components/artifacts/renderers/ImageRenderer.tsx(336,16): error TS1381: Unexpected token. Did you mean `{'}'}` or `&rbrace;`?
[19:12:45.142] src/components/artifacts/renderers/ImageRenderer.tsx(337,39): error TS1127: Invalid character.
[19:12:45.142] src/components/artifacts/renderers/ImageRenderer.tsx(340,16): error TS1381: Unexpected token. Did you mean `{'}'}` or `&rbrace;`?
[19:12:45.142] src/components/artifacts/renderers/ImageRenderer.tsx(346,50): error TS1127: Invalid character.
[19:12:45.142] src/components/artifacts/renderers/ImageRenderer.tsx(375,42): error TS1127: Invalid character.
[19:12:45.142] src/components/artifacts/renderers/ImageRenderer.tsx(378,27): error TS1127: Invalid character.
[19:12:45.142] src/components/artifacts/renderers/ImageRenderer.tsx(382,22): error TS1382: Unexpected token. Did you mean `{'>'}` or `&gt;`?
[19:12:45.142] src/components/artifacts/renderers/ImageRenderer.tsx(386,27): error TS1127: Invalid character.
[19:12:45.142] src/components/artifacts/renderers/ImageRenderer.tsx(390,22): error TS1382: Unexpected token. Did you mean `{'>'}` or `&gt;`?
[19:12:45.142] src/components/artifacts/renderers/ImageRenderer.tsx(394,27): error TS1127: Invalid character.
[19:12:45.142] src/components/artifacts/renderers/ImageRenderer.tsx(398,22): error TS1382: Unexpected token. Did you mean `{'>'}` or `&gt;`?
[19:12:45.142] src/components/artifacts/renderers/ImageRenderer.tsx(402,27): error TS1127: Invalid character.
[19:12:45.142] src/components/artifacts/renderers/ImageRenderer.tsx(406,22): error TS1382: Unexpected token. Did you mean `{'>'}` or `&gt;`?
[19:12:45.143] src/components/artifacts/renderers/ImageRenderer.tsx(410,14): error TS1381: Unexpected token. Did you mean `{'}'}` or `&rbrace;`?
[19:12:45.143] src/components/artifacts/renderers/ImageRenderer.tsx(412,10): error TS1381: Unexpected token. Did you mean `{'}'}` or `&rbrace;`?
[19:12:45.143] src/components/artifacts/renderers/JSONRenderer.tsx(31,13): error TS1127: Invalid character.
[19:12:45.143] src/components/artifacts/renderers/JSONRenderer.tsx(31,17): error TS1005: ',' expected.
[19:12:45.143] src/components/artifacts/renderers/JSONRenderer.tsx(59,1): error TS1127: Invalid character.
[19:12:45.143] src/components/artifacts/renderers/JSONRenderer.tsx(59,2): error TS1434: Unexpected keyword or identifier.
[19:12:45.143] src/components/artifacts/renderers/JSONRenderer.tsx(106,3): error TS1128: Declaration or statement expected.
[19:12:45.143] src/components/artifacts/renderers/JSONRenderer.tsx(106,4): error TS1128: Declaration or statement expected.
[19:12:45.143] src/components/artifacts/renderers/JSONRenderer.tsx(106,31): error TS1005: ';' expected.
[19:12:45.143] src/components/artifacts/renderers/JSONRenderer.tsx(270,21): error TS1127: Invalid character.
[19:12:45.143] src/components/artifacts/renderers/JSONRenderer.tsx(274,16): error TS1382: Unexpected token. Did you mean `{'>'}` or `&gt;`?
[19:12:45.143] src/components/artifacts/renderers/JSONRenderer.tsx(313,33): error TS1127: Invalid character.
[19:12:45.143] src/components/artifacts/renderers/JSONRenderer.tsx(314,43): error TS1127: Invalid character.
[19:12:45.143] src/components/artifacts/renderers/JSONRenderer.tsx(319,23): error TS1127: Invalid character.
[19:12:45.144] src/components/artifacts/renderers/JSONRenderer.tsx(325,19): error TS1382: Unexpected token. Did you mean `{'>'}` or `&gt;`?
[19:12:45.144] src/components/artifacts/renderers/JSONRenderer.tsx(334,48): error TS1127: Invalid character.
[19:12:45.144] src/components/artifacts/renderers/JSONRenderer.tsx(335,25): error TS1382: Unexpected token. Did you mean `{'>'}` or `&gt;`?
[19:12:45.144] src/components/artifacts/renderers/JSONRenderer.tsx(336,27): error TS17002: Expected corresponding JSX closing tag for 'div'.
[19:12:45.144] src/components/artifacts/renderers/JSONRenderer.tsx(337,24): error TS1381: Unexpected token. Did you mean `{'}'}` or `&rbrace;`?
[19:12:45.144] src/components/artifacts/renderers/JSONRenderer.tsx(341,35): error TS1127: Invalid character.
[19:12:45.144] src/components/artifacts/renderers/JSONRenderer.tsx(344,22): error TS1381: Unexpected token. Did you mean `{'}'}` or `&rbrace;`?
[19:12:45.144] src/components/artifacts/renderers/JSONRenderer.tsx(369,19): error TS1381: Unexpected token. Did you mean `{'}'}` or `&rbrace;`?
[19:12:45.144] src/components/artifacts/renderers/JSONRenderer.tsx(371,14): error TS1381: Unexpected token. Did you mean `{'}'}` or `&rbrace;`?
[19:12:45.144] src/components/artifacts/renderers/JSONRenderer.tsx(373,11): error TS1005: ';' expected.
[19:12:45.144] src/components/artifacts/renderers/JSONRenderer.tsx(373,14): error TS1127: Invalid character.
[19:12:45.144] src/components/artifacts/renderers/JSONRenderer.tsx(373,31): error TS1005: ';' expected.
[19:12:45.144] src/components/artifacts/renderers/JSONRenderer.tsx(374,18): error TS1005: ',' expected.
[19:12:45.144] src/components/artifacts/renderers/JSONRenderer.tsx(375,11): error TS1128: Declaration or statement expected.
[19:12:45.144] src/components/artifacts/renderers/JSONRenderer.tsx(376,9): error TS1109: Expression expected.
[19:12:45.144] src/components/artifacts/renderers/JSONRenderer.tsx(376,10): error TS1128: Declaration or statement expected.
[19:12:45.144] src/components/artifacts/renderers/JSONRenderer.tsx(377,7): error TS1128: Declaration or statement expected.
[19:12:45.144] src/components/artifacts/renderers/JSONRenderer.tsx(380,12): error TS1005: ';' expected.
[19:12:45.144] src/components/artifacts/renderers/JSONRenderer.tsx(393,27): error TS1127: Invalid character.
[19:12:45.144] src/components/artifacts/renderers/JSONRenderer.tsx(393,45): error TS1005: ';' expected.
[19:12:45.144] src/components/artifacts/renderers/JSONRenderer.tsx(394,17): error TS1005: ';' expected.
[19:12:45.144] src/components/artifacts/renderers/JSONRenderer.tsx(395,11): error TS1128: Declaration or statement expected.
[19:12:45.144] src/components/artifacts/renderers/JSONRenderer.tsx(396,9): error TS1109: Expression expected.
[19:12:45.145] src/components/artifacts/renderers/JSONRenderer.tsx(397,7): error TS1128: Declaration or statement expected.
[19:12:45.145] src/components/artifacts/renderers/JSONRenderer.tsx(398,5): error TS1109: Expression expected.
[19:12:45.145] src/components/artifacts/renderers/JSONRenderer.tsx(399,3): error TS1109: Expression expected.
[19:12:45.145] src/components/artifacts/renderers/JSONRenderer.tsx(400,1): error TS1128: Declaration or statement expected.
[19:12:45.145] src/components/artifacts/renderers/MapRenderer.tsx(22,14): error TS1127: Invalid character.
[19:12:45.146] src/components/artifacts/renderers/MapRenderer.tsx(22,18): error TS1005: ',' expected.
[19:12:45.146] src/components/artifacts/renderers/MapRenderer.tsx(95,14): error TS1127: Invalid character.
[19:12:45.146] src/components/artifacts/renderers/MapRenderer.tsx(149,22): error TS1127: Invalid character.
[19:12:45.146] src/components/artifacts/renderers/MapRenderer.tsx(154,10): error TS1381: Unexpected token. Did you mean `{'}'}` or `&rbrace;`?
[19:12:45.146] src/components/artifacts/renderers/MapRenderer.tsx(166,69): error TS1127: Invalid character.
[19:12:45.146] src/components/artifacts/renderers/MapRenderer.tsx(167,11): error TS1381: Unexpected token. Did you mean `{'}'}` or `&rbrace;`?
[19:12:45.146] src/components/artifacts/renderers/MapRenderer.tsx(167,12): error TS1381: Unexpected token. Did you mean `{'}'}` or `&rbrace;`?
[19:12:45.146] src/components/artifacts/renderers/MapRenderer.tsx(168,9): error TS1382: Unexpected token. Did you mean `{'>'}` or `&gt;`?
[19:12:45.146] src/components/artifacts/renderers/MapRenderer.tsx(179,37): error TS1127: Invalid character.
[19:12:45.146] src/components/artifacts/renderers/MapRenderer.tsx(197,12): error TS1381: Unexpected token. Did you mean `{'}'}` or `&rbrace;`?
[19:12:45.146] src/components/artifacts/renderers/MapRenderer.tsx(224,91): error TS1127: Invalid character.
[19:12:45.146] src/components/artifacts/renderers/MapRenderer.tsx(225,39): error TS1127: Invalid character.
[19:12:45.146] src/components/artifacts/renderers/MapRenderer.tsx(226,22): error TS1381: Unexpected token. Did you mean `{'}'}` or `&rbrace;`?
[19:12:45.146] src/components/artifacts/renderers/MapRenderer.tsx(227,45): error TS1127: Invalid character.
[19:12:45.146] src/components/artifacts/renderers/MapRenderer.tsx(228,22): error TS1381: Unexpected token. Did you mean `{'}'}` or `&rbrace;`?
[19:12:45.146] src/components/artifacts/renderers/MapRenderer.tsx(232,18): error TS1381: Unexpected token. Did you mean `{'}'}` or `&rbrace;`?
[19:12:45.146] src/components/artifacts/renderers/MapRenderer.tsx(238,38): error TS1127: Invalid character.
[19:12:45.146] src/components/artifacts/renderers/MapRenderer.tsx(243,12): error TS1381: Unexpected token. Did you mean `{'}'}` or `&rbrace;`?
[19:12:45.146] src/components/artifacts/renderers/MapRenderer.tsx(247,46): error TS1127: Invalid character.
[19:12:45.146] src/components/artifacts/renderers/MapRenderer.tsx(249,46): error TS1127: Invalid character.
[19:12:45.146] src/components/artifacts/renderers/MapRenderer.tsx(250,25): error TS1127: Invalid character.
[19:12:45.146] src/components/artifacts/renderers/MapRenderer.tsx(256,20): error TS1382: Unexpected token. Did you mean `{'>'}` or `&gt;`?
[19:12:45.146] src/components/artifacts/renderers/MapRenderer.tsx(259,17): error TS1381: Unexpected token. Did you mean `{'}'}` or `&rbrace;`?
[19:12:45.146] src/components/artifacts/renderers/MapRenderer.tsx(262,10): error TS1381: Unexpected token. Did you mean `{'}'}` or `&rbrace;`?
[19:12:45.147] src/components/artifacts/renderers/MapRenderer.tsx(265,7): error TS1005: ')' expected.
[19:12:45.147] src/components/artifacts/renderers/MapRenderer.tsx(278,5): error TS1128: Declaration or statement expected.
[19:12:45.147] src/components/artifacts/renderers/MapRenderer.tsx(279,3): error TS1109: Expression expected.
[19:12:45.147] src/components/artifacts/renderers/MapRenderer.tsx(280,1): error TS1128: Declaration or statement expected.
[19:12:45.147] src/components/artifacts/renderers/MarkdownRenderer.tsx(22,13): error TS1127: Invalid character.
[19:12:45.147] src/components/artifacts/renderers/MarkdownRenderer.tsx(22,17): error TS1005: ',' expected.
[19:12:45.147] src/components/artifacts/renderers/MarkdownRenderer.tsx(40,3): error TS1127: Invalid character.
[19:12:45.147] src/components/artifacts/renderers/MarkdownRenderer.tsx(40,5): error TS1127: Invalid character.
[19:12:45.147] src/components/artifacts/renderers/MarkdownRenderer.tsx(40,9): error TS1109: Expression expected.
[19:12:45.147] src/components/artifacts/renderers/MarkdownRenderer.tsx(40,10): error TS1109: Expression expected.
[19:12:45.147] src/components/artifacts/renderers/MarkdownRenderer.tsx(41,20): error TS1109: Expression expected.
[19:12:45.147] src/components/artifacts/renderers/MarkdownRenderer.tsx(41,47): error TS1005: ',' expected.
[19:12:45.147] src/components/artifacts/renderers/MarkdownRenderer.tsx(74,25): error TS1127: Invalid character.
[19:12:45.147] src/components/artifacts/renderers/MarkdownRenderer.tsx(74,35): error TS1005: ',' expected.
[19:12:45.147] src/components/artifacts/renderers/MarkdownRenderer.tsx(92,14): error TS1127: Invalid character.
[19:12:45.147] src/components/artifacts/renderers/MarkdownRenderer.tsx(102,47): error TS1127: Invalid character.
[19:12:45.147] src/components/artifacts/renderers/MarkdownRenderer.tsx(107,43): error TS1127: Invalid character.
[19:12:45.147] src/components/artifacts/renderers/MarkdownRenderer.tsx(133,8): error TS1381: Unexpected token. Did you mean `{'}'}` or `&rbrace;`?
[19:12:45.147] src/components/artifacts/renderers/ModelRenderer.tsx(20,13): error TS1127: Invalid character.
[19:12:45.147] src/components/artifacts/renderers/ModelRenderer.tsx(20,17): error TS1005: ',' expected.
[19:12:45.147] src/components/artifacts/renderers/ModelRenderer.tsx(202,14): error TS1127: Invalid character.
[19:12:45.147] src/components/artifacts/renderers/ModelRenderer.tsx(260,22): error TS1127: Invalid character.
[19:12:45.147] src/components/artifacts/renderers/ModelRenderer.tsx(265,10): error TS1381: Unexpected token. Did you mean `{'}'}` or `&rbrace;`?
[19:12:45.147] src/components/artifacts/renderers/ModelRenderer.tsx(274,14): error TS1127: Invalid character.
[19:12:45.147] src/components/artifacts/renderers/ModelRenderer.tsx(282,10): error TS1381: Unexpected token. Did you mean `{'}'}` or `&rbrace;`?
[19:12:45.147] src/components/artifacts/renderers/ModelRenderer.tsx(285,66): error TS1127: Invalid character.
[19:12:45.147] src/components/artifacts/renderers/ModelRenderer.tsx(292,10): error TS1381: Unexpected token. Did you mean `{'}'}` or `&rbrace;`?
[19:12:45.147] src/components/artifacts/renderers/ModelRenderer.tsx(299,44): error TS1127: Invalid character.
[19:12:45.147] src/components/artifacts/renderers/ModelRenderer.tsx(302,14): error TS1381: Unexpected token. Did you mean `{'}'}` or `&rbrace;`?
[19:12:45.147] src/components/artifacts/renderers/PDFRenderer.tsx(20,13): error TS1127: Invalid character.
[19:12:45.147] src/components/artifacts/renderers/PDFRenderer.tsx(20,17): error TS1005: ',' expected.
[19:12:45.147] src/components/artifacts/renderers/PDFRenderer.tsx(37,14): error TS1127: Invalid character.
[19:12:45.147] src/components/artifacts/renderers/PDFRenderer.tsx(105,22): error TS1127: Invalid character.
[19:12:45.147] src/components/artifacts/renderers/PDFRenderer.tsx(110,10): error TS1381: Unexpected token. Did you mean `{'}'}` or `&rbrace;`?
[19:12:45.147] src/components/artifacts/renderers/PDFRenderer.tsx(112,20): error TS1127: Invalid character.
[19:12:45.147] src/components/artifacts/renderers/PDFRenderer.tsx(132,10): error TS1381: Unexpected token. Did you mean `{'}'}` or `&rbrace;`?
[19:12:45.148] src/components/artifacts/renderers/TableRenderer.tsx(32,24): error TS1127: Invalid character.
[19:12:45.148] src/components/artifacts/renderers/TableRenderer.tsx(32,28): error TS1005: ',' expected.
[19:12:45.148] src/components/artifacts/renderers/TableRenderer.tsx(178,61): error TS1127: Invalid character.
[19:12:45.148] src/components/artifacts/renderers/TableRenderer.tsx(197,42): error TS1127: Invalid character.
[19:12:45.148] src/components/artifacts/renderers/TableRenderer.tsx(199,21): error TS1127: Invalid character.
[19:12:45.148] src/components/artifacts/renderers/TableRenderer.tsx(203,16): error TS1382: Unexpected token. Did you mean `{'>'}` or `&gt;`?
[19:12:45.148] src/components/artifacts/renderers/TableRenderer.tsx(208,10): error TS1381: Unexpected token. Did you mean `{'}'}` or `&rbrace;`?
[19:12:45.148] src/components/artifacts/renderers/TableRenderer.tsx(211,36): error TS1127: Invalid character.
[19:12:45.148] src/components/artifacts/renderers/TableRenderer.tsx(222,10): error TS1381: Unexpected token. Did you mean `{'}'}` or `&rbrace;`?
[19:12:45.148] src/components/artifacts/renderers/TableRenderer.tsx(230,45): error TS1127: Invalid character.
[19:12:45.148] src/components/artifacts/renderers/TableRenderer.tsx(232,27): error TS1127: Invalid character.
[19:12:45.148] src/components/artifacts/renderers/TableRenderer.tsx(236,22): error TS1382: Unexpected token. Did you mean `{'>'}` or `&gt;`?
[19:12:45.148] src/components/artifacts/renderers/TableRenderer.tsx(237,20): error TS1381: Unexpected token. Did you mean `{'}'}` or `&rbrace;`?
[19:12:45.148] src/components/artifacts/renderers/TableRenderer.tsx(239,16): error TS1381: Unexpected token. Did you mean `{'}'}` or `&rbrace;`?
[19:12:45.148] src/components/artifacts/renderers/TableRenderer.tsx(253,76): error TS1127: Invalid character.
[19:12:45.148] src/components/artifacts/renderers/TableRenderer.tsx(254,60): error TS1127: Invalid character.
[19:12:45.148] src/components/artifacts/renderers/TableRenderer.tsx(256,26): error TS1381: Unexpected token. Did you mean `{'}'}` or `&rbrace;`?
[19:12:45.149] src/components/artifacts/renderers/TableRenderer.tsx(258,22): error TS1381: Unexpected token. Did you mean `{'}'}` or `&rbrace;`?
[19:12:45.149] src/components/artifacts/renderers/TableRenderer.tsx(262,70): error TS1127: Invalid character.
[19:12:45.149] src/components/artifacts/renderers/TableRenderer.tsx(263,29): error TS1127: Invalid character.
[19:12:45.149] src/components/artifacts/renderers/TableRenderer.tsx(266,24): error TS1382: Unexpected token. Did you mean `{'>'}` or `&gt;`?
[19:12:45.149] src/components/artifacts/renderers/TableRenderer.tsx(268,20): error TS1381: Unexpected token. Did you mean `{'}'}` or `&rbrace;`?
[19:12:45.149] src/components/artifacts/renderers/TableRenderer.tsx(286,27): error TS1127: Invalid character.
[19:12:45.149] src/components/artifacts/renderers/TableRenderer.tsx(290,22): error TS1382: Unexpected token. Did you mean `{'>'}` or `&gt;`?
[19:12:45.149] src/components/artifacts/renderers/TableRenderer.tsx(326,56): error TS1127: Invalid character.
[19:12:45.149] src/components/artifacts/renderers/TableRenderer.tsx(382,8): error TS1381: Unexpected token. Did you mean `{'}'}` or `&rbrace;`?
[19:12:45.149] src/components/artifacts/renderers/VideoRenderer.tsx(20,13): error TS1127: Invalid character.
[19:12:45.149] src/components/artifacts/renderers/VideoRenderer.tsx(20,17): error TS1005: ',' expected.
[19:12:45.149] src/components/artifacts/renderers/VideoRenderer.tsx(75,22): error TS1127: Invalid character.
[19:12:45.149] src/components/artifacts/renderers/VideoRenderer.tsx(80,10): error TS1381: Unexpected token. Did you mean `{'}'}` or `&rbrace;`?
[19:12:45.149] src/components/artifacts/renderers/VideoRenderer.tsx(94,14): error TS1127: Invalid character.
[19:12:45.150] src/components/artifacts/renderers/VideoRenderer.tsx(101,10): error TS1381: Unexpected token. Did you mean `{'}'}` or `&rbrace;`?
[19:12:45.150] src/components/artifacts/renderers/VideoRenderer.tsx(105,21): error TS1127: Invalid character.
[19:12:45.150] src/components/artifacts/renderers/VideoRenderer.tsx(115,71): error TS1127: Invalid character.
[19:12:45.150] src/components/artifacts/renderers/VideoRenderer.tsx(116,16): error TS1382: Unexpected token. Did you mean `{'>'}` or `&gt;`?
[19:12:45.150] src/components/artifacts/renderers/VideoRenderer.tsx(128,31): error TS1127: Invalid character.
[19:12:45.150] src/components/artifacts/renderers/VideoRenderer.tsx(134,18): error TS1381: Unexpected token. Did you mean `{'}'}` or `&rbrace;`?
[19:12:45.150] src/components/artifacts/renderers/VideoRenderer.tsx(143,23): error TS1127: Invalid character.
[19:12:45.150] src/components/artifacts/renderers/VideoRenderer.tsx(153,18): error TS1382: Unexpected token. Did you mean `{'>'}` or `&gt;`?
[19:12:45.150] src/components/artifacts/renderers/VideoRenderer.tsx(166,8): error TS1381: Unexpected token. Did you mean `{'}'}` or `&rbrace;`?
[19:12:45.150] src/components/auth/AuthProvider.tsx(13,9): error TS1005: ',' expected.
[19:12:45.150] src/components/auth/AuthProvider.tsx(13,16): error TS1005: ':' expected.
[19:12:45.150] src/components/auth/AuthProvider.tsx(13,32): error TS1005: ',' expected.
[19:12:45.150] src/components/auth/AuthProvider.tsx(19,1): error TS1135: Argument expression expected.
[19:12:45.150] src/components/auth/AuthProvider.tsx(19,2): error TS1128: Declaration or statement expected.
[19:12:45.150] src/components/auth/SessionManager.tsx(72,16): error TS1005: ';' expected.
[19:12:45.151] src/components/auth/SessionManager.tsx(73,25): error TS1005: ';' expected.
[19:12:45.151] src/components/auth/SessionManager.tsx(74,9): error TS1109: Expression expected.
[19:12:45.151] src/components/auth/SessionManager.tsx(74,10): error TS1128: Declaration or statement expected.
[19:12:45.151] src/components/auth/SessionManager.tsx(76,7): error TS1109: Expression expected.
[19:12:45.151] src/components/auth/SessionManager.tsx(76,8): error TS1472: 'catch' or 'finally' expected.
[19:12:45.151] src/components/auth/SessionManager.tsx(87,7): error TS1005: ',' expected.
[19:12:45.151] src/components/auth/SessionManager.tsx(106,36): error TS1127: Invalid character.
[19:12:45.151] src/components/auth/SessionManager.tsx(109,15): error TS1127: Invalid character.
[19:12:45.151] src/components/auth/SessionManager.tsx(111,11): error TS1382: Unexpected token. Did you mean `{'>'}` or `&gt;`?
[19:12:45.151] src/components/auth/SessionManager.tsx(112,18): error TS1127: Invalid character.
[19:12:45.151] src/components/auth/SessionManager.tsx(115,14): error TS1382: Unexpected token. Did you mean `{'>'}` or `&gt;`?
[19:12:45.151] src/components/auth/SessionManager.tsx(116,13): error TS17002: Expected corresponding JSX closing tag for 'div'.
[19:12:45.151] src/components/auth/SessionManager.tsx(139,30): error TS1127: Invalid character.
[19:12:45.152] src/components/auth/SessionManager.tsx(140,11): error TS1382: Unexpected token. Did you mean `{'>'}` or `&gt;`?
[19:12:45.152] src/components/auth/SessionManager.tsx(142,13): error TS17002: Expected corresponding JSX closing tag for 'div'.
[19:12:45.152] src/components/auth/SessionManager.tsx(143,11): error TS17002: Expected corresponding JSX closing tag for 'Modal'.
[19:12:45.152] src/components/auth/SessionManager.tsx(144,1): error TS1127: Invalid character.
[19:12:45.152] src/components/auth/SessionManager.tsx(144,1): error TS1005: ')' expected.
[19:12:45.152] src/components/auth/SessionManager.tsx(144,14): error TS1005: ';' expected.
[19:12:45.152] src/components/auth/SessionManager.tsx(145,14): error TS1005: ';' expected.
[19:12:45.152] src/components/auth/SessionManager.tsx(145,71): error TS1002: Unterminated string literal.
[19:12:45.152] src/components/auth/SessionManager.tsx(146,9): error TS1128: Declaration or statement expected.
[19:12:45.152] src/components/auth/SessionManager.tsx(147,7): error TS1109: Expression expected.
[19:12:45.152] src/components/auth/SessionManager.tsx(148,5): error TS1109: Expression expected.
[19:12:45.152] src/components/auth/SessionManager.tsx(149,3): error TS1109: Expression expected.
[19:12:45.152] src/components/auth/SessionManager.tsx(150,1): error TS1128: Declaration or statement expected.
[19:12:45.152] src/components/auth/SessionManager.tsx(150,3): error TS1002: Unterminated string literal.
[19:12:45.153] src/components/auth/index.ts(14,73): error TS1002: Unterminated string literal.
[19:12:45.153] src/components/billing/BillingDashboard.tsx(55,35): error TS1005: ';' expected.
[19:12:45.153] src/components/billing/BillingDashboard.tsx(56,8): error TS1472: 'catch' or 'finally' expected.
[19:12:45.153] src/components/billing/BillingDashboard.tsx(73,7): error TS1005: ',' expected.
[19:12:45.153] src/components/billing/BillingDashboard.tsx(170,11): error TS1127: Invalid character.
[19:12:45.153] src/components/billing/BillingDashboard.tsx(170,22): error TS1005: ';' expected.
[19:12:45.153] src/components/billing/BillingDashboard.tsx(172,12): error TS1005: ';' expected.
[19:12:45.153] src/components/billing/BillingDashboard.tsx(175,15): error TS1127: Invalid character.
[19:12:45.153] src/components/billing/BillingDashboard.tsx(175,30): error TS1005: ';' expected.
[19:12:45.153] src/components/billing/BillingDashboard.tsx(176,18): error TS1127: Invalid character.
[19:12:45.153] src/components/billing/BillingDashboard.tsx(187,9): error TS1128: Declaration or statement expected.
[19:12:45.153] src/components/billing/BillingDashboard.tsx(188,7): error TS1109: Expression expected.
[19:12:45.153] src/components/billing/BillingDashboard.tsx(191,50): error TS1127: Invalid character.
[19:12:45.153] src/components/billing/BillingDashboard.tsx(191,65): error TS1005: ';' expected.
[19:12:45.154] src/components/billing/BillingDashboard.tsx(199,9): error TS1128: Declaration or statement expected.
[19:12:45.154] src/components/billing/BillingDashboard.tsx(200,7): error TS1109: Expression expected.
[19:12:45.154] src/components/billing/BillingDashboard.tsx(202,22): error TS1127: Invalid character.
[19:12:45.154] src/components/billing/BillingDashboard.tsx(202,37): error TS1005: ';' expected.
[19:12:45.154] src/components/billing/BillingDashboard.tsx(210,9): error TS1128: Declaration or statement expected.
[19:12:45.154] src/components/billing/BillingDashboard.tsx(211,7): error TS1109: Expression expected.
[19:12:45.154] src/components/billing/BillingDashboard.tsx(213,38): error TS1127: Invalid character.
[19:12:45.154] src/components/billing/BillingDashboard.tsx(213,53): error TS1005: ';' expected.
[19:12:45.154] src/components/billing/BillingDashboard.tsx(225,9): error TS1128: Declaration or statement expected.
[19:12:45.154] src/components/billing/BillingDashboard.tsx(226,7): error TS1109: Expression expected.
[19:12:45.154] src/components/billing/BillingDashboard.tsx(255,37): error TS1127: Invalid character.
[19:12:45.154] src/components/billing/BillingDashboard.tsx(255,52): error TS1005: ';' expected.
[19:12:45.154] src/components/billing/BillingDashboard.tsx(257,17): error TS1005: ';' expected.
[19:12:45.154] src/components/billing/BillingDashboard.tsx(265,26): error TS1127: Invalid character.
[19:12:45.154] src/components/billing/BillingDashboard.tsx(265,53): error TS1005: ';' expected.
[19:12:45.154] src/components/billing/BillingDashboard.tsx(267,17): error TS1003: Identifier expected.
[19:12:45.154] src/components/billing/BillingDashboard.tsx(267,18): error TS1138: Parameter declaration expected.
[19:12:45.155] src/components/billing/BillingDashboard.tsx(267,19): error TS1127: Invalid character.
[19:12:45.155] src/components/billing/BillingDashboard.tsx(267,44): error TS1005: ';' expected.
[19:12:45.155] src/components/billing/BillingDashboard.tsx(272,27): error TS1127: Invalid character.
[19:12:45.155] src/components/billing/BillingDashboard.tsx(272,54): error TS1005: ';' expected.
[19:12:45.155] src/components/billing/BillingDashboard.tsx(275,29): error TS1127: Invalid character.
[19:12:45.155] src/components/billing/BillingDashboard.tsx(275,58): error TS1005: ';' expected.
[19:12:45.155] src/components/billing/BillingDashboard.tsx(276,25): error TS1161: Unterminated regular expression literal.
[19:12:45.155] src/components/billing/BillingDashboard.tsx(277,23): error TS1128: Declaration or statement expected.
[19:12:45.155] src/components/billing/BillingDashboard.tsx(278,21): error TS1109: Expression expected.
[19:12:45.155] src/components/billing/BillingDashboard.tsx(279,19): error TS1109: Expression expected.
[19:12:45.155] src/components/billing/BillingDashboard.tsx(280,1): error TS1127: Invalid character.
[19:12:45.156] src/components/billing/BillingDashboard.tsx(280,26): error TS1005: ';' expected.
[19:12:45.156] src/components/billing/BillingDashboard.tsx(289,19): error TS1128: Declaration or statement expected.
[19:12:45.156] src/components/billing/BillingDashboard.tsx(290,1): error TS1127: Invalid character.
[19:12:45.156] src/components/billing/BillingDashboard.tsx(290,26): error TS1005: ';' expected.
[19:12:45.156] src/components/billing/BillingDashboard.tsx(291,22): error TS1136: Property assignment expected.
[19:12:45.156] src/components/billing/BillingDashboard.tsx(291,23): error TS1005: ';' expected.
[19:12:45.157] src/components/billing/BillingDashboard.tsx(291,53): error TS1127: Invalid character.
[19:12:45.157] src/components/billing/BillingDashboard.tsx(291,85): error TS1005: ';' expected.
[19:12:45.157] src/components/billing/BillingDashboard.tsx(291,103): error TS1005: ';' expected.
[19:12:45.157] src/components/billing/BillingDashboard.tsx(292,32): error TS1005: ';' expected.
[19:12:45.157] src/components/billing/BillingDashboard.tsx(293,23): error TS1128: Declaration or statement expected.
[19:12:45.157] src/components/billing/BillingDashboard.tsx(294,21): error TS1109: Expression expected.
[19:12:45.157] src/components/billing/BillingDashboard.tsx(298,19): error TS1128: Declaration or statement expected.
[19:12:45.157] src/components/billing/BillingDashboard.tsx(299,17): error TS1109: Expression expected.
[19:12:45.158] src/components/billing/BillingDashboard.tsx(299,19): error TS1109: Expression expected.
[19:12:45.158] src/components/billing/BillingDashboard.tsx(300,15): error TS1109: Expression expected.
[19:12:45.158] src/components/billing/BillingDashboard.tsx(300,17): error TS1128: Declaration or statement expected.
[19:12:45.158] src/components/billing/BillingDashboard.tsx(300,20): error TS1127: Invalid character.
[19:12:45.158] src/components/billing/BillingDashboard.tsx(300,43): error TS1005: ';' expected.
[19:12:45.158] src/components/billing/BillingDashboard.tsx(301,19): error TS2657: JSX expressions must have one parent element.
[19:12:45.158] src/components/billing/BillingDashboard.tsx(305,17): error TS1128: Declaration or statement expected.
[19:12:45.159] src/components/billing/BillingDashboard.tsx(306,15): error TS1109: Expression expected.
[19:12:45.159] src/components/billing/BillingDashboard.tsx(306,16): error TS1128: Declaration or statement expected.
[19:12:45.159] src/components/billing/BillingDashboard.tsx(307,13): error TS1128: Declaration or statement expected.
[19:12:45.159] src/components/billing/BillingDashboard.tsx(308,11): error TS1109: Expression expected.
[19:12:45.159] src/components/billing/BillingDashboard.tsx(318,91): error TS1127: Invalid character.
[19:12:45.159] src/components/billing/BillingDashboard.tsx(327,48): error TS1127: Invalid character.
[19:12:45.159] src/components/billing/BillingDashboard.tsx(330,24): error TS1381: Unexpected token. Did you mean `{'}'}` or `&rbrace;`?
[19:12:45.159] src/components/billing/BillingDashboard.tsx(332,21): error TS1381: Unexpected token. Did you mean `{'}'}` or `&rbrace;`?
[19:12:45.159] src/components/billing/BillingDashboard.tsx(334,53): error TS1127: Invalid character.
[19:12:45.159] src/components/billing/BillingDashboard.tsx(341,20): error TS1381: Unexpected token. Did you mean `{'}'}` or `&rbrace;`?
[19:12:45.159] src/components/billing/BillingDashboard.tsx(343,26): error TS1127: Invalid character.
[19:12:45.159] src/components/billing/BillingDashboard.tsx(346,19): error TS1382: Unexpected token. Did you mean `{'>'}` or `&gt;`?
[19:12:45.159] src/components/billing/BillingDashboard.tsx(348,21): error TS17002: Expected corresponding JSX closing tag for 'div'.
[19:12:45.160] src/components/billing/BillingDashboard.tsx(349,19): error TS17002: Expected corresponding JSX closing tag for 'CardContent'.
[19:12:45.160] src/components/billing/BillingDashboard.tsx(350,17): error TS17002: Expected corresponding JSX closing tag for 'Card'.
[19:12:45.160] src/components/billing/BillingDashboard.tsx(351,13): error TS1005: ')' expected.
[19:12:45.160] src/components/billing/BillingDashboard.tsx(352,11): error TS1109: Expression expected.
[19:12:45.160] src/components/billing/BillingDashboard.tsx(353,9): error TS1128: Declaration or statement expected.
[19:12:45.160] src/components/billing/BillingDashboard.tsx(354,7): error TS1109: Expression expected.
[19:12:45.160] src/components/billing/BillingDashboard.tsx(354,8): error TS1128: Declaration or statement expected.
[19:12:45.160] src/components/billing/BillingDashboard.tsx(367,5): error TS1128: Declaration or statement expected.
[19:12:45.160] src/components/billing/BillingDashboard.tsx(368,3): error TS1109: Expression expected.
[19:12:45.160] src/components/billing/BillingDashboard.tsx(369,1): error TS1128: Declaration or statement expected.
[19:12:45.160] src/components/billing/InvoiceHistory.tsx(188,19): error TS1127: Invalid character.
[19:12:45.161] src/components/billing/InvoiceHistory.tsx(192,14): error TS1382: Unexpected token. Did you mean `{'>'}` or `&gt;`?
[19:12:45.161] src/components/billing/InvoiceHistory.tsx(205,18): error TS1127: Invalid character.
[19:12:45.161] src/components/billing/InvoiceHistory.tsx(208,8): error TS1381: Unexpected token. Did you mean `{'}'}` or `&rbrace;`?
[19:12:45.161] src/components/billing/InvoiceHistory.tsx(212,12): error TS17008: JSX element 'Card' has no corresponding closing tag.
[19:12:45.161] src/components/billing/InvoiceHistory.tsx(219,49): error TS1127: Invalid character.
[19:12:45.161] src/components/billing/InvoiceHistory.tsx(245,34): error TS1127: Invalid character.
[19:12:45.161] src/components/billing/InvoiceHistory.tsx(247,27): error TS1382: Unexpected token. Did you mean `{'>'}` or `&gt;`?
[19:12:45.161] src/components/billing/InvoiceHistory.tsx(248,29): error TS17002: Expected corresponding JSX closing tag for 'div'.
[19:12:45.162] src/components/billing/InvoiceHistory.tsx(251,36): error TS1127: Invalid character.
[19:12:45.162] src/components/billing/InvoiceHistory.tsx(253,29): error TS1382: Unexpected token. Did you mean `{'>'}` or `&gt;`?
[19:12:45.162] src/components/billing/InvoiceHistory.tsx(254,31): error TS17002: Expected corresponding JSX closing tag for 'div'.
[19:12:45.162] src/components/billing/InvoiceHistory.tsx(255,28): error TS1381: Unexpected token. Did you mean `{'}'}` or `&rbrace;`?
[19:12:45.162] src/components/billing/InvoiceHistory.tsx(258,36): error TS1127: Invalid character.
[19:12:45.162] src/components/billing/InvoiceHistory.tsx(259,29): error TS1382: Unexpected token. Did you mean `{'>'}` or `&gt;`?
[19:12:45.162] src/components/billing/InvoiceHistory.tsx(260,31): error TS17002: Expected corresponding JSX closing tag for 'div'.
[19:12:45.162] src/components/billing/InvoiceHistory.tsx(261,28): error TS1005: ',' expected.
[19:12:45.162] src/components/billing/InvoiceHistory.tsx(263,25): error TS17002: Expected corresponding JSX closing tag for 'CardContent'.
[19:12:45.162] src/components/billing/InvoiceHistory.tsx(270,55): error TS1127: Invalid character.
[19:12:45.163] src/components/billing/InvoiceHistory.tsx(273,28): error TS1381: Unexpected token. Did you mean `{'}'}` or `&rbrace;`?
[19:12:45.163] src/components/billing/InvoiceHistory.tsx(276,46): error TS1127: Invalid character.
[19:12:45.163] src/components/billing/InvoiceHistory.tsx(279,26): error TS1381: Unexpected token. Did you mean `{'}'}` or `&rbrace;`?
[19:12:45.163] src/components/billing/InvoiceHistory.tsx(282,21): error TS1381: Unexpected token. Did you mean `{'}'}` or `&rbrace;`?
[19:12:45.163] src/components/billing/InvoiceHistory.tsx(284,16): error TS1381: Unexpected token. Did you mean `{'}'}` or `&rbrace;`?
[19:12:45.163] src/components/billing/InvoiceHistory.tsx(285,15): error TS17002: Expected corresponding JSX closing tag for 'div'.
[19:12:45.163] src/components/billing/InvoiceHistory.tsx(286,11): error TS1005: ')' expected.
[19:12:45.164] src/components/billing/InvoiceHistory.tsx(287,9): error TS1109: Expression expected.
[19:12:45.164] src/components/billing/InvoiceHistory.tsx(290,14): error TS1127: Invalid character.
[19:12:45.164] src/components/billing/InvoiceHistory.tsx(290,32): error TS1005: ';' expected.
[19:12:45.165] src/components/billing/InvoiceHistory.tsx(291,13): error TS2657: JSX expressions must have one parent element.
[19:12:45.165] src/components/billing/InvoiceHistory.tsx(297,34): error TS1127: Invalid character.
[19:12:45.165] src/components/billing/InvoiceHistory.tsx(319,50): error TS1127: Invalid character.
[19:12:45.166] src/components/billing/InvoiceHistory.tsx(322,22): error TS1381: Unexpected token. Did you mean `{'}'}` or `&rbrace;`?
[19:12:45.166] src/components/billing/InvoiceHistory.tsx(330,52): error TS1127: Invalid character.
[19:12:45.166] src/components/billing/InvoiceHistory.tsx(334,24): error TS1381: Unexpected token. Did you mean `{'}'}` or `&rbrace;`?
[19:12:45.166] src/components/billing/InvoiceHistory.tsx(341,59): error TS1127: Invalid character.
[19:12:45.166] src/components/billing/InvoiceHistory.tsx(345,24): error TS1381: Unexpected token. Did you mean `{'}'}` or `&rbrace;`?
[19:12:45.166] src/components/billing/InvoiceHistory.tsx(350,45): error TS1127: Invalid character.
[19:12:45.166] src/components/billing/InvoiceHistory.tsx(352,51): error TS1127: Invalid character.
[19:12:45.166] src/components/billing/InvoiceHistory.tsx(355,54): error TS1127: Invalid character.
[19:12:45.166] src/components/billing/InvoiceHistory.tsx(357,34): error TS1381: Unexpected token. Did you mean `{'}'}` or `&rbrace;`?
[19:12:45.166] src/components/billing/InvoiceHistory.tsx(367,71): error TS1127: Invalid character.
[19:12:45.166] src/components/billing/InvoiceHistory.tsx(370,30): error TS1381: Unexpected token. Did you mean `{'}'}` or `&rbrace;`?
[19:12:45.166] src/components/billing/InvoiceHistory.tsx(372,27): error TS1381: Unexpected token. Did you mean `{'}'}` or `&rbrace;`?
[19:12:45.166] src/components/billing/InvoiceHistory.tsx(375,20): error TS1381: Unexpected token. Did you mean `{'}'}` or `&rbrace;`?
[19:12:45.166] src/components/billing/InvoiceHistory.tsx(380,30): error TS1127: Invalid character.
[19:12:45.167] src/components/billing/InvoiceHistory.tsx(383,23): error TS1382: Unexpected token. Did you mean `{'>'}` or `&gt;`?
[19:12:45.167] src/components/billing/InvoiceHistory.tsx(385,25): error TS17002: Expected corresponding JSX closing tag for 'div'.
[19:12:45.167] src/components/billing/InvoiceHistory.tsx(386,22): error TS1381: Unexpected token. Did you mean `{'}'}` or `&rbrace;`?
[19:12:45.167] src/components/billing/InvoiceHistory.tsx(389,30): error TS1127: Invalid character.
[19:12:45.167] src/components/billing/InvoiceHistory.tsx(391,23): error TS1382: Unexpected token. Did you mean `{'>'}` or `&gt;`?
[19:12:45.167] src/components/billing/InvoiceHistory.tsx(393,25): error TS17002: Expected corresponding JSX closing tag for 'div'.
[19:12:45.167] src/components/billing/InvoiceHistory.tsx(394,22): error TS1381: Unexpected token. Did you mean `{'}'}` or `&rbrace;`?
[19:12:45.167] src/components/billing/InvoiceHistory.tsx(395,21): error TS17002: Expected corresponding JSX closing tag for 'CardContent'.
[19:12:45.167] src/components/billing/InvoiceHistory.tsx(396,17): error TS1128: Declaration or statement expected.
[19:12:45.167] src/components/billing/InvoiceHistory.tsx(397,15): error TS1109: Expression expected.
[19:12:45.167] src/components/billing/InvoiceHistory.tsx(397,17): error TS1128: Declaration or statement expected.
[19:12:45.167] src/components/billing/InvoiceHistory.tsx(397,20): error TS1127: Invalid character.
[19:12:45.167] src/components/billing/InvoiceHistory.tsx(397,43): error TS1005: ';' expected.
[19:12:45.167] src/components/billing/InvoiceHistory.tsx(398,80): error TS1127: Invalid character.
[19:12:45.168] src/components/billing/InvoiceHistory.tsx(398,103): error TS1005: ';' expected.
[19:12:45.168] src/components/billing/InvoiceHistory.tsx(398,136): error TS1005: ';' expected.
[19:12:45.168] src/components/billing/InvoiceHistory.tsx(398,139): error TS1434: Unexpected keyword or identifier.
[19:12:45.168] src/components/billing/InvoiceHistory.tsx(398,147): error TS1434: Unexpected keyword or identifier.
[19:12:45.168] src/components/billing/InvoiceHistory.tsx(398,150): error TS1434: Unexpected keyword or identifier.
[19:12:45.168] src/components/billing/InvoiceHistory.tsx(398,155): error TS1434: Unexpected keyword or identifier.
[19:12:45.168] src/components/billing/InvoiceHistory.tsx(398,162): error TS1128: Declaration or statement expected.
[19:12:45.168] src/components/billing/InvoiceHistory.tsx(399,17): error TS1109: Expression expected.
[19:12:45.168] src/components/billing/InvoiceHistory.tsx(400,15): error TS1109: Expression expected.
[19:12:45.168] src/components/billing/InvoiceHistory.tsx(400,16): error TS1128: Declaration or statement expected.
[19:12:45.168] src/components/billing/InvoiceHistory.tsx(401,13): error TS1128: Declaration or statement expected.
[19:12:45.169] src/components/billing/InvoiceHistory.tsx(402,11): error TS1109: Expression expected.
[19:12:45.169] src/components/billing/InvoiceHistory.tsx(403,9): error TS1109: Expression expected.
[19:12:45.169] src/components/billing/InvoiceHistory.tsx(404,7): error TS1109: Expression expected.
[19:12:45.169] src/components/billing/InvoiceHistory.tsx(405,5): error TS1109: Expression expected.
[19:12:45.169] src/components/billing/InvoiceHistory.tsx(406,3): error TS1109: Expression expected.
[19:12:45.169] src/components/billing/InvoiceHistory.tsx(407,1): error TS1128: Declaration or statement expected.
[19:12:45.169] src/components/billing/PaymentMethods.tsx(183,11): error TS1127: Invalid character.
[19:12:45.169] src/components/billing/PaymentMethods.tsx(183,22): error TS1005: ';' expected.
[19:12:45.169] src/components/billing/PaymentMethods.tsx(185,12): error TS1005: ';' expected.
[19:12:45.169] src/components/billing/PaymentMethods.tsx(186,9): error TS2657: JSX expressions must have one parent element.
[19:12:45.169] src/components/billing/PaymentMethods.tsx(192,7): error TS1128: Declaration or statement expected.
[19:12:45.169] src/components/billing/PaymentMethods.tsx(194,14): error TS1005: ',' expected.
[19:12:45.169] src/components/billing/PaymentMethods.tsx(194,18): error TS1127: Invalid character.
[19:12:45.169] src/components/billing/PaymentMethods.tsx(194,33): error TS1005: ';' expected.
[19:12:45.170] src/components/billing/PaymentMethods.tsx(195,64): error TS1127: Invalid character.
[19:12:45.170] src/components/billing/PaymentMethods.tsx(195,82): error TS1005: ';' expected.
[19:12:45.170] src/components/billing/PaymentMethods.tsx(195,114): error TS1005: ';' expected.
[19:12:45.170] src/components/billing/PaymentMethods.tsx(196,9): error TS1109: Expression expected.
[19:12:45.170] src/components/billing/PaymentMethods.tsx(197,7): error TS1109: Expression expected.
[19:12:45.170] src/components/billing/PaymentMethods.tsx(197,8): error TS1128: Declaration or statement expected.
[19:12:45.170] src/components/billing/PaymentMethods.tsx(211,12): error TS1127: Invalid character.
[19:12:45.170] src/components/billing/PaymentMethods.tsx(211,27): error TS1005: ';' expected.
[19:12:45.170] src/components/billing/PaymentMethods.tsx(212,26): error TS1005: ',' expected.
[19:12:45.170] src/components/billing/PaymentMethods.tsx(252,60): error TS1127: Invalid character.
[19:12:45.170] src/components/billing/PaymentMethods.tsx(256,36): error TS1127: Invalid character.
[19:12:45.170] src/components/billing/PaymentMethods.tsx(259,24): error TS1381: Unexpected token. Did you mean `{'}'}` or `&rbrace;`?
[19:12:45.171] src/components/billing/PaymentMethods.tsx(260,53): error TS1127: Invalid character.
[19:12:45.171] src/components/billing/PaymentMethods.tsx(263,24): error TS1381: Unexpected token. Did you mean `{'}'}` or `&rbrace;`?
[19:12:45.171] src/components/billing/PaymentMethods.tsx(265,20): error TS1381: Unexpected token. Did you mean `{'}'}` or `&rbrace;`?
[19:12:45.171] src/components/billing/PaymentMethods.tsx(268,32): error TS1127: Invalid character.
[19:12:45.171] src/components/billing/PaymentMethods.tsx(275,20): error TS1381: Unexpected token. Did you mean `{'}'}` or `&rbrace;`?
[19:12:45.171] src/components/billing/PaymentMethods.tsx(277,49): error TS1127: Invalid character.
[19:12:45.171] src/components/billing/PaymentMethods.tsx(284,20): error TS1381: Unexpected token. Did you mean `{'}'}` or `&rbrace;`?
[19:12:45.171] src/components/billing/PaymentMethods.tsx(289,30): error TS1127: Invalid character.
[19:12:45.171] src/components/billing/PaymentMethods.tsx(293,23): error TS1382: Unexpected token. Did you mean `{'>'}` or `&gt;`?
[19:12:45.171] src/components/billing/PaymentMethods.tsx(301,25): error TS17002: Expected corresponding JSX closing tag for 'div'.
[19:12:45.171] src/components/billing/PaymentMethods.tsx(302,22): error TS1381: Unexpected token. Did you mean `{'}'}` or `&rbrace;`?
[19:12:45.171] src/components/billing/PaymentMethods.tsx(304,28): error TS1127: Invalid character.
[19:12:45.171] src/components/billing/PaymentMethods.tsx(308,21): error TS1382: Unexpected token. Did you mean `{'>'}` or `&gt;`?
[19:12:45.171] src/components/billing/PaymentMethods.tsx(316,23): error TS17002: Expected corresponding JSX closing tag for 'CardContent'.
[19:12:45.171] src/components/billing/PaymentMethods.tsx(317,21): error TS17002: Expected corresponding JSX closing tag for 'Card'.
[19:12:45.172] src/components/billing/PaymentMethods.tsx(318,17): error TS1005: ')' expected.
[19:12:45.172] src/components/billing/PaymentMethods.tsx(319,15): error TS1109: Expression expected.
[19:12:45.172] src/components/billing/PaymentMethods.tsx(320,13): error TS1109: Expression expected.
[19:12:45.172] src/components/billing/PaymentMethods.tsx(320,14): error TS1005: ',' expected.
[19:12:45.172] src/components/billing/PaymentMethods.tsx(321,12): error TS1005: ';' expected.
[19:12:45.172] src/components/billing/PaymentMethods.tsx(338,9): error TS1128: Declaration or statement expected.
[19:12:45.172] src/components/billing/PaymentMethods.tsx(339,7): error TS1109: Expression expected.
[19:12:45.172] src/components/billing/PaymentMethods.tsx(339,8): error TS1128: Declaration or statement expected.
[19:12:45.172] src/components/billing/PaymentMethods.tsx(359,5): error TS1128: Declaration or statement expected.
[19:12:45.172] src/components/billing/PaymentMethods.tsx(360,3): error TS1109: Expression expected.
[19:12:45.172] src/components/billing/PaymentMethods.tsx(361,1): error TS1128: Declaration or statement expected.
[19:12:45.172] src/components/billing/PlanSelector.tsx(173,13): error TS1127: Invalid character.
[19:12:45.172] src/components/billing/PlanSelector.tsx(173,26): error TS1005: ';' expected.
[19:12:45.172] src/components/billing/PlanSelector.tsx(175,7): error TS1128: Declaration or statement expected.
[19:12:45.173] src/components/billing/PlanSelector.tsx(176,5): error TS1109: Expression expected.
[19:12:45.173] src/components/billing/PlanSelector.tsx(177,3): error TS1128: Declaration or statement expected.
[19:12:45.173] src/components/billing/PlanSelector.tsx(179,11): error TS1127: Invalid character.
[19:12:45.173] src/components/billing/PlanSelector.tsx(179,22): error TS1005: ';' expected.
[19:12:45.173] src/components/billing/PlanSelector.tsx(181,12): error TS1005: ';' expected.
[19:12:45.173] src/components/billing/PlanSelector.tsx(205,7): error TS1128: Declaration or statement expected.
[19:12:45.173] src/components/billing/PlanSelector.tsx(208,12): error TS1005: ';' expected.
[19:12:45.173] src/components/billing/PlanSelector.tsx(209,15): error TS1005: ',' expected.
[19:12:45.173] src/components/billing/PlanSelector.tsx(216,19): error TS1127: Invalid character.
[19:12:45.173] src/components/billing/PlanSelector.tsx(216,39): error TS1005: ';' expected.
[19:12:45.173] src/components/billing/PlanSelector.tsx(216,48): error TS1005: ',' expected.
[19:12:45.173] src/components/billing/PlanSelector.tsx(216,53): error TS1005: ';' expected.
[19:12:45.173] src/components/billing/PlanSelector.tsx(216,64): error TS1136: Property assignment expected.
[19:12:45.173] src/components/billing/PlanSelector.tsx(216,154): error TS1005: ',' expected.
[19:12:45.173] src/components/billing/PlanSelector.tsx(217,20): error TS1005: ',' expected.
[19:12:45.174] src/components/billing/PlanSelector.tsx(223,26): error TS1005: ',' expected.
[19:12:45.174] src/components/billing/PlanSelector.tsx(226,23): error TS1127: Invalid character.
[19:12:45.174] src/components/billing/PlanSelector.tsx(226,52): error TS1005: ',' expected.
[19:12:45.174] src/components/billing/PlanSelector.tsx(226,77): error TS1005: ',' expected.
[19:12:45.174] src/components/billing/PlanSelector.tsx(226,83): error TS1005: ',' expected.
[19:12:45.175] src/components/billing/PlanSelector.tsx(227,17): error TS2657: JSX expressions must have one parent element.
[19:12:45.175] src/components/billing/PlanSelector.tsx(233,47): error TS1127: Invalid character.
[19:12:45.175] src/components/billing/PlanSelector.tsx(235,87): error TS1127: Invalid character.
[19:12:45.175] src/components/billing/PlanSelector.tsx(238,24): error TS1381: Unexpected token. Did you mean `{'}'}` or `&rbrace;`?
[19:12:45.175] src/components/billing/PlanSelector.tsx(240,20): error TS1381: Unexpected token. Did you mean `{'}'}` or `&rbrace;`?
[19:12:45.175] src/components/billing/PlanSelector.tsx(243,17): error TS1005: ',' expected.
[19:12:45.175] src/components/billing/PlanSelector.tsx(243,22): error TS1005: ',' expected.
[19:12:45.175] src/components/billing/PlanSelector.tsx(243,56): error TS1127: Invalid character.
[19:12:45.175] src/components/billing/PlanSelector.tsx(243,83): error TS1005: ',' expected.
[19:12:45.175] src/components/billing/PlanSelector.tsx(243,101): error TS1005: ',' expected.
[19:12:45.175] src/components/billing/PlanSelector.tsx(244,21): error TS1005: '(' expected.
[19:12:45.175] src/components/billing/PlanSelector.tsx(244,39): error TS1005: ',' expected.
[19:12:45.175] src/components/billing/PlanSelector.tsx(244,44): error TS1005: ',' expected.
[19:12:45.175] src/components/billing/PlanSelector.tsx(244,49): error TS1005: ',' expected.
[19:12:45.175] src/components/billing/PlanSelector.tsx(245,19): error TS1005: ',' expected.
[19:12:45.176] src/components/billing/PlanSelector.tsx(245,26): error TS1005: ',' expected.
[19:12:45.176] src/components/billing/PlanSelector.tsx(246,17): error TS1109: Expression expected.
[19:12:45.176] src/components/billing/PlanSelector.tsx(247,15): error TS1128: Declaration or statement expected.
[19:12:45.176] src/components/billing/PlanSelector.tsx(248,1): error TS1127: Invalid character.
[19:12:45.176] src/components/billing/PlanSelector.tsx(248,30): error TS1005: ';' expected.
[19:12:45.176] src/components/billing/PlanSelector.tsx(250,22): error TS1005: ';' expected.
[19:12:45.176] src/components/billing/PlanSelector.tsx(253,25): error TS1127: Invalid character.
[19:12:45.176] src/components/billing/PlanSelector.tsx(253,50): error TS1005: ';' expected.
[19:12:45.176] src/components/billing/PlanSelector.tsx(254,21): error TS2657: JSX expressions must have one parent element.
[19:12:45.176] src/components/billing/PlanSelector.tsx(256,19): error TS1128: Declaration or statement expected.
[19:12:45.176] src/components/billing/PlanSelector.tsx(256,25): error TS1127: Invalid character.
[19:12:45.176] src/components/billing/PlanSelector.tsx(256,50): error TS1005: ';' expected.
[19:12:45.176] src/components/billing/PlanSelector.tsx(257,21): error TS2657: JSX expressions must have one parent element.
[19:12:45.176] src/components/billing/PlanSelector.tsx(259,19): error TS1128: Declaration or statement expected.
[19:12:45.176] src/components/billing/PlanSelector.tsx(259,25): error TS1127: Invalid character.
[19:12:45.176] src/components/billing/PlanSelector.tsx(259,50): error TS1005: ';' expected.
[19:12:45.177] src/components/billing/PlanSelector.tsx(260,21): error TS2657: JSX expressions must have one parent element.
[19:12:45.177] src/components/billing/PlanSelector.tsx(262,19): error TS1128: Declaration or statement expected.
[19:12:45.177] src/components/billing/PlanSelector.tsx(264,24): error TS1005: ',' expected.
[19:12:45.177] src/components/billing/PlanSelector.tsx(264,51): error TS1127: Invalid character.
[19:12:45.177] src/components/billing/PlanSelector.tsx(264,78): error TS1005: ',' expected.
[19:12:45.177] src/components/billing/PlanSelector.tsx(265,23): error TS1005: '(' expected.
[19:12:45.177] src/components/billing/PlanSelector.tsx(265,30): error TS1005: ';' expected.
[19:12:45.177] src/components/billing/PlanSelector.tsx(265,71): error TS1109: Expression expected.
[19:12:45.177] src/components/billing/PlanSelector.tsx(267,21): error TS1128: Declaration or statement expected.
[19:12:45.177] src/components/billing/PlanSelector.tsx(268,19): error TS1109: Expression expected.
[19:12:45.177] src/components/billing/PlanSelector.tsx(268,20): error TS1128: Declaration or statement expected.
[19:12:45.177] src/components/billing/PlanSelector.tsx(270,49): error TS1127: Invalid character.
[19:12:45.177] src/components/billing/PlanSelector.tsx(270,76): error TS1005: ';' expected.
[19:12:45.177] src/components/billing/PlanSelector.tsx(271,23): error TS2657: JSX expressions must have one parent element.
[19:12:45.177] src/components/billing/PlanSelector.tsx(273,21): error TS1128: Declaration or statement expected.
[19:12:45.178] src/components/billing/PlanSelector.tsx(274,19): error TS1109: Expression expected.
[19:12:45.178] src/components/billing/PlanSelector.tsx(276,55): error TS1127: Invalid character.
[19:12:45.178] src/components/billing/PlanSelector.tsx(276,82): error TS1005: ';' expected.
[19:12:45.178] src/components/billing/PlanSelector.tsx(277,23): error TS2657: JSX expressions must have one parent element.
[19:12:45.178] src/components/billing/PlanSelector.tsx(279,21): error TS1128: Declaration or statement expected.
[19:12:45.178] src/components/billing/PlanSelector.tsx(280,19): error TS1109: Expression expected.
[19:12:45.178] src/components/billing/PlanSelector.tsx(282,42): error TS1127: Invalid character.
[19:12:45.178] src/components/billing/PlanSelector.tsx(282,69): error TS1005: ';' expected.
[19:12:45.178] src/components/billing/PlanSelector.tsx(283,23): error TS2657: JSX expressions must have one parent element.
[19:12:45.178] src/components/billing/PlanSelector.tsx(285,21): error TS1128: Declaration or statement expected.
[19:12:45.178] src/components/billing/PlanSelector.tsx(286,19): error TS1109: Expression expected.
[19:12:45.178] src/components/billing/PlanSelector.tsx(288,53): error TS1127: Invalid character.
[19:12:45.178] src/components/billing/PlanSelector.tsx(288,80): error TS1005: ';' expected.
[19:12:45.178] src/components/billing/PlanSelector.tsx(289,23): error TS2657: JSX expressions must have one parent element.
[19:12:45.178] src/components/billing/PlanSelector.tsx(291,21): error TS1128: Declaration or statement expected.
[19:12:45.178] src/components/billing/PlanSelector.tsx(292,19): error TS1109: Expression expected.
[19:12:45.178] src/components/billing/PlanSelector.tsx(294,57): error TS1127: Invalid character.
[19:12:45.179] src/components/billing/PlanSelector.tsx(294,84): error TS1005: ';' expected.
[19:12:45.179] src/components/billing/PlanSelector.tsx(295,23): error TS2657: JSX expressions must have one parent element.
[19:12:45.179] src/components/billing/PlanSelector.tsx(297,21): error TS1128: Declaration or statement expected.
[19:12:45.179] src/components/billing/PlanSelector.tsx(298,19): error TS1109: Expression expected.
[19:12:45.179] src/components/billing/PlanSelector.tsx(300,49): error TS1127: Invalid character.
[19:12:45.179] src/components/billing/PlanSelector.tsx(300,76): error TS1005: ';' expected.
[19:12:45.179] src/components/billing/PlanSelector.tsx(301,23): error TS2657: JSX expressions must have one parent element.
[19:12:45.179] src/components/billing/PlanSelector.tsx(303,21): error TS1128: Declaration or statement expected.
[19:12:45.179] src/components/billing/PlanSelector.tsx(304,19): error TS1109: Expression expected.
[19:12:45.179] src/components/billing/PlanSelector.tsx(305,17): error TS1128: Declaration or statement expected.
[19:12:45.179] src/components/billing/PlanSelector.tsx(308,22): error TS1005: ';' expected.
[19:12:45.179] src/components/billing/PlanSelector.tsx(309,33): error TS1127: Invalid character.
[19:12:45.179] src/components/billing/PlanSelector.tsx(309,55): error TS1005: ',' expected.
[19:12:45.179] src/components/billing/PlanSelector.tsx(309,63): error TS1005: ',' expected.
[19:12:45.180] src/components/billing/PlanSelector.tsx(309,81): error TS1005: ',' expected.
[19:12:45.180] src/components/billing/PlanSelector.tsx(309,100): error TS1005: ',' expected.
[19:12:45.180] src/components/billing/PlanSelector.tsx(309,108): error TS1005: ',' expected.
[19:12:45.180] src/components/billing/PlanSelector.tsx(310,31): error TS1005: ';' expected.
[19:12:45.180] src/components/billing/PlanSelector.tsx(311,21): error TS1128: Declaration or statement expected.
[19:12:45.180] src/components/billing/PlanSelector.tsx(312,19): error TS1109: Expression expected.
[19:12:45.180] src/components/billing/PlanSelector.tsx(312,21): error TS1128: Declaration or statement expected.
[19:12:45.180] src/components/billing/PlanSelector.tsx(318,64): error TS1127: Invalid character.
[19:12:45.180] src/components/billing/PlanSelector.tsx(318,94): error TS1003: Identifier expected.
[19:12:45.180] src/components/billing/PlanSelector.tsx(319,23): error TS1128: Declaration or statement expected.
[19:12:45.180] src/components/billing/PlanSelector.tsx(425,3): error TS1160: Unterminated template literal.
[19:12:45.180] src/components/billing/UpgradeDialog.tsx(61,18): error TS1127: Invalid character.
[19:12:45.180] src/components/billing/UpgradeDialog.tsx(61,28): error TS1005: ',' expected.
[19:12:45.180] src/components/billing/UpgradeDialog.tsx(61,48): error TS1127: Invalid character.
[19:12:45.180] src/components/billing/UpgradeDialog.tsx(61,58): error TS1005: ',' expected.
[19:12:45.181] src/components/billing/UpgradeDialog.tsx(61,86): error TS1127: Invalid character.
[19:12:45.181] src/components/billing/UpgradeDialog.tsx(61,96): error TS1005: ',' expected.
[19:12:45.181] src/components/billing/UpgradeDialog.tsx(61,118): error TS1127: Invalid character.
[19:12:45.181] src/components/billing/UpgradeDialog.tsx(61,128): error TS1005: ',' expected.
[19:12:45.181] src/components/billing/UpgradeDialog.tsx(77,27): error TS1127: Invalid character.
[19:12:45.181] src/components/billing/UpgradeDialog.tsx(77,37): error TS1005: ',' expected.
[19:12:45.181] src/components/billing/UpgradeDialog.tsx(77,66): error TS1127: Invalid character.
[19:12:45.181] src/components/billing/UpgradeDialog.tsx(77,76): error TS1005: ',' expected.
[19:12:45.181] src/components/billing/UpgradeDialog.tsx(77,99): error TS1127: Invalid character.
[19:12:45.181] src/components/billing/UpgradeDialog.tsx(77,109): error TS1005: ',' expected.
[19:12:45.181] src/components/billing/UpgradeDialog.tsx(157,11): error TS1127: Invalid character.
[19:12:45.181] src/components/billing/UpgradeDialog.tsx(157,22): error TS1005: ';' expected.
[19:12:45.181] src/components/billing/UpgradeDialog.tsx(164,18): error TS1127: Invalid character.
[19:12:45.181] src/components/billing/UpgradeDialog.tsx(166,11): error TS1382: Unexpected token. Did you mean `{'>'}` or `&gt;`?
[19:12:45.181] src/components/billing/UpgradeDialog.tsx(167,13): error TS17002: Expected corresponding JSX closing tag for 'div'.
[19:12:45.182] src/components/billing/UpgradeDialog.tsx(169,1): error TS1127: Invalid character.
[19:12:45.182] src/components/billing/UpgradeDialog.tsx(169,16): error TS1005: ';' expected.
[19:12:45.182] src/components/billing/UpgradeDialog.tsx(171,16): error TS1005: ';' expected.
[19:12:45.182] src/components/billing/UpgradeDialog.tsx(195,11): error TS1128: Declaration or statement expected.
[19:12:45.182] src/components/billing/UpgradeDialog.tsx(198,16): error TS1005: ';' expected.
[19:12:45.182] src/components/billing/UpgradeDialog.tsx(199,20): error TS1005: ',' expected.
[19:12:45.182] src/components/billing/UpgradeDialog.tsx(239,57): error TS1127: Invalid character.
[19:12:45.182] src/components/billing/UpgradeDialog.tsx(242,26): error TS1381: Unexpected token. Did you mean `{'}'}` or `&rbrace;`?
[19:12:45.182] src/components/billing/UpgradeDialog.tsx(248,63): error TS1127: Invalid character.
[19:12:45.182] src/components/billing/UpgradeDialog.tsx(252,25): error TS1381: Unexpected token. Did you mean `{'}'}` or `&rbrace;`?
[19:12:45.182] src/components/billing/UpgradeDialog.tsx(256,38): error TS1127: Invalid character.
[19:12:45.182] src/components/billing/UpgradeDialog.tsx(281,24): error TS1381: Unexpected token. Did you mean `{'}'}` or `&rbrace;`?
[19:12:45.182] src/components/billing/UpgradeDialog.tsx(287,11): error TS1128: Declaration or statement expected.
[19:12:45.182] src/components/billing/UpgradeDialog.tsx(290,16): error TS1005: ';' expected.
[19:12:45.182] src/components/billing/UpgradeDialog.tsx(303,55): error TS1127: Invalid character.
[19:12:45.182] src/components/billing/UpgradeDialog.tsx(304,28): error TS1381: Unexpected token. Did you mean `{'}'}` or `&rbrace;`?
[19:12:45.183] src/components/billing/UpgradeDialog.tsx(307,62): error TS1127: Invalid character.
[19:12:45.183] src/components/billing/UpgradeDialog.tsx(308,28): error TS1381: Unexpected token. Did you mean `{'}'}` or `&rbrace;`?
[19:12:45.183] src/components/billing/UpgradeDialog.tsx(313,68): error TS1127: Invalid character.
[19:12:45.183] src/components/billing/UpgradeDialog.tsx(329,25): error TS1381: Unexpected token. Did you mean `{'}'}` or `&rbrace;`?
[19:12:45.183] src/components/billing/UpgradeDialog.tsx(335,11): error TS1128: Declaration or statement expected.
[19:12:45.183] src/components/billing/UpgradeDialog.tsx(338,16): error TS1005: ';' expected.
[19:12:45.183] src/components/billing/UpgradeDialog.tsx(352,49): error TS1127: Invalid character.
[19:12:45.183] src/components/billing/UpgradeDialog.tsx(355,18): error TS1381: Unexpected token. Did you mean `{'}'}` or `&rbrace;`?
[19:12:45.183] src/components/billing/UpgradeDialog.tsx(382,11): error TS1128: Declaration or statement expected.
[19:12:45.183] src/components/billing/UpgradeDialog.tsx(383,9): error TS1109: Expression expected.
[19:12:45.183] src/components/billing/UpgradeDialog.tsx(384,7): error TS1109: Expression expected.
[19:12:45.183] src/components/billing/UpgradeDialog.tsx(385,5): error TS1109: Expression expected.
[19:12:45.183] src/components/billing/UpgradeDialog.tsx(386,3): error TS1109: Expression expected.
[19:12:45.183] src/components/billing/UpgradeDialog.tsx(387,1): error TS1128: Declaration or statement expected.
[19:12:45.183] src/components/billing/UsageMetrics.tsx(153,13): error TS1127: Invalid character.
[19:12:45.183] src/components/billing/UsageMetrics.tsx(153,26): error TS1005: ';' expected.
[19:12:45.183] src/components/billing/UsageMetrics.tsx(155,7): error TS1128: Declaration or statement expected.
[19:12:45.190] src/components/billing/UsageMetrics.tsx(156,5): error TS1109: Expression expected.
[19:12:45.190] src/components/billing/UsageMetrics.tsx(157,3): error TS1128: Declaration or statement expected.
[19:12:45.190] src/components/billing/UsageMetrics.tsx(159,11): error TS1127: Invalid character.
[19:12:45.190] src/components/billing/UsageMetrics.tsx(159,22): error TS1005: ';' expected.
[19:12:45.190] src/components/billing/UsageMetrics.tsx(161,12): error TS1005: ';' expected.
[19:12:45.191] src/components/billing/UsageMetrics.tsx(162,76): error TS1127: Invalid character.
[19:12:45.191] src/components/billing/UsageMetrics.tsx(162,91): error TS1005: ';' expected.
[19:12:45.191] src/components/billing/UsageMetrics.tsx(167,11): error TS1109: Expression expected.
[19:12:45.191] src/components/billing/UsageMetrics.tsx(167,12): error TS1005: ':' expected.
[19:12:45.191] src/components/billing/UsageMetrics.tsx(180,9): error TS1128: Declaration or statement expected.
[19:12:45.191] src/components/billing/UsageMetrics.tsx(181,7): error TS1109: Expression expected.
[19:12:45.191] src/components/billing/UsageMetrics.tsx(184,12): error TS1005: ';' expected.
[19:12:45.191] src/components/billing/UsageMetrics.tsx(185,19): error TS1005: ',' expected.
[19:12:45.191] src/components/billing/UsageMetrics.tsx(219,47): error TS1127: Invalid character.
[19:12:45.191] src/components/billing/UsageMetrics.tsx(222,22): error TS1381: Unexpected token. Did you mean `{'}'}` or `&rbrace;`?
[19:12:45.191] src/components/billing/UsageMetrics.tsx(232,42): error TS1127: Invalid character.
[19:12:45.191] src/components/billing/UsageMetrics.tsx(238,20): error TS1381: Unexpected token. Did you mean `{'}'}` or `&rbrace;`?
[19:12:45.191] src/components/billing/UsageMetrics.tsx(242,28): error TS1127: Invalid character.
[19:12:45.191] src/components/billing/UsageMetrics.tsx(253,18): error TS1381: Unexpected token. Did you mean `{'}'}` or `&rbrace;`?
[19:12:45.191] src/components/billing/UsageMetrics.tsx(258,7): error TS1128: Declaration or statement expected.
[19:12:45.191] src/components/billing/UsageMetrics.tsx(270,51): error TS1127: Invalid character.
[19:12:45.191] src/components/billing/UsageMetrics.tsx(289,118): error TS1127: Invalid character.
[19:12:45.191] src/components/billing/UsageMetrics.tsx(291,26): error TS1382: Unexpected token. Did you mean `{'>'}` or `&gt;`?
[19:12:45.192] src/components/billing/UsageMetrics.tsx(293,21): error TS1381: Unexpected token. Did you mean `{'}'}` or `&rbrace;`?
[19:12:45.192] src/components/billing/UsageMetrics.tsx(293,23): error TS1381: Unexpected token. Did you mean `{'}'}` or `&rbrace;`?
[19:12:45.192] src/components/billing/UsageMetrics.tsx(301,17): error TS1381: Unexpected token. Did you mean `{'}'}` or `&rbrace;`?
[19:12:45.192] src/components/billing/UsageMetrics.tsx(308,77): error TS1127: Invalid character.
[19:12:45.192] src/components/billing/UsageMetrics.tsx(308,93): error TS1005: ';' expected.
[19:12:45.192] src/components/billing/UsageMetrics.tsx(313,24): error TS1127: Invalid character.
[19:12:45.193] src/components/billing/UsageMetrics.tsx(313,49): error TS1005: ';' expected.
[19:12:45.193] src/components/billing/UsageMetrics.tsx(315,15): error TS1005: ',' expected.
[19:12:45.193] src/components/billing/UsageMetrics.tsx(316,30): error TS1127: Invalid character.
[19:12:45.193] src/components/billing/UsageMetrics.tsx(316,53): error TS1005: ',' expected.
[19:12:45.193] src/components/billing/UsageMetrics.tsx(316,63): error TS1005: ',' expected.
[19:12:45.193] src/components/billing/UsageMetrics.tsx(316,76): error TS1005: ',' expected.
[19:12:45.193] src/components/billing/UsageMetrics.tsx(328,25): error TS1127: Invalid character.
[19:12:45.193] src/components/billing/UsageMetrics.tsx(328,53): error TS1005: ',' expected.
[19:12:45.193] src/components/billing/UsageMetrics.tsx(328,71): error TS1005: ',' expected.
[19:12:45.193] src/components/billing/UsageMetrics.tsx(329,29): error TS1005: ',' expected.
[19:12:45.193] src/components/billing/UsageMetrics.tsx(330,19): error TS1005: ',' expected.
[19:12:45.193] src/components/billing/UsageMetrics.tsx(331,17): error TS1109: Expression expected.
[19:12:45.193] src/components/billing/UsageMetrics.tsx(332,15): error TS1109: Expression expected.
[19:12:45.193] src/components/billing/UsageMetrics.tsx(332,16): error TS1005: ',' expected.
[19:12:45.193] src/components/billing/UsageMetrics.tsx(334,11): error TS1128: Declaration or statement expected.
[19:12:45.193] src/components/billing/UsageMetrics.tsx(335,9): error TS1109: Expression expected.
[19:12:45.193] src/components/billing/UsageMetrics.tsx(336,7): error TS1109: Expression expected.
[19:12:45.193] src/components/billing/UsageMetrics.tsx(337,5): error TS1128: Declaration or statement expected.
[19:12:45.193] src/components/billing/UsageMetrics.tsx(338,3): error TS1109: Expression expected.
[19:12:45.194] src/components/billing/UsageMetrics.tsx(339,1): error TS1128: Declaration or statement expected.
[19:12:45.194] src/components/monitoring/AlertsPanel.tsx(103,38): error TS1127: Invalid character.
[19:12:45.194] src/components/monitoring/AlertsPanel.tsx(106,14): error TS1381: Unexpected token. Did you mean `{'}'}` or `&rbrace;`?
[19:12:45.194] src/components/monitoring/AlertsPanel.tsx(107,36): error TS1127: Invalid character.
[19:12:45.194] src/components/monitoring/AlertsPanel.tsx(110,14): error TS1381: Unexpected token. Did you mean `{'}'}` or `&rbrace;`?
[19:12:45.194] src/components/monitoring/AlertsPanel.tsx(152,21): error TS1127: Invalid character.
[19:12:45.194] src/components/monitoring/AlertsPanel.tsx(161,37): error TS1127: Invalid character.
[19:12:45.194] src/components/monitoring/AlertsPanel.tsx(174,45): error TS1127: Invalid character.
[19:12:45.194] src/components/monitoring/AlertsPanel.tsx(177,26): error TS1381: Unexpected token. Did you mean `{'}'}` or `&rbrace;`?
[19:12:45.194] src/components/monitoring/AlertsPanel.tsx(185,43): error TS1127: Invalid character.
[19:12:45.194] src/components/monitoring/AlertsPanel.tsx(192,24): error TS1381: Unexpected token. Did you mean `{'}'}` or `&rbrace;`?
[19:12:45.194] src/components/monitoring/AlertsPanel.tsx(205,15): error TS1381: Unexpected token. Did you mean `{'}'}` or `&rbrace;`?
[19:12:45.194] src/components/monitoring/AlertsPanel.tsx(207,10): error TS1381: Unexpected token. Did you mean `{'}'}` or `&rbrace;`?
[19:12:45.194] src/components/monitoring/AlertsPanel.tsx(213,26): error TS1127: Invalid character.
[19:12:45.194] src/components/monitoring/AlertsPanel.tsx(217,10): error TS1381: Unexpected token. Did you mean `{'}'}` or `&rbrace;`?
[19:12:45.194] src/components/monitoring/LogViewer.tsx(104,19): error TS1127: Invalid character.
[19:12:45.194] src/components/monitoring/LogViewer.tsx(104,20): error TS1434: Unexpected keyword or identifier.
[19:12:45.194] src/components/monitoring/LogViewer.tsx(105,20): error TS1127: Invalid character.
[19:12:45.194] src/components/monitoring/LogViewer.tsx(105,21): error TS1434: Unexpected keyword or identifier.
[19:12:45.195] src/components/monitoring/LogViewer.tsx(106,20): error TS1127: Invalid character.
[19:12:45.195] src/components/monitoring/LogViewer.tsx(106,21): error TS1434: Unexpected keyword or identifier.
[19:12:45.195] src/components/monitoring/LogViewer.tsx(107,15): error TS1127: Invalid character.
[19:12:45.195] src/components/monitoring/LogViewer.tsx(107,16): error TS1434: Unexpected keyword or identifier.
[19:12:45.195] src/components/monitoring/LogViewer.tsx(144,23): error TS1127: Invalid character.
[19:12:45.195] src/components/monitoring/LogViewer.tsx(144,33): error TS1005: ',' expected.
[19:12:45.195] src/components/monitoring/LogViewer.tsx(144,43): error TS1127: Invalid character.
[19:12:45.195] src/components/monitoring/LogViewer.tsx(144,53): error TS1005: ',' expected.
[19:12:45.195] src/components/monitoring/LogViewer.tsx(144,71): error TS1127: Invalid character.
[19:12:45.195] src/components/monitoring/LogViewer.tsx(147,13): error TS1002: Unterminated string literal.
[19:12:45.195] src/components/monitoring/LogViewer.tsx(148,1): error TS1005: ',' expected.
[19:12:45.195] src/components/monitoring/LogViewer.tsx(148,4): error TS1002: Unterminated string literal.
[19:12:45.195] src/components/monitoring/LogViewer.tsx(150,5): error TS1005: ',' expected.
[19:12:45.195] src/components/monitoring/LogViewer.tsx(194,17): error TS1127: Invalid character.
[19:12:45.195] src/components/monitoring/LogViewer.tsx(198,12): error TS1382: Unexpected token. Did you mean `{'>'}` or `&gt;`?
[19:12:45.195] src/components/monitoring/LogViewer.tsx(202,26): error TS1127: Invalid character.
[19:12:45.195] src/components/monitoring/LogViewer.tsx(227,23): error TS1127: Invalid character.
[19:12:45.195] src/components/monitoring/LogViewer.tsx(231,18): error TS1382: Unexpected token. Did you mean `{'>'}` or `&gt;`?
[19:12:45.195] src/components/monitoring/LogViewer.tsx(235,10): error TS1381: Unexpected token. Did you mean `{'}'}` or `&rbrace;`?
[19:12:45.196] src/components/monitoring/LogViewer.tsx(244,50): error TS1127: Invalid character.
[19:12:45.196] src/components/monitoring/LogViewer.tsx(272,40): error TS1127: Invalid character.
[19:12:45.196] src/components/monitoring/LogViewer.tsx(275,24): error TS1381: Unexpected token. Did you mean `{'}'}` or `&rbrace;`?
[19:12:45.196] src/components/monitoring/LogViewer.tsx(276,40): error TS1127: Invalid character.
[19:12:45.196] src/components/monitoring/LogViewer.tsx(279,24): error TS1381: Unexpected token. Did you mean `{'}'}` or `&rbrace;`?
[19:12:45.196] src/components/monitoring/LogViewer.tsx(283,79): error TS1127: Invalid character.
[19:12:45.196] src/components/monitoring/LogViewer.tsx(290,22): error TS1381: Unexpected token. Did you mean `{'}'}` or `&rbrace;`?
[19:12:45.196] src/components/monitoring/LogViewer.tsx(296,10): error TS1381: Unexpected token. Did you mean `{'}'}` or `&rbrace;`?
[19:12:45.196] src/components/monitoring/LogViewer.tsx(304,28): error TS1127: Invalid character.
[19:12:45.196] src/components/monitoring/LogViewer.tsx(308,12): error TS1381: Unexpected token. Did you mean `{'}'}` or `&rbrace;`?
[19:12:45.196] src/components/monitoring/MetricsDashboard.tsx(66,35): error TS1127: Invalid character.
[19:12:45.196] src/components/monitoring/MetricsDashboard.tsx(66,49): error TS1005: ',' expected.
[19:12:45.196] src/components/monitoring/MetricsDashboard.tsx(68,91): error TS1127: Invalid character.
[19:12:45.196] src/components/monitoring/MetricsDashboard.tsx(68,105): error TS1005: ',' expected.
[19:12:45.196] src/components/monitoring/MetricsDashboard.tsx(72,40): error TS1127: Invalid character.
[19:12:45.196] src/components/monitoring/MetricsDashboard.tsx(72,54): error TS1005: ',' expected.
[19:12:45.196] src/components/monitoring/MetricsDashboard.tsx(79,33): error TS1127: Invalid character.
[19:12:45.196] src/components/monitoring/MetricsDashboard.tsx(79,47): error TS1005: ',' expected.
[19:12:45.196] src/components/monitoring/MetricsDashboard.tsx(137,17): error TS1127: Invalid character.
[19:12:45.197] src/components/monitoring/MetricsDashboard.tsx(137,18): error TS1434: Unexpected keyword or identifier.
[19:12:45.197] src/components/monitoring/MetricsDashboard.tsx(138,19): error TS1127: Invalid character.
[19:12:45.197] src/components/monitoring/MetricsDashboard.tsx(138,20): error TS1434: Unexpected keyword or identifier.
[19:12:45.197] src/components/monitoring/MetricsDashboard.tsx(139,15): error TS1127: Invalid character.
[19:12:45.197] src/components/monitoring/MetricsDashboard.tsx(139,16): error TS1434: Unexpected keyword or identifier.
[19:12:45.197] src/components/monitoring/MetricsDashboard.tsx(142,1): error TS1127: Invalid character.
[19:12:45.197] src/components/monitoring/MetricsDashboard.tsx(142,2): error TS1434: Unexpected keyword or identifier.
[19:12:45.197] src/components/monitoring/MetricsDashboard.tsx(145,13): error TS1127: Invalid character.
[19:12:45.197] src/components/monitoring/MetricsDashboard.tsx(145,26): error TS1005: ';' expected.
[19:12:45.197] src/components/monitoring/MetricsDashboard.tsx(147,41): error TS1127: Invalid character.
[19:12:45.197] src/components/monitoring/MetricsDashboard.tsx(148,13): error TS1381: Unexpected token. Did you mean `{'}'}` or `&rbrace;`?
[19:12:45.197] src/components/monitoring/MetricsDashboard.tsx(149,15): error TS1127: Invalid character.
[19:12:45.197] src/components/monitoring/MetricsDashboard.tsx(149,30): error TS1005: ';' expected.
[19:12:45.197] src/components/monitoring/MetricsDashboard.tsx(150,62): error TS1127: Invalid character.
[19:12:45.197] src/components/monitoring/MetricsDashboard.tsx(150,79): error TS1005: ';' expected.
[19:12:45.197] src/components/monitoring/MetricsDashboard.tsx(150,119): error TS1109: Expression expected.
[19:12:45.197] src/components/monitoring/MetricsDashboard.tsx(151,9): error TS1109: Expression expected.
[19:12:45.197] src/components/monitoring/MetricsDashboard.tsx(152,7): error TS1109: Expression expected.
[19:12:45.197] src/components/monitoring/MetricsDashboard.tsx(153,5): error TS1109: Expression expected.
[19:12:45.197] src/components/monitoring/MetricsDashboard.tsx(156,11): error TS1127: Invalid character.
[19:12:45.197] src/components/monitoring/MetricsDashboard.tsx(156,22): error TS1005: ';' expected.
[19:12:45.197] src/components/monitoring/MetricsDashboard.tsx(158,12): error TS1005: ';' expected.
[19:12:45.197] src/components/monitoring/MetricsDashboard.tsx(159,66): error TS1127: Invalid character.
[19:12:45.197] src/components/monitoring/MetricsDashboard.tsx(159,81): error TS1005: ';' expected.
[19:12:45.197] src/components/monitoring/MetricsDashboard.tsx(159,108): error TS1127: Invalid character.
[19:12:45.197] src/components/monitoring/MetricsDashboard.tsx(159,109): error TS1434: Unexpected keyword or identifier.
[19:12:45.198] src/components/monitoring/MetricsDashboard.tsx(172,9): error TS1128: Declaration or statement expected.
[19:12:45.198] src/components/monitoring/MetricsDashboard.tsx(173,7): error TS1109: Expression expected.
[19:12:45.198] src/components/monitoring/MetricsDashboard.tsx(176,12): error TS1005: ';' expected.
[19:12:45.198] src/components/monitoring/MetricsDashboard.tsx(177,17): error TS1005: ',' expected.
[19:12:45.198] src/components/monitoring/MetricsDashboard.tsx(184,36): error TS1127: Invalid character.
[19:12:45.198] src/components/monitoring/MetricsDashboard.tsx(190,18): error TS1381: Unexpected token. Did you mean `{'}'}` or `&rbrace;`?
[19:12:45.198] src/components/monitoring/MetricsDashboard.tsx(198,7): error TS1128: Declaration or statement expected.
[19:12:45.198] src/components/monitoring/MetricsDashboard.tsx(201,12): error TS1005: ';' expected.
[19:12:45.198] src/components/monitoring/MetricsDashboard.tsx(203,14): error TS1005: ';' expected.
[19:12:45.198] src/components/monitoring/MetricsDashboard.tsx(204,77): error TS1127: Invalid character.
[19:12:45.198] src/components/monitoring/MetricsDashboard.tsx(204,94): error TS1005: ';' expected.
[19:12:45.198] src/components/monitoring/MetricsDashboard.tsx(218,11): error TS1128: Declaration or statement expected.
[19:12:45.198] src/components/monitoring/MetricsDashboard.tsx(219,9): error TS1109: Expression expected.
[19:12:45.198] src/components/monitoring/MetricsDashboard.tsx(222,14): error TS1005: ';' expected.
[19:12:45.198] src/components/monitoring/MetricsDashboard.tsx(223,80): error TS1127: Invalid character.
[19:12:45.198] src/components/monitoring/MetricsDashboard.tsx(223,97): error TS1005: ';' expected.
[19:12:45.198] src/components/monitoring/MetricsDashboard.tsx(236,11): error TS1128: Declaration or statement expected.
[19:12:45.198] src/components/monitoring/MetricsDashboard.tsx(237,9): error TS1109: Expression expected.
[19:12:45.198] src/components/monitoring/MetricsDashboard.tsx(240,14): error TS1005: ';' expected.
[19:12:45.198] src/components/monitoring/MetricsDashboard.tsx(241,11): error TS2657: JSX expressions must have one parent element.
[19:12:45.198] src/components/monitoring/MetricsDashboard.tsx(257,9): error TS1128: Declaration or statement expected.
[19:12:45.198] src/components/monitoring/MetricsDashboard.tsx(260,14): error TS1005: ';' expected.
[19:12:45.198] src/components/monitoring/MetricsDashboard.tsx(261,77): error TS1127: Invalid character.
[19:12:45.199] src/components/monitoring/MetricsDashboard.tsx(261,94): error TS1005: ';' expected.
[19:12:45.199] src/components/monitoring/MetricsDashboard.tsx(266,27): error TS1127: Invalid character.
[19:12:45.199] src/components/monitoring/MetricsDashboard.tsx(271,17): error TS1382: Unexpected token. Did you mean `{'>'}` or `&gt;`?
[19:12:45.199] src/components/monitoring/MetricsDashboard.tsx(272,61): error TS1127: Invalid character.
[19:12:45.199] src/components/monitoring/MetricsDashboard.tsx(273,21): error TS1381: Unexpected token. Did you mean `{'}'}` or `&rbrace;`?
[19:12:45.200] src/components/monitoring/MetricsDashboard.tsx(274,19): error TS17002: Expected corresponding JSX closing tag for 'PieChart'.
[19:12:45.200] src/components/monitoring/MetricsDashboard.tsx(276,17): error TS17002: Expected corresponding JSX closing tag for 'ResponsiveContainer'.
[19:12:45.200] src/components/monitoring/MetricsDashboard.tsx(277,13): error TS1128: Declaration or statement expected.
[19:12:45.200] src/components/monitoring/MetricsDashboard.tsx(278,11): error TS1109: Expression expected.
[19:12:45.200] src/components/monitoring/MetricsDashboard.tsx(278,17): error TS1127: Invalid character.
[19:12:45.200] src/components/monitoring/MetricsDashboard.tsx(278,34): error TS1005: ';' expected.
[19:12:45.200] src/components/monitoring/MetricsDashboard.tsx(279,31): error TS1005: ',' expected.
[19:12:45.200] src/components/monitoring/MetricsDashboard.tsx(279,55): error TS1127: Invalid character.
[19:12:45.201] src/components/monitoring/MetricsDashboard.tsx(279,76): error TS1005: ',' expected.
[19:12:45.201] src/components/monitoring/MetricsDashboard.tsx(279,86): error TS1005: ',' expected.
[19:12:45.201] src/components/monitoring/MetricsDashboard.tsx(279,93): error TS1005: ',' expected.
[19:12:45.201] src/components/monitoring/MetricsDashboard.tsx(286,23): error TS1127: Invalid character.
[19:12:45.201] src/components/monitoring/MetricsDashboard.tsx(286,47): error TS1005: ',' expected.
[19:12:45.201] src/components/monitoring/MetricsDashboard.tsx(286,77): error TS1005: ',' expected.
[19:12:45.201] src/components/monitoring/MetricsDashboard.tsx(286,84): error TS1005: ',' expected.
[19:12:45.201] src/components/monitoring/MetricsDashboard.tsx(287,15): error TS1109: Expression expected.
[19:12:45.201] src/components/monitoring/MetricsDashboard.tsx(288,13): error TS1109: Expression expected.
[19:12:45.201] src/components/monitoring/MetricsDashboard.tsx(288,14): error TS1005: ',' expected.
[19:12:45.201] src/components/monitoring/MetricsDashboard.tsx(289,11): error TS1128: Declaration or statement expected.
[19:12:45.201] src/components/monitoring/MetricsDashboard.tsx(290,9): error TS1109: Expression expected.
[19:12:45.201] src/components/monitoring/MetricsDashboard.tsx(291,7): error TS1109: Expression expected.
[19:12:45.201] src/components/monitoring/MetricsDashboard.tsx(294,12): error TS1005: ';' expected.
[19:12:45.201] src/components/monitoring/MetricsDashboard.tsx(298,7): error TS1128: Declaration or statement expected.
[19:12:45.201] src/components/monitoring/MetricsDashboard.tsx(299,5): error TS1109: Expression expected.
[19:12:45.202] src/components/monitoring/MetricsDashboard.tsx(300,3): error TS1109: Expression expected.
[19:12:45.202] src/components/monitoring/MetricsDashboard.tsx(301,1): error TS1128: Declaration or statement expected.
[19:12:45.202] src/components/monitoring/SystemHealth.tsx(35,68): error TS1127: Invalid character.
[19:12:45.202] src/components/monitoring/SystemHealth.tsx(35,78): error TS1005: ',' expected.
[19:12:45.202] src/components/monitoring/SystemHealth.tsx(35,99): error TS1127: Invalid character.
[19:12:45.202] src/components/monitoring/SystemHealth.tsx(35,109): error TS1005: ',' expected.
[19:12:45.202] src/components/monitoring/SystemHealth.tsx(67,23): error TS1127: Invalid character.
[19:12:45.202] src/components/monitoring/SystemHealth.tsx(67,24): error TS1434: Unexpected keyword or identifier.
[19:12:45.202] src/components/monitoring/SystemHealth.tsx(68,24): error TS1127: Invalid character.
[19:12:45.202] src/components/monitoring/SystemHealth.tsx(68,25): error TS1434: Unexpected keyword or identifier.
[19:12:45.202] src/components/monitoring/SystemHealth.tsx(69,15): error TS1127: Invalid character.
[19:12:45.202] src/components/monitoring/SystemHealth.tsx(69,16): error TS1434: Unexpected keyword or identifier.
[19:12:45.202] src/components/monitoring/SystemHealth.tsx(124,11): error TS1127: Invalid character.
[19:12:45.202] src/components/monitoring/SystemHealth.tsx(124,22): error TS1005: ';' expected.
[19:12:45.202] src/components/monitoring/SystemHealth.tsx(126,12): error TS1005: ';' expected.
[19:12:45.202] src/components/monitoring/SystemHealth.tsx(126,23): error TS1136: Property assignment expected.
[19:12:45.203] src/components/monitoring/SystemHealth.tsx(126,82): error TS1005: ',' expected.
[19:12:45.203] src/components/monitoring/SystemHealth.tsx(144,7): error TS1128: Declaration or statement expected.
[19:12:45.203] src/components/monitoring/SystemHealth.tsx(147,26): error TS1127: Invalid character.
[19:12:45.203] src/components/monitoring/SystemHealth.tsx(147,41): error TS1005: ';' expected.
[19:12:45.203] src/components/monitoring/SystemHealth.tsx(149,16): error TS1005: ';' expected.
[19:12:45.203] src/components/monitoring/SystemHealth.tsx(150,13): error TS2657: JSX expressions must have one parent element.
[19:12:45.203] src/components/monitoring/SystemHealth.tsx(161,19): error TS1127: Invalid character.
[19:12:45.204] src/components/monitoring/SystemHealth.tsx(167,15): error TS1382: Unexpected token. Did you mean `{'>'}` or `&gt;`?
[19:12:45.204] src/components/monitoring/SystemHealth.tsx(168,13): error TS1128: Declaration or statement expected.
[19:12:45.204] src/components/monitoring/SystemHealth.tsx(172,11): error TS1128: Declaration or statement expected.
[19:12:45.204] src/components/monitoring/SystemHealth.tsx(175,16): error TS1005: ';' expected.
[19:12:45.204] src/components/monitoring/SystemHealth.tsx(176,13): error TS2657: JSX expressions must have one parent element.
[19:12:45.205] src/components/monitoring/SystemHealth.tsx(187,19): error TS1127: Invalid character.
[19:12:45.206] src/components/monitoring/SystemHealth.tsx(193,15): error TS1382: Unexpected token. Did you mean `{'>'}` or `&gt;`?
[19:12:45.206] src/components/monitoring/SystemHealth.tsx(194,13): error TS1128: Declaration or statement expected.
[19:12:45.206] src/components/monitoring/SystemHealth.tsx(198,11): error TS1128: Declaration or statement expected.
[19:12:45.206] src/components/monitoring/SystemHealth.tsx(201,16): error TS1005: ';' expected.
[19:12:45.206] src/components/monitoring/SystemHealth.tsx(202,13): error TS2657: JSX expressions must have one parent element.
[19:12:45.206] src/components/monitoring/SystemHealth.tsx(213,19): error TS1127: Invalid character.
[19:12:45.206] src/components/monitoring/SystemHealth.tsx(219,15): error TS1382: Unexpected token. Did you mean `{'>'}` or `&gt;`?
[19:12:45.206] src/components/monitoring/SystemHealth.tsx(220,13): error TS1128: Declaration or statement expected.
[19:12:45.206] src/components/monitoring/SystemHealth.tsx(224,11): error TS1128: Declaration or statement expected.
[19:12:45.206] src/components/monitoring/SystemHealth.tsx(227,16): error TS1005: ';' expected.
[19:12:45.206] src/components/monitoring/SystemHealth.tsx(231,19): error TS1127: Invalid character.
[19:12:45.206] src/components/monitoring/SystemHealth.tsx(231,38): error TS1005: ';' expected.
[19:12:45.206] src/components/monitoring/SystemHealth.tsx(236,21): error TS1127: Invalid character.
[19:12:45.206] src/components/monitoring/SystemHealth.tsx(236,42): error TS1005: ';' expected.
[19:12:45.207] src/components/monitoring/SystemHealth.tsx(237,35): error TS1127: Invalid character.
[19:12:45.207] src/components/monitoring/SystemHealth.tsx(237,59): error TS1005: ';' expected.
[19:12:45.207] src/components/monitoring/SystemHealth.tsx(238,45): error TS1005: ',' expected.
[19:12:45.207] src/components/monitoring/SystemHealth.tsx(238,63): error TS1005: ',' expected.
[19:12:45.207] src/components/monitoring/SystemHealth.tsx(239,17): error TS1128: Declaration or statement expected.
[19:12:45.207] src/components/monitoring/SystemHealth.tsx(240,15): error TS1109: Expression expected.
[19:12:45.207] src/components/monitoring/SystemHealth.tsx(241,13): error TS1109: Expression expected.
[19:12:45.207] src/components/monitoring/SystemHealth.tsx(242,11): error TS1109: Expression expected.
[19:12:45.207] src/components/monitoring/SystemHealth.tsx(243,9): error TS1109: Expression expected.
[19:12:45.207] src/components/monitoring/SystemHealth.tsx(244,7): error TS1109: Expression expected.
[19:12:45.207] src/components/monitoring/SystemHealth.tsx(250,41): error TS1127: Invalid character.
[19:12:45.207] src/components/monitoring/SystemHealth.tsx(254,40): error TS1127: Invalid character.
[19:12:45.207] src/components/monitoring/SystemHealth.tsx(255,22): error TS1381: Unexpected token. Did you mean `{'}'}` or `&rbrace;`?
[19:12:45.207] src/components/monitoring/SystemHealth.tsx(269,13): error TS1381: Unexpected token. Did you mean `{'}'}` or `&rbrace;`?
[19:12:45.207] src/components/monitoring/SystemHealth.tsx(272,5): error TS1128: Declaration or statement expected.
[19:12:45.207] src/components/monitoring/SystemHealth.tsx(273,3): error TS1109: Expression expected.
[19:12:45.207] src/components/monitoring/SystemHealth.tsx(274,1): error TS1128: Declaration or statement expected.
[19:12:45.208] src/components/sandbox/CodeEditor.tsx(26,20): error TS1127: Invalid character.
[19:12:45.208] src/components/sandbox/CodeEditor.tsx(26,24): error TS1005: ',' expected.
[19:12:45.208] src/components/sandbox/CodeEditor.tsx(26,41): error TS1127: Invalid character.
[19:12:45.208] src/components/sandbox/CodeEditor.tsx(26,45): error TS1005: ',' expected.
[19:12:45.208] src/components/sandbox/CodeEditor.tsx(26,60): error TS1127: Invalid character.
[19:12:45.208] src/components/sandbox/CodeEditor.tsx(26,64): error TS1005: ',' expected.
[19:12:45.208] src/components/sandbox/CodeEditor.tsx(222,22): error TS1127: Invalid character.
[19:12:45.208] src/components/sandbox/CodeEditor.tsx(222,28): error TS1005: ',' expected.
[19:12:45.208] src/components/sandbox/CodeEditor.tsx(227,5): error TS2657: JSX expressions must have one parent element.
[19:12:45.208] src/components/sandbox/CodeEditor.tsx(240,20): error TS1127: Invalid character.
[19:12:45.208] src/components/sandbox/CodeEditor.tsx(243,13): error TS1382: Unexpected token. Did you mean `{'>'}` or `&gt;`?
[19:12:45.208] src/components/sandbox/CodeEditor.tsx(245,15): error TS17002: Expected corresponding JSX closing tag for 'div'.
[19:12:45.208] src/components/sandbox/CodeEditor.tsx(246,12): error TS1381: Unexpected token. Did you mean `{'}'}` or `&rbrace;`?
[19:12:45.208] src/components/sandbox/CodeEditor.tsx(247,18): error TS1127: Invalid character.
[19:12:45.208] src/components/sandbox/CodeEditor.tsx(250,11): error TS1382: Unexpected token. Did you mean `{'>'}` or `&gt;`?
[19:12:45.208] src/components/sandbox/CodeEditor.tsx(252,13): error TS17002: Expected corresponding JSX closing tag for 'div'.
[19:12:45.209] src/components/sandbox/CodeEditor.tsx(259,25): error TS1127: Invalid character.
[19:12:45.209] src/components/sandbox/CodeEditor.tsx(262,12): error TS1381: Unexpected token. Did you mean `{'}'}` or `&rbrace;`?
[19:12:45.209] src/components/sandbox/CodeEditor.tsx(264,7): error TS1005: ')' expected.
[19:12:45.209] src/components/sandbox/CodeEditor.tsx(271,1): error TS1127: Invalid character.
[19:12:45.209] src/components/sandbox/CodeEditor.tsx(271,16): error TS1005: ';' expected.
[19:12:45.209] src/components/sandbox/CodeEditor.tsx(271,21): error TS1136: Property assignment expected.
[19:12:45.209] src/components/sandbox/CodeEditor.tsx(375,8): error TS1128: Declaration or statement expected.
[19:12:45.209] src/components/sandbox/CodeEditor.tsx(375,9): error TS1128: Declaration or statement expected.
[19:12:45.209] src/components/sandbox/CodeEditor.tsx(376,5): error TS1109: Expression expected.
[19:12:45.209] src/components/sandbox/CodeEditor.tsx(377,3): error TS1109: Expression expected.
[19:12:45.209] src/components/sandbox/CodeEditor.tsx(378,1): error TS1128: Declaration or statement expected.
[19:12:45.209] src/components/sandbox/OutputPanel.tsx(51,23): error TS1127: Invalid character.
[19:12:45.209] src/components/sandbox/OutputPanel.tsx(51,27): error TS1005: ',' expected.
[19:12:45.209] src/components/sandbox/OutputPanel.tsx(51,42): error TS1127: Invalid character.
[19:12:45.209] src/components/sandbox/OutputPanel.tsx(51,46): error TS1005: ',' expected.
[19:12:45.209] src/components/sandbox/OutputPanel.tsx(116,16): error TS1127: Invalid character.
[19:12:45.210] src/components/sandbox/OutputPanel.tsx(117,12): error TS1381: Unexpected token. Did you mean `{'}'}` or `&rbrace;`?
[19:12:45.210] src/components/sandbox/OutputPanel.tsx(122,13): error TS1127: Invalid character.
[19:12:45.210] src/components/sandbox/OutputPanel.tsx(122,26): error TS1005: ';' expected.
[19:12:45.226] src/components/sandbox/OutputPanel.tsx(123,20): error TS1005: ',' expected.
[19:12:45.226] src/components/sandbox/OutputPanel.tsx(123,24): error TS1127: Invalid character.
[19:12:45.226] src/components/sandbox/OutputPanel.tsx(123,41): error TS1005: ';' expected.
[19:12:45.226] src/components/sandbox/OutputPanel.tsx(125,11): error TS1128: Declaration or statement expected.
[19:12:45.226] src/components/sandbox/OutputPanel.tsx(126,9): error TS1109: Expression expected.
[19:12:45.227] src/components/sandbox/OutputPanel.tsx(126,10): error TS1128: Declaration or statement expected.
[19:12:45.232] src/components/sandbox/OutputPanel.tsx(128,24): error TS1127: Invalid character.
[19:12:45.232] src/components/sandbox/OutputPanel.tsx(128,41): error TS1005: ';' expected.
[19:12:45.232] src/components/sandbox/OutputPanel.tsx(131,19): error TS1127: Invalid character.
[19:12:45.232] src/components/sandbox/OutputPanel.tsx(131,38): error TS1005: ';' expected.
[19:12:45.232] src/components/sandbox/OutputPanel.tsx(131,75): error TS1005: ',' expected.
[19:12:45.232] src/components/sandbox/OutputPanel.tsx(131,83): error TS1005: ';' expected.
[19:12:45.232] src/components/sandbox/OutputPanel.tsx(132,11): error TS1109: Expression expected.
[19:12:45.232] src/components/sandbox/OutputPanel.tsx(133,9): error TS1109: Expression expected.
[19:12:45.232] src/components/sandbox/OutputPanel.tsx(135,26): error TS1127: Invalid character.
[19:12:45.233] src/components/sandbox/OutputPanel.tsx(135,43): error TS1005: ';' expected.
[19:12:45.233] src/components/sandbox/OutputPanel.tsx(137,11): error TS1128: Declaration or statement expected.
[19:12:45.233] src/components/sandbox/OutputPanel.tsx(138,9): error TS1109: Expression expected.
[19:12:45.233] src/components/sandbox/OutputPanel.tsx(139,7): error TS1128: Declaration or statement expected.
[19:12:45.233] src/components/sandbox/OutputPanel.tsx(140,5): error TS1109: Expression expected.
[19:12:45.233] src/components/sandbox/OutputPanel.tsx(141,3): error TS1128: Declaration or statement expected.
[19:12:45.233] src/components/sandbox/OutputPanel.tsx(147,15): error TS1127: Invalid character.
[19:12:45.233] src/components/sandbox/OutputPanel.tsx(147,30): error TS1005: ';' expected.
[19:12:45.233] src/components/sandbox/OutputPanel.tsx(149,9): error TS1128: Declaration or statement expected.
[19:12:45.233] src/components/sandbox/OutputPanel.tsx(150,7): error TS1109: Expression expected.
[19:12:45.233] src/components/sandbox/OutputPanel.tsx(151,5): error TS1128: Declaration or statement expected.
[19:12:45.233] src/components/sandbox/OutputPanel.tsx(153,13): error TS1127: Invalid character.
[19:12:45.233] src/components/sandbox/OutputPanel.tsx(153,26): error TS1005: ';' expected.
[19:12:45.233] src/components/sandbox/OutputPanel.tsx(154,19): error TS1005: ',' expected.
[19:12:45.233] src/components/sandbox/OutputPanel.tsx(154,43): error TS1127: Invalid character.
[19:12:45.233] src/components/sandbox/OutputPanel.tsx(154,60): error TS1005: ',' expected.
[19:12:45.233] src/components/sandbox/OutputPanel.tsx(154,71): error TS1005: ',' expected.
[19:12:45.233] src/components/sandbox/OutputPanel.tsx(155,13): error TS2657: JSX expressions must have one parent element.
[19:12:45.233] src/components/sandbox/OutputPanel.tsx(156,97): error TS1127: Invalid character.
[19:12:45.233] src/components/sandbox/OutputPanel.tsx(158,16): error TS1381: Unexpected token. Did you mean `{'}'}` or `&rbrace;`?
[19:12:45.233] src/components/sandbox/OutputPanel.tsx(167,32): error TS1127: Invalid character.
[19:12:45.233] src/components/sandbox/OutputPanel.tsx(170,16): error TS1381: Unexpected token. Did you mean `{'}'}` or `&rbrace;`?
[19:12:45.233] src/components/sandbox/OutputPanel.tsx(173,13): error TS1005: ',' expected.
[19:12:45.233] src/components/sandbox/OutputPanel.tsx(173,18): error TS1005: ',' expected.
[19:12:45.233] src/components/sandbox/OutputPanel.tsx(173,33): error TS1127: Invalid character.
[19:12:45.233] src/components/sandbox/OutputPanel.tsx(173,54): error TS1005: ',' expected.
[19:12:45.233] src/components/sandbox/OutputPanel.tsx(174,17): error TS1005: '(' expected.
[19:12:45.233] src/components/sandbox/OutputPanel.tsx(174,23): error TS1005: ',' expected.
[19:12:45.234] src/components/sandbox/OutputPanel.tsx(174,38): error TS1005: ',' expected.
[19:12:45.234] src/components/sandbox/OutputPanel.tsx(175,15): error TS1109: Expression expected.
[19:12:45.234] src/components/sandbox/OutputPanel.tsx(176,13): error TS1109: Expression expected.
[19:12:45.234] src/components/sandbox/OutputPanel.tsx(177,11): error TS1128: Declaration or statement expected.
[19:12:45.234] src/components/sandbox/OutputPanel.tsx(178,9): error TS1109: Expression expected.
[19:12:45.234] src/components/sandbox/OutputPanel.tsx(178,10): error TS1128: Declaration or statement expected.
[19:12:45.234] src/components/sandbox/OutputPanel.tsx(178,11): error TS1128: Declaration or statement expected.
[19:12:45.234] src/components/sandbox/OutputPanel.tsx(179,7): error TS1128: Declaration or statement expected.
[19:12:45.234] src/components/sandbox/OutputPanel.tsx(180,5): error TS1109: Expression expected.
[19:12:45.234] src/components/sandbox/OutputPanel.tsx(181,3): error TS1128: Declaration or statement expected.
[19:12:45.234] src/components/sandbox/OutputPanel.tsx(185,15): error TS1127: Invalid character.
[19:12:45.234] src/components/sandbox/OutputPanel.tsx(185,30): error TS1005: ';' expected.
[19:12:45.234] src/components/sandbox/OutputPanel.tsx(187,9): error TS1128: Declaration or statement expected.
[19:12:45.234] src/components/sandbox/OutputPanel.tsx(188,7): error TS1109: Expression expected.
[19:12:45.234] src/components/sandbox/OutputPanel.tsx(189,5): error TS1128: Declaration or statement expected.
[19:12:45.234] src/components/sandbox/OutputPanel.tsx(191,13): error TS1127: Invalid character.
[19:12:45.234] src/components/sandbox/OutputPanel.tsx(191,26): error TS1005: ';' expected.
[19:12:45.234] src/components/sandbox/OutputPanel.tsx(192,16): error TS1005: ',' expected.
[19:12:45.234] src/components/sandbox/OutputPanel.tsx(192,45): error TS1127: Invalid character.
[19:12:45.234] src/components/sandbox/OutputPanel.tsx(192,62): error TS1005: ',' expected.
[19:12:45.234] src/components/sandbox/OutputPanel.tsx(192,71): error TS1005: ',' expected.
[19:12:45.234] src/components/sandbox/OutputPanel.tsx(192,76): error TS1005: ',' expected.
[19:12:45.234] src/components/sandbox/OutputPanel.tsx(196,24): error TS1127: Invalid character.
[19:12:45.234] src/components/sandbox/OutputPanel.tsx(199,17): error TS1382: Unexpected token. Did you mean `{'>'}` or `&gt;`?
[19:12:45.235] src/components/sandbox/OutputPanel.tsx(201,19): error TS17002: Expected corresponding JSX closing tag for 'div'.
[19:12:45.235] src/components/sandbox/OutputPanel.tsx(202,24): error TS1127: Invalid character.
[19:12:45.235] src/components/sandbox/OutputPanel.tsx(205,17): error TS1382: Unexpected token. Did you mean `{'>'}` or `&gt;`?
[19:12:45.235] src/components/sandbox/OutputPanel.tsx(207,19): error TS17002: Expected corresponding JSX closing tag for 'div'.
[19:12:45.235] src/components/sandbox/OutputPanel.tsx(208,15): error TS1005: ',' expected.
[19:12:45.235] src/components/sandbox/OutputPanel.tsx(209,13): error TS1109: Expression expected.
[19:12:45.235] src/components/sandbox/OutputPanel.tsx(211,12): error TS2657: JSX expressions must have one parent element.
[19:12:45.235] src/components/sandbox/OutputPanel.tsx(219,21): error TS1127: Invalid character.
[19:12:45.235] src/components/sandbox/OutputPanel.tsx(222,18): error TS1382: Unexpected token. Did you mean `{'>'}` or `&gt;`?
[19:12:45.235] src/components/sandbox/OutputPanel.tsx(223,16): error TS1381: Unexpected token. Did you mean `{'}'}` or `&rbrace;`?
[19:12:45.235] src/components/sandbox/OutputPanel.tsx(232,11): error TS1005: ',' expected.
[19:12:45.235] src/components/sandbox/OutputPanel.tsx(233,9): error TS1109: Expression expected.
[19:12:45.235] src/components/sandbox/OutputPanel.tsx(233,10): error TS1005: ',' expected.
[19:12:45.235] src/components/sandbox/OutputPanel.tsx(234,7): error TS1128: Declaration or statement expected.
[19:12:45.235] src/components/sandbox/OutputPanel.tsx(235,5): error TS1109: Expression expected.
[19:12:45.235] src/components/sandbox/OutputPanel.tsx(236,3): error TS1128: Declaration or statement expected.
[19:12:45.235] src/components/sandbox/OutputPanel.tsx(240,15): error TS1127: Invalid character.
[19:12:45.235] src/components/sandbox/OutputPanel.tsx(240,30): error TS1005: ';' expected.
[19:12:45.235] src/components/sandbox/OutputPanel.tsx(242,9): error TS1128: Declaration or statement expected.
[19:12:45.235] src/components/sandbox/OutputPanel.tsx(243,7): error TS1109: Expression expected.
[19:12:45.235] src/components/sandbox/OutputPanel.tsx(244,5): error TS1128: Declaration or statement expected.
[19:12:45.235] src/components/sandbox/OutputPanel.tsx(246,13): error TS1127: Invalid character.
[19:12:45.235] src/components/sandbox/OutputPanel.tsx(246,26): error TS1005: ';' expected.
[19:12:45.235] src/components/sandbox/OutputPanel.tsx(247,16): error TS1005: ',' expected.
[19:12:45.236] src/components/sandbox/OutputPanel.tsx(247,49): error TS1127: Invalid character.
[19:12:45.236] src/components/sandbox/OutputPanel.tsx(247,66): error TS1005: ',' expected.
[19:12:45.236] src/components/sandbox/OutputPanel.tsx(248,13): error TS1005: '(' expected.
[19:12:45.236] src/components/sandbox/OutputPanel.tsx(248,19): error TS1005: ';' expected.
[19:12:45.236] src/components/sandbox/OutputPanel.tsx(248,54): error TS1005: ';' expected.
[19:12:45.236] src/components/sandbox/OutputPanel.tsx(248,58): error TS1128: Declaration or statement expected.
[19:12:45.236] src/components/sandbox/OutputPanel.tsx(248,65): error TS1127: Invalid character.
[19:12:45.236] src/components/sandbox/OutputPanel.tsx(248,85): error TS1005: ';' expected.
[19:12:45.236] src/components/sandbox/OutputPanel.tsx(248,132): error TS1005: ',' expected.
[19:12:45.236] src/components/sandbox/OutputPanel.tsx(248,146): error TS1005: ',' expected.
[19:12:45.236] src/components/sandbox/OutputPanel.tsx(248,148): error TS1005: ';' expected.
[19:12:45.236] src/components/sandbox/OutputPanel.tsx(249,11): error TS1109: Expression expected.
[19:12:45.236] src/components/sandbox/OutputPanel.tsx(250,9): error TS1109: Expression expected.
[19:12:45.236] src/components/sandbox/OutputPanel.tsx(250,10): error TS1128: Declaration or statement expected.
[19:12:45.236] src/components/sandbox/OutputPanel.tsx(252,31): error TS1127: Invalid character.
[19:12:45.236] src/components/sandbox/OutputPanel.tsx(252,48): error TS1005: ';' expected.
[19:12:45.236] src/components/sandbox/OutputPanel.tsx(253,59): error TS1127: Invalid character.
[19:12:45.236] src/components/sandbox/OutputPanel.tsx(253,79): error TS1005: ';' expected.
[19:12:45.236] src/components/sandbox/OutputPanel.tsx(254,42): error TS1005: ',' expected.
[19:12:45.237] src/components/sandbox/OutputPanel.tsx(254,54): error TS1136: Property assignment expected.
[19:12:45.237] src/components/sandbox/OutputPanel.tsx(254,73): error TS1128: Declaration or statement expected.
[19:12:45.237] src/components/sandbox/OutputPanel.tsx(255,13): error TS1128: Declaration or statement expected.
[19:12:45.237] src/components/sandbox/OutputPanel.tsx(256,11): error TS1109: Expression expected.
[19:12:45.237] src/components/sandbox/OutputPanel.tsx(257,9): error TS1109: Expression expected.
[19:12:45.237] src/components/sandbox/OutputPanel.tsx(257,10): error TS1128: Declaration or statement expected.
[19:12:45.237] src/components/sandbox/OutputPanel.tsx(259,8): error TS2657: JSX expressions must have one parent element.
[19:12:45.237] src/components/sandbox/OutputPanel.tsx(260,142): error TS1002: Unterminated string literal.
[19:12:45.237] src/components/sandbox/OutputPanel.tsx(261,1): error TS1005: ',' expected.
[19:12:45.237] src/components/sandbox/OutputPanel.tsx(261,42): error TS1127: Invalid character.
[19:12:45.237] src/components/sandbox/OutputPanel.tsx(261,59): error TS1381: Unexpected token. Did you mean `{'}'}` or `&rbrace;`?
[19:12:45.237] src/components/sandbox/OutputPanel.tsx(276,7): error TS1128: Declaration or statement expected.
[19:12:45.237] src/components/sandbox/OutputPanel.tsx(277,5): error TS1109: Expression expected.
[19:12:45.248] src/components/sandbox/OutputPanel.tsx(278,3): error TS1128: Declaration or statement expected.
[19:12:45.248] src/components/sandbox/OutputPanel.tsx(327,18): error TS1127: Invalid character.
[19:12:45.249] src/components/sandbox/OutputPanel.tsx(329,11): error TS1382: Unexpected token. Did you mean `{'>'}` or `&gt;`?
[19:12:45.249] src/components/sandbox/OutputPanel.tsx(334,13): error TS17002: Expected corresponding JSX closing tag for 'div'.
[19:12:45.249] src/components/sandbox/OutputPanel.tsx(337,20): error TS1127: Invalid character.
[19:12:45.249] src/components/sandbox/OutputPanel.tsx(339,13): error TS1382: Unexpected token. Did you mean `{'>'}` or `&gt;`?
[19:12:45.249] src/components/sandbox/OutputPanel.tsx(344,15): error TS17002: Expected corresponding JSX closing tag for 'div'.
[19:12:45.249] src/components/sandbox/OutputPanel.tsx(345,12): error TS1381: Unexpected token. Did you mean `{'}'}` or `&rbrace;`?
[19:12:45.249] src/components/sandbox/OutputPanel.tsx(348,20): error TS1127: Invalid character.
[19:12:45.249] src/components/sandbox/OutputPanel.tsx(350,13): error TS1382: Unexpected token. Did you mean `{'>'}` or `&gt;`?
[19:12:45.249] src/components/sandbox/OutputPanel.tsx(355,15): error TS17002: Expected corresponding JSX closing tag for 'div'.
[19:12:45.249] src/components/sandbox/OutputPanel.tsx(356,12): error TS1128: Declaration or statement expected.
[19:12:45.249] src/components/sandbox/OutputPanel.tsx(359,20): error TS1127: Invalid character.
[19:12:45.249] src/components/sandbox/OutputPanel.tsx(365,9): error TS1128: Declaration or statement expected.
[19:12:45.252] src/components/sandbox/OutputPanel.tsx(367,8): error TS2657: JSX expressions must have one parent element.
[19:12:45.252] src/components/sandbox/OutputPanel.tsx(377,22): error TS1127: Invalid character.
[19:12:45.252] src/components/sandbox/OutputPanel.tsx(380,15): error TS1382: Unexpected token. Did you mean `{'>'}` or `&gt;`?
[19:12:45.252] src/components/sandbox/OutputPanel.tsx(382,17): error TS17015: Expected corresponding closing tag for JSX fragment.
[19:12:45.252] src/components/sandbox/OutputPanel.tsx(382,23): error TS1382: Unexpected token. Did you mean `{'>'}` or `&gt;`?
[19:12:45.252] src/components/sandbox/OutputPanel.tsx(383,22): error TS1127: Invalid character.
[19:12:45.252] src/components/sandbox/OutputPanel.tsx(386,15): error TS1382: Unexpected token. Did you mean `{'>'}` or `&gt;`?
[19:12:45.252] src/components/sandbox/OutputPanel.tsx(388,17): error TS17002: Expected corresponding JSX closing tag for 'div'.
[19:12:45.252] src/components/sandbox/OutputPanel.tsx(389,22): error TS1127: Invalid character.
[19:12:45.252] src/components/sandbox/OutputPanel.tsx(395,13): error TS1128: Declaration or statement expected.
[19:12:45.252] src/components/sandbox/OutputPanel.tsx(395,15): error TS1109: Expression expected.
[19:12:45.252] src/components/sandbox/OutputPanel.tsx(396,11): error TS1109: Expression expected.
[19:12:45.252] src/components/sandbox/OutputPanel.tsx(396,12): error TS1128: Declaration or statement expected.
[19:12:45.252] src/components/sandbox/OutputPanel.tsx(397,9): error TS1128: Declaration or statement expected.
[19:12:45.252] src/components/sandbox/OutputPanel.tsx(398,7): error TS1109: Expression expected.
[19:12:45.252] src/components/sandbox/OutputPanel.tsx(410,1): error TS1127: Invalid character.
[19:12:45.252] src/components/sandbox/OutputPanel.tsx(410,16): error TS1005: ';' expected.
[19:12:45.252] src/components/sandbox/OutputPanel.tsx(410,21): error TS1136: Property assignment expected.
[19:12:45.252] src/components/sandbox/OutputPanel.tsx(746,8): error TS1128: Declaration or statement expected.
[19:12:45.252] src/components/sandbox/OutputPanel.tsx(746,9): error TS1128: Declaration or statement expected.
[19:12:45.252] src/components/sandbox/OutputPanel.tsx(747,5): error TS1109: Expression expected.
[19:12:45.252] src/components/sandbox/OutputPanel.tsx(748,3): error TS1109: Expression expected.
[19:12:45.252] src/components/sandbox/OutputPanel.tsx(749,1): error TS1128: Declaration or statement expected.
[19:12:45.252] src/components/sandbox/PlotViewer.tsx(32,9): error TS1127: Invalid character.
[19:12:45.252] src/components/sandbox/PlotViewer.tsx(32,13): error TS1005: ',' expected.
[19:12:45.253] src/components/sandbox/PlotViewer.tsx(36,25): error TS1127: Invalid character.
[19:12:45.253] src/components/sandbox/PlotViewer.tsx(36,29): error TS1005: ',' expected.
[19:12:45.253] src/components/sandbox/PlotViewer.tsx(75,18): error TS1127: Invalid character.
[19:12:45.253] src/components/sandbox/PlotViewer.tsx(75,19): error TS1434: Unexpected keyword or identifier.
[19:12:45.253] src/components/sandbox/PlotViewer.tsx(166,47): error TS1127: Invalid character.
[19:12:45.253] src/components/sandbox/PlotViewer.tsx(166,55): error TS1005: ',' expected.
[19:12:45.253] src/components/sandbox/PlotViewer.tsx(180,28): error TS1127: Invalid character.
[19:12:45.253] src/components/sandbox/PlotViewer.tsx(180,42): error TS1005: ',' expected.
[19:12:45.253] src/components/sandbox/PlotViewer.tsx(247,47): error TS1127: Invalid character.
[19:12:45.253] src/components/sandbox/PlotViewer.tsx(248,16): error TS1381: Unexpected token. Did you mean `{'}'}` or `&rbrace;`?
[19:12:45.253] src/components/sandbox/PlotViewer.tsx(253,29): error TS1127: Invalid character.
[19:12:45.253] src/components/sandbox/PlotViewer.tsx(254,24): error TS1127: Invalid character.
[19:12:45.253] src/components/sandbox/PlotViewer.tsx(258,17): error TS1382: Unexpected token. Did you mean `{'>'}` or `&gt;`?
[19:12:45.253] src/components/sandbox/PlotViewer.tsx(260,19): error TS17002: Expected corresponding JSX closing tag for 'div'.
[19:12:45.253] src/components/sandbox/PlotViewer.tsx(260,26): error TS1127: Invalid character.
[19:12:45.253] src/components/sandbox/PlotViewer.tsx(261,24): error TS1127: Invalid character.
[19:12:45.253] src/components/sandbox/PlotViewer.tsx(265,17): error TS1382: Unexpected token. Did you mean `{'>'}` or `&gt;`?
[19:12:45.253] src/components/sandbox/PlotViewer.tsx(267,19): error TS17002: Expected corresponding JSX closing tag for 'div'.
[19:12:45.253] src/components/sandbox/PlotViewer.tsx(268,24): error TS1127: Invalid character.
[19:12:45.253] src/components/sandbox/PlotViewer.tsx(274,17): error TS1382: Unexpected token. Did you mean `{'>'}` or `&gt;`?
[19:12:45.253] src/components/sandbox/PlotViewer.tsx(276,19): error TS17002: Expected corresponding JSX closing tag for 'div'.
[19:12:45.253] src/components/sandbox/PlotViewer.tsx(278,14): error TS1381: Unexpected token. Did you mean `{'}'}` or `&rbrace;`?
[19:12:45.253] src/components/sandbox/PlotViewer.tsx(281,22): error TS1127: Invalid character.
[19:12:45.253] src/components/sandbox/PlotViewer.tsx(284,15): error TS1382: Unexpected token. Did you mean `{'>'}` or `&gt;`?
[19:12:45.253] src/components/sandbox/PlotViewer.tsx(286,17): error TS17002: Expected corresponding JSX closing tag for 'div'.
[19:12:45.253] src/components/sandbox/PlotViewer.tsx(287,22): error TS1127: Invalid character.
[19:12:45.253] src/components/sandbox/PlotViewer.tsx(290,15): error TS1382: Unexpected token. Did you mean `{'>'}` or `&gt;`?
[19:12:45.253] src/components/sandbox/PlotViewer.tsx(292,17): error TS17015: Expected corresponding closing tag for JSX fragment.
[19:12:45.253] src/components/sandbox/PlotViewer.tsx(293,29): error TS1005: ',' expected.
[19:12:45.253] src/components/sandbox/PlotViewer.tsx(294,24): error TS1127: Invalid character.
[19:12:45.253] src/components/sandbox/PlotViewer.tsx(302,24): error TS1127: Invalid character.
[19:12:45.253] src/components/sandbox/PlotViewer.tsx(310,24): error TS1127: Invalid character.
[19:12:45.253] src/components/sandbox/PlotViewer.tsx(317,13): error TS1128: Declaration or statement expected.
[19:12:45.253] src/components/sandbox/PlotViewer.tsx(318,11): error TS1109: Expression expected.
[19:12:45.253] src/components/sandbox/PlotViewer.tsx(319,9): error TS1109: Expression expected.
[19:12:45.253] src/components/sandbox/PlotViewer.tsx(327,49): error TS1127: Invalid character.
[19:12:45.253] src/components/sandbox/PlotViewer.tsx(327,66): error TS1005: ';' expected.
[19:12:45.253] src/components/sandbox/PlotViewer.tsx(330,19): error TS1127: Invalid character.
[19:12:45.253] src/components/sandbox/PlotViewer.tsx(330,38): error TS1005: ';' expected.
[19:12:45.253] src/components/sandbox/PlotViewer.tsx(331,21): error TS1005: ',' expected.
[19:12:45.253] src/components/sandbox/PlotViewer.tsx(346,13): error TS1128: Declaration or statement expected.
[19:12:45.253] src/components/sandbox/PlotViewer.tsx(347,11): error TS1109: Expression expected.
[19:12:45.253] src/components/sandbox/PlotViewer.tsx(348,9): error TS1109: Expression expected.
[19:12:45.253] src/components/sandbox/PlotViewer.tsx(350,31): error TS1127: Invalid character.
[19:12:45.253] src/components/sandbox/PlotViewer.tsx(350,48): error TS1005: ';' expected.
[19:12:45.253] src/components/sandbox/PlotViewer.tsx(351,20): error TS1127: Invalid character.
[19:12:45.254] src/components/sandbox/PlotViewer.tsx(356,22): error TS1127: Invalid character.
[19:12:45.254] src/components/sandbox/PlotViewer.tsx(356,42): error TS1005: ';' expected.
[19:12:45.254] src/components/sandbox/PlotViewer.tsx(357,34): error TS1005: ',' expected.
[19:12:45.254] src/components/sandbox/PlotViewer.tsx(357,39): error TS1434: Unexpected keyword or identifier.
[19:12:45.254] src/components/sandbox/PlotViewer.tsx(358,13): error TS1128: Declaration or statement expected.
[19:12:45.254] src/components/sandbox/PlotViewer.tsx(359,20): error TS1127: Invalid character.
[19:12:45.254] src/components/sandbox/PlotViewer.tsx(365,11): error TS1128: Declaration or statement expected.
[19:12:45.254] src/components/sandbox/PlotViewer.tsx(366,9): error TS1109: Expression expected.
[19:12:45.254] src/components/sandbox/PlotViewer.tsx(366,10): error TS1128: Declaration or statement expected.
[19:12:45.254] src/components/sandbox/PlotViewer.tsx(367,7): error TS1128: Declaration or statement expected.
[19:12:45.254] src/components/sandbox/PlotViewer.tsx(370,41): error TS1127: Invalid character.
[19:12:45.254] src/components/sandbox/PlotViewer.tsx(370,56): error TS1005: ';' expected.
[19:12:45.254] src/components/sandbox/PlotViewer.tsx(374,31): error TS1127: Invalid character.
[19:12:45.254] src/components/sandbox/PlotViewer.tsx(375,26): error TS1127: Invalid character.
[19:12:45.254] src/components/sandbox/PlotViewer.tsx(378,19): error TS1382: Unexpected token. Did you mean `{'>'}` or `&gt;`?
[19:12:45.254] src/components/sandbox/PlotViewer.tsx(380,21): error TS17002: Expected corresponding JSX closing tag for 'div'.
[19:12:45.254] src/components/sandbox/PlotViewer.tsx(380,28): error TS1127: Invalid character.
[19:12:45.254] src/components/sandbox/PlotViewer.tsx(381,26): error TS1127: Invalid character.
[19:12:45.254] src/components/sandbox/PlotViewer.tsx(384,19): error TS1382: Unexpected token. Did you mean `{'>'}` or `&gt;`?
[19:12:45.254] src/components/sandbox/PlotViewer.tsx(386,21): error TS17002: Expected corresponding JSX closing tag for 'div'.
[19:12:45.254] src/components/sandbox/PlotViewer.tsx(387,26): error TS1127: Invalid character.
[19:12:45.254] src/components/sandbox/PlotViewer.tsx(392,19): error TS1382: Unexpected token. Did you mean `{'>'}` or `&gt;`?
[19:12:45.254] src/components/sandbox/PlotViewer.tsx(394,21): error TS17002: Expected corresponding JSX closing tag for 'div'.
[19:12:45.254] src/components/sandbox/PlotViewer.tsx(395,17): error TS1128: Declaration or statement expected.
[19:12:45.254] src/components/sandbox/PlotViewer.tsx(396,15): error TS1109: Expression expected.
[19:12:45.254] src/components/sandbox/PlotViewer.tsx(397,22): error TS1127: Invalid character.
[19:12:45.254] src/components/sandbox/PlotViewer.tsx(402,13): error TS1128: Declaration or statement expected.
[19:12:45.254] src/components/sandbox/PlotViewer.tsx(403,11): error TS1109: Expression expected.
[19:12:45.254] src/components/sandbox/PlotViewer.tsx(409,33): error TS1127: Invalid character.
[19:12:45.254] src/components/sandbox/PlotViewer.tsx(409,52): error TS1005: ';' expected.
[19:12:45.254] src/components/sandbox/PlotViewer.tsx(410,22): error TS1127: Invalid character.
[19:12:45.254] src/components/sandbox/PlotViewer.tsx(415,24): error TS1127: Invalid character.
[19:12:45.254] src/components/sandbox/PlotViewer.tsx(415,46): error TS1005: ';' expected.
[19:12:45.254] src/components/sandbox/PlotViewer.tsx(416,36): error TS1005: ',' expected.
[19:12:45.254] src/components/sandbox/PlotViewer.tsx(416,41): error TS1434: Unexpected keyword or identifier.
[19:12:45.254] src/components/sandbox/PlotViewer.tsx(417,15): error TS1128: Declaration or statement expected.
[19:12:45.254] src/components/sandbox/PlotViewer.tsx(418,22): error TS1127: Invalid character.
[19:12:45.254] src/components/sandbox/PlotViewer.tsx(424,13): error TS1128: Declaration or statement expected.
[19:12:45.254] src/components/sandbox/PlotViewer.tsx(425,11): error TS1109: Expression expected.
[19:12:45.254] src/components/sandbox/PlotViewer.tsx(425,12): error TS1128: Declaration or statement expected.
[19:12:45.254] src/components/sandbox/PlotViewer.tsx(430,9): error TS1128: Declaration or statement expected.
[19:12:45.254] src/components/sandbox/PlotViewer.tsx(431,7): error TS1109: Expression expected.
[19:12:45.254] src/components/sandbox/PlotViewer.tsx(431,8): error TS1128: Declaration or statement expected.
[19:12:45.254] src/components/sandbox/PlotViewer.tsx(432,1): error TS1127: Invalid character.
[19:12:45.254] src/components/sandbox/PlotViewer.tsx(432,16): error TS1005: ';' expected.
[19:12:45.254] src/components/sandbox/PlotViewer.tsx(432,21): error TS1136: Property assignment expected.
[19:12:45.254] src/components/sandbox/PlotViewer.tsx(739,8): error TS1128: Declaration or statement expected.
[19:12:45.254] src/components/sandbox/PlotViewer.tsx(739,9): error TS1128: Declaration or statement expected.
[19:12:45.254] src/components/sandbox/PlotViewer.tsx(740,5): error TS1109: Expression expected.
[19:12:45.254] src/components/sandbox/PlotViewer.tsx(740,7): error TS1109: Expression expected.
[19:12:45.254] src/components/sandbox/PlotViewer.tsx(741,3): error TS1109: Expression expected.
[19:12:45.254] src/components/sandbox/PlotViewer.tsx(742,1): error TS1128: Declaration or statement expected.
[19:12:45.254] src/components/sandbox/VariableInspector.tsx(45,20): error TS1127: Invalid character.
[19:12:45.255] src/components/sandbox/VariableInspector.tsx(45,24): error TS1005: ',' expected.
[19:12:45.255] src/components/sandbox/VariableInspector.tsx(207,54): error TS1127: Invalid character.
[19:12:45.255] src/components/sandbox/VariableInspector.tsx(210,16): error TS1381: Unexpected token. Did you mean `{'}'}` or `&rbrace;`?
[19:12:45.255] src/components/sandbox/VariableInspector.tsx(211,54): error TS1127: Invalid character.
[19:12:45.255] src/components/sandbox/VariableInspector.tsx(214,16): error TS1381: Unexpected token. Did you mean `{'}'}` or `&rbrace;`?
[19:12:45.255] src/components/sandbox/VariableInspector.tsx(215,55): error TS1127: Invalid character.
[19:12:45.255] src/components/sandbox/VariableInspector.tsx(218,16): error TS1381: Unexpected token. Did you mean `{'}'}` or `&rbrace;`?
[19:12:45.255] src/components/sandbox/VariableInspector.tsx(219,54): error TS1127: Invalid character.
[19:12:45.255] src/components/sandbox/VariableInspector.tsx(222,16): error TS1381: Unexpected token. Did you mean `{'}'}` or `&rbrace;`?
[19:12:45.255] src/components/sandbox/VariableInspector.tsx(228,27): error TS1127: Invalid character.
[19:12:45.255] src/components/sandbox/VariableInspector.tsx(230,50): error TS1127: Invalid character.
[19:12:45.255] src/components/sandbox/VariableInspector.tsx(231,17): error TS1381: Unexpected token. Did you mean `{'}'}` or `&rbrace;`?
[19:12:45.255] src/components/sandbox/VariableInspector.tsx(234,10): error TS1381: Unexpected token. Did you mean `{'}'}` or `&rbrace;`?
[19:12:45.255] src/components/sandbox/VariableInspector.tsx(237,40): error TS1127: Invalid character.
[19:12:45.255] src/components/sandbox/VariableInspector.tsx(248,10): error TS1381: Unexpected token. Did you mean `{'}'}` or `&rbrace;`?
[19:12:45.255] src/components/sandbox/VariableInspector.tsx(251,52): error TS1127: Invalid character.
[19:12:45.255] src/components/sandbox/VariableInspector.tsx(253,22): error TS1127: Invalid character.
[19:12:45.266] src/components/sandbox/VariableInspector.tsx(255,15): error TS1382: Unexpected token. Did you mean `{'>'}` or `&gt;`?
[19:12:45.266] src/components/sandbox/VariableInspector.tsx(257,17): error TS17002: Expected corresponding JSX closing tag for 'div'.
[19:12:45.266] src/components/sandbox/VariableInspector.tsx(259,24): error TS1127: Invalid character.
[19:12:45.266] src/components/sandbox/VariableInspector.tsx(261,17): error TS1382: Unexpected token. Did you mean `{'>'}` or `&gt;`?
[19:12:45.266] src/components/sandbox/VariableInspector.tsx(263,19): error TS17002: Expected corresponding JSX closing tag for 'div'.
[19:12:45.266] src/components/sandbox/VariableInspector.tsx(264,16): error TS1381: Unexpected token. Did you mean `{'}'}` or `&rbrace;`?
[19:12:45.266] src/components/sandbox/VariableInspector.tsx(265,22): error TS1127: Invalid character.
[19:12:45.266] src/components/sandbox/VariableInspector.tsx(267,15): error TS1382: Unexpected token. Did you mean `{'>'}` or `&gt;`?
[19:12:45.266] src/components/sandbox/VariableInspector.tsx(269,17): error TS17002: Expected corresponding JSX closing tag for 'div'.
[19:12:45.266] src/components/sandbox/VariableInspector.tsx(270,13): error TS1005: ')' expected.
[19:12:45.266] src/components/sandbox/VariableInspector.tsx(271,11): error TS1109: Expression expected.
[19:12:45.266] src/components/sandbox/VariableInspector.tsx(272,9): error TS1109: Expression expected.
[19:12:45.266] src/components/sandbox/VariableInspector.tsx(272,10): error TS1128: Declaration or statement expected.
[19:12:45.266] src/components/sandbox/VariableInspector.tsx(273,7): error TS1128: Declaration or statement expected.
[19:12:45.266] src/components/sandbox/VariableInspector.tsx(274,5): error TS1109: Expression expected.
[19:12:45.266] src/components/sandbox/VariableInspector.tsx(275,3): error TS1128: Declaration or statement expected.
[19:12:45.266] src/components/sandbox/VariableInspector.tsx(282,7): error TS2657: JSX expressions must have one parent element.
[19:12:45.266] src/components/sandbox/VariableInspector.tsx(302,26): error TS1127: Invalid character.
[19:12:45.266] src/components/sandbox/VariableInspector.tsx(304,12): error TS1381: Unexpected token. Did you mean `{'}'}` or `&rbrace;`?
[19:12:45.266] src/components/sandbox/VariableInspector.tsx(310,53): error TS1127: Invalid character.
[19:12:45.266] src/components/sandbox/VariableInspector.tsx(311,12): error TS1381: Unexpected token. Did you mean `{'}'}` or `&rbrace;`?
[19:12:45.266] src/components/sandbox/VariableInspector.tsx(315,22): error TS1127: Invalid character.
[19:12:45.266] src/components/sandbox/VariableInspector.tsx(321,15): error TS1382: Unexpected token. Did you mean `{'>'}` or `&gt;`?
[19:12:45.266] src/components/sandbox/VariableInspector.tsx(323,17): error TS17002: Expected corresponding JSX closing tag for 'div'.
[19:12:45.266] src/components/sandbox/VariableInspector.tsx(324,14): error TS1381: Unexpected token. Did you mean `{'}'}` or `&rbrace;`?
[19:12:45.266] src/components/sandbox/VariableInspector.tsx(330,31): error TS1127: Invalid character.
[19:12:45.266] src/components/sandbox/VariableInspector.tsx(331,12): error TS1381: Unexpected token. Did you mean `{'}'}` or `&rbrace;`?
[19:12:45.266] src/components/sandbox/VariableInspector.tsx(334,9): error TS1005: ')' expected.
[19:12:45.266] src/components/sandbox/VariableInspector.tsx(335,7): error TS1128: Declaration or statement expected.
[19:12:45.266] src/components/sandbox/VariableInspector.tsx(336,5): error TS1109: Expression expected.
[19:12:45.266] src/components/sandbox/VariableInspector.tsx(337,3): error TS1128: Declaration or statement expected.
[19:12:45.266] src/components/sandbox/VariableInspector.tsx(345,11): error TS1127: Invalid character.
[19:12:45.266] src/components/sandbox/VariableInspector.tsx(345,22): error TS1005: ';' expected.
[19:12:45.266] src/components/sandbox/VariableInspector.tsx(345,33): error TS1136: Property assignment expected.
[19:12:45.266] src/components/sandbox/VariableInspector.tsx(345,66): error TS1128: Declaration or statement expected.
[19:12:45.266] src/components/sandbox/VariableInspector.tsx(345,67): error TS1109: Expression expected.
[19:12:45.267] src/components/sandbox/VariableInspector.tsx(346,7): error TS2657: JSX expressions must have one parent element.
[19:12:45.267] src/components/sandbox/VariableInspector.tsx(349,51): error TS1127: Invalid character.
[19:12:45.267] src/components/sandbox/VariableInspector.tsx(352,12): error TS1381: Unexpected token. Did you mean `{'}'}` or `&rbrace;`?
[19:12:45.267] src/components/sandbox/VariableInspector.tsx(355,25): error TS1127: Invalid character.
[19:12:45.267] src/components/sandbox/VariableInspector.tsx(356,19): error TS1127: Invalid character.
[19:12:45.267] src/components/sandbox/VariableInspector.tsx(360,14): error TS1382: Unexpected token. Did you mean `{'>'}` or `&gt;`?
[19:12:45.267] src/components/sandbox/VariableInspector.tsx(362,10): error TS1381: Unexpected token. Did you mean `{'}'}` or `&rbrace;`?
[19:12:45.267] src/components/sandbox/VariableInspector.tsx(386,19): error TS1127: Invalid character.
[19:12:45.267] src/components/sandbox/VariableInspector.tsx(389,14): error TS1382: Unexpected token. Did you mean `{'>'}` or `&gt;`?
[19:12:45.267] src/components/sandbox/VariableInspector.tsx(396,49): error TS1127: Invalid character.
[19:12:45.267] src/components/sandbox/VariableInspector.tsx(400,79): error TS1382: Unexpected token. Did you mean `{'>'}` or `&gt;`?
[19:12:45.267] src/components/sandbox/VariableInspector.tsx(401,45): error TS1127: Invalid character.
[19:12:45.267] src/components/sandbox/VariableInspector.tsx(405,16): error TS1381: Unexpected token. Did you mean `{'}'}` or `&rbrace;`?
[19:12:45.267] src/components/sandbox/VariableInspector.tsx(410,10): error TS1381: Unexpected token. Did you mean `{'}'}` or `&rbrace;`?
[19:12:45.267] src/components/sandbox/VariableInspector.tsx(412,1): error TS1127: Invalid character.
[19:12:45.267] src/components/sandbox/VariableInspector.tsx(412,1): error TS1128: Declaration or statement expected.
[19:12:45.267] src/components/sandbox/VariableInspector.tsx(412,16): error TS1005: ';' expected.
[19:12:45.267] src/components/sandbox/VariableInspector.tsx(412,21): error TS1136: Property assignment expected.
[19:12:45.267] src/components/sandbox/VariableInspector.tsx(736,8): error TS1128: Declaration or statement expected.
[19:12:45.267] src/components/sandbox/VariableInspector.tsx(736,9): error TS1128: Declaration or statement expected.
[19:12:45.267] src/components/sandbox/VariableInspector.tsx(737,5): error TS1109: Expression expected.
[19:12:45.267] src/components/sandbox/VariableInspector.tsx(738,3): error TS1109: Expression expected.
[19:12:45.267] src/components/sandbox/VariableInspector.tsx(739,1): error TS1128: Declaration or statement expected.
[19:12:45.267] src/components/tools/ToolCard.tsx(50,42): error TS1127: Invalid character.
[19:12:45.267] src/components/tools/ToolCard.tsx(54,12): error TS1381: Unexpected token. Did you mean `{'}'}` or `&rbrace;`?
[19:12:45.267] src/components/tools/ToolExecution.tsx(71,32): error TS1127: Invalid character.
[19:12:45.267] src/components/tools/ToolExecution.tsx(74,10): error TS1381: Unexpected token. Did you mean `{'}'}` or `&rbrace;`?
[19:12:45.267] src/components/tools/ToolExecution.tsx(79,12): error TS1127: Invalid character.
[19:12:45.267] src/components/tools/ToolExecution.tsx(86,40): error TS1127: Invalid character.
[19:12:45.267] src/components/tools/ToolExecution.tsx(89,15): error TS1381: Unexpected token. Did you mean `{'}'}` or `&rbrace;`?
[19:12:45.267] src/components/tools/ToolExecution.tsx(92,8): error TS1381: Unexpected token. Did you mean `{'}'}` or `&rbrace;`?
[19:12:45.267] src/components/tools/ToolExecution.tsx(94,18): error TS1127: Invalid character.
[19:12:45.267] src/components/tools/ToolExecution.tsx(99,8): error TS1381: Unexpected token. Did you mean `{'}'}` or `&rbrace;`?
[19:12:45.267] src/components/tools/ToolRegistry.tsx(183,13): error TS1127: Invalid character.
[19:12:45.267] src/components/tools/ToolRegistry.tsx(183,26): error TS1005: ';' expected.
[19:12:45.267] src/components/tools/ToolRegistry.tsx(184,81): error TS1127: Invalid character.
[19:12:45.267] src/components/tools/ToolRegistry.tsx(184,94): error TS1005: ';' expected.
[19:12:45.267] src/components/tools/ToolRegistry.tsx(184,131): error TS1005: ';' expected.
[19:12:45.267] src/components/tools/ToolRegistry.tsx(191,7): error TS1128: Declaration or statement expected.
[19:12:45.267] src/components/tools/ToolRegistry.tsx(192,5): error TS1109: Expression expected.
[19:12:45.267] src/components/tools/ToolRegistry.tsx(193,3): error TS1128: Declaration or statement expected.
[19:12:45.267] src/components/tools/ToolRegistry.tsx(195,11): error TS1127: Invalid character.
[19:12:45.267] src/components/tools/ToolRegistry.tsx(195,22): error TS1005: ';' expected.
[19:12:45.267] src/components/tools/ToolRegistry.tsx(197,12): error TS1005: ';' expected.
[19:12:45.267] src/components/tools/ToolRegistry.tsx(202,15): error TS1127: Invalid character.
[19:12:45.267] src/components/tools/ToolRegistry.tsx(202,30): error TS1005: ';' expected.
[19:12:45.268] src/components/tools/ToolRegistry.tsx(205,79): error TS1127: Invalid character.
[19:12:45.268] src/components/tools/ToolRegistry.tsx(209,9): error TS1128: Declaration or statement expected.
[19:12:45.268] src/components/tools/ToolRegistry.tsx(210,7): error TS1109: Expression expected.
[19:12:45.268] src/components/tools/ToolRegistry.tsx(213,12): error TS1005: ';' expected.
[19:12:45.268] src/components/tools/ToolRegistry.tsx(218,19): error TS1127: Invalid character.
[19:12:45.268] src/components/tools/ToolRegistry.tsx(222,14): error TS1382: Unexpected token. Did you mean `{'>'}` or `&gt;`?
[19:12:45.268] src/components/tools/ToolRegistry.tsx(248,19): error TS1127: Invalid character.
[19:12:45.268] src/components/tools/ToolRegistry.tsx(252,14): error TS1382: Unexpected token. Did you mean `{'>'}` or `&gt;`?
[19:12:45.268] src/components/tools/ToolRegistry.tsx(256,7): error TS1128: Declaration or statement expected.
[19:12:45.268] src/components/tools/ToolRegistry.tsx(259,12): error TS1005: ';' expected.
[19:12:45.268] src/components/tools/ToolRegistry.tsx(267,7): error TS1128: Declaration or statement expected.
[19:12:45.268] src/components/tools/ToolRegistry.tsx(270,12): error TS1005: ';' expected.
[19:12:45.268] src/components/tools/ToolRegistry.tsx(271,18): error TS1005: ',' expected.
[19:12:45.268] src/components/tools/ToolRegistry.tsx(274,7): error TS1128: Declaration or statement expected.
[19:12:45.271] src/components/tools/ToolRegistry.tsx(274,8): error TS1109: Expression expected.
[19:12:45.272] src/components/tools/ToolRegistry.tsx(275,23): error TS1005: ',' expected.
[19:12:45.272] src/components/tools/ToolRegistry.tsx(286,14): error TS1127: Invalid character.
[19:12:45.273] src/components/tools/ToolRegistry.tsx(286,31): error TS1005: ',' expected.
[19:12:45.273] src/components/tools/ToolRegistry.tsx(287,13): error TS1005: '(' expected.
[19:12:45.273] src/components/tools/ToolRegistry.tsx(287,21): error TS1005: ';' expected.
[19:12:45.273] src/components/tools/ToolRegistry.tsx(287,66): error TS1109: Expression expected.
[19:12:45.273] src/components/tools/ToolRegistry.tsx(287,67): error TS1127: Invalid character.
[19:12:45.273] src/components/tools/ToolRegistry.tsx(287,85): error TS1005: ';' expected.
[19:12:45.273] src/components/tools/ToolRegistry.tsx(287,139): error TS1005: ';' expected.
[19:12:45.274] src/components/tools/ToolRegistry.tsx(287,145): error TS1434: Unexpected keyword or identifier.
[19:12:45.274] src/components/tools/ToolRegistry.tsx(287,150): error TS1128: Declaration or statement expected.
[19:12:45.274] src/components/tools/ToolRegistry.tsx(306,11): error TS1128: Declaration or statement expected.
[19:12:45.274] src/components/tools/ToolRegistry.tsx(307,9): error TS1109: Expression expected.
[19:12:45.274] src/components/tools/ToolRegistry.tsx(307,10): error TS1128: Declaration or statement expected.
[19:12:45.274] src/components/tools/ToolRegistry.tsx(308,7): error TS1128: Declaration or statement expected.
[19:12:45.274] src/components/tools/ToolRegistry.tsx(311,47): error TS1127: Invalid character.
[19:12:45.274] src/components/tools/ToolRegistry.tsx(311,62): error TS1005: ';' expected.
[19:12:45.275] src/components/tools/ToolRegistry.tsx(332,9): error TS1128: Declaration or statement expected.
[19:12:45.275] src/components/tools/ToolRegistry.tsx(333,7): error TS1109: Expression expected.
[19:12:45.275] src/components/tools/ToolRegistry.tsx(336,28): error TS1127: Invalid character.
[19:12:45.275] src/components/tools/ToolRegistry.tsx(336,43): error TS1005: ';' expected.
[19:12:45.275] src/components/tools/ToolRegistry.tsx(349,9): error TS1128: Declaration or statement expected.
[19:12:45.275] src/components/tools/ToolRegistry.tsx(350,7): error TS1109: Expression expected.
[19:12:45.275] src/components/tools/ToolRegistry.tsx(351,5): error TS1128: Declaration or statement expected.
[19:12:45.275] src/components/tools/ToolRegistry.tsx(352,3): error TS1109: Expression expected.
[19:12:45.276] src/components/tools/ToolRegistry.tsx(353,1): error TS1128: Declaration or statement expected.
[19:12:45.276] src/components/ui/LoadingSpinner.tsx(38,13): error TS1127: Invalid character.
[19:12:45.276] src/components/ui/LoadingSpinner.tsx(38,26): error TS1005: ';' expected.
[19:12:45.276] src/components/ui/LoadingSpinner.tsx(40,7): error TS1128: Declaration or statement expected.
[19:12:45.276] src/components/ui/LoadingSpinner.tsx(41,5): error TS1109: Expression expected.
[19:12:45.276] src/components/ui/LoadingSpinner.tsx(45,3): error TS1002: Unterminated string literal.
[19:12:45.276] src/components/ui/Modal.tsx(77,43): error TS1127: Invalid character.
[19:12:45.276] src/components/ui/Modal.tsx(78,26): error TS1127: Invalid character.
[19:12:45.277] src/components/ui/Modal.tsx(81,16): error TS1381: Unexpected token. Did you mean `{'}'}` or `&rbrace;`?
[19:12:45.277] src/components/ui/Modal.tsx(83,24): error TS1127: Invalid character.
[19:12:45.277] src/components/ui/Modal.tsx(85,17): error TS1382: Unexpected token. Did you mean `{'>'}` or `&gt;`?
[19:12:45.277] src/components/ui/Modal.tsx(87,19): error TS17002: Expected corresponding JSX closing tag for 'div'.
[19:12:45.277] src/components/ui/Modal.tsx(88,16): error TS1381: Unexpected token. Did you mean `{'}'}` or `&rbrace;`?
[19:12:45.277] src/components/ui/Modal.tsx(90,12): error TS1381: Unexpected token. Did you mean `{'}'}` or `&rbrace;`?
[19:12:45.277] src/components/ui/Modal.tsx(95,5): error TS1005: ')' expected.
[19:12:45.278] src/components/ui/Modal.tsx(96,3): error TS1109: Expression expected.
[19:12:45.278] src/components/ui/Modal.tsx(99,3): error TS1002: Unterminated string literal.
[19:12:45.278] src/hooks/artifacts/useArtifact.ts(342,3): error TS1002: Unterminated string literal.
[19:12:45.278] src/hooks/useAuth.ts(369,3): error TS1002: Unterminated string literal.
[19:12:45.278] src/hooks/useChat.ts(185,1): error TS1127: Invalid character.
[19:12:45.278] src/hooks/useChat.ts(185,2): error TS1434: Unexpected keyword or identifier.
[19:12:45.278] src/hooks/useChat.ts(187,4): error TS1128: Declaration or statement expected.
[19:12:45.278] src/hooks/useChat.ts(187,50): error TS1005: ';' expected.
[19:12:45.279] src/hooks/useChat.ts(339,40): error TS1127: Invalid character.
[19:12:45.279] src/hooks/useChat.ts(339,52): error TS1005: ',' expected.
[19:12:45.279] src/hooks/useChat.ts(508,1): error TS1128: Declaration or statement expected.
[19:12:45.279] src/hooks/useNotifications.ts(143,34): error TS1127: Invalid character.
[19:12:45.279] src/hooks/useNotifications.ts(143,42): error TS1005: ',' expected.
[19:12:45.279] src/pages/ChatView.tsx(61,17): error TS1127: Invalid character.
[19:12:45.279] src/pages/ChatView.tsx(61,29): error TS1005: ',' expected.
[19:12:45.280] src/pages/ChatView.tsx(61,162): error TS1005: ':' expected.
[19:12:45.280] src/pages/ChatView.tsx(76,11): error TS1127: Invalid character.
[19:12:45.280] src/pages/ChatView.tsx(76,22): error TS1005: ';' expected.
[19:12:45.280] src/pages/ChatView.tsx(78,12): error TS1005: ';' expected.
[19:12:45.280] src/pages/ChatView.tsx(78,26): error TS1003: Identifier expected.
[19:12:45.280] src/pages/ChatView.tsx(78,41): error TS1138: Parameter declaration expected.
[19:12:45.280] src/pages/ChatView.tsx(78,62): error TS1005: ',' expected.
[19:12:45.281] src/pages/ChatView.tsx(78,70): error TS1138: Parameter declaration expected.
[19:12:45.281] src/pages/ChatView.tsx(78,72): error TS1003: Identifier expected.
[19:12:45.281] src/pages/ChatView.tsx(80,14): error TS1005: ';' expected.
[19:12:45.281] src/pages/ChatView.tsx(81,20): error TS1005: ',' expected.
[19:12:45.281] src/pages/ChatView.tsx(89,26): error TS1127: Invalid character.
[19:12:45.281] src/pages/ChatView.tsx(89,45): error TS1005: ';' expected.
[19:12:45.281] src/pages/ChatView.tsx(90,59): error TS1127: Invalid character.
[19:12:45.281] src/pages/ChatView.tsx(90,81): error TS1005: ';' expected.
[19:12:45.282] src/pages/ChatView.tsx(90,107): error TS1005: ';' expected.
[19:12:45.282] src/pages/ChatView.tsx(90,110): error TS1434: Unexpected keyword or identifier.
[19:12:45.282] src/pages/ChatView.tsx(90,118): error TS1128: Declaration or statement expected.
[19:12:45.282] src/pages/ChatView.tsx(90,121): error TS1128: Declaration or statement expected.
[19:12:45.282] src/pages/ChatView.tsx(91,13): error TS1109: Expression expected.
[19:12:45.282] src/pages/ChatView.tsx(92,11): error TS1109: Expression expected.
[19:12:45.282] src/pages/ChatView.tsx(95,9): error TS1128: Declaration or statement expected.
[19:12:45.282] src/pages/ChatView.tsx(98,14): error TS1005: ';' expected.
[19:12:45.282] src/pages/ChatView.tsx(112,52): error TS1127: Invalid character.
[19:12:45.283] src/pages/ChatView.tsx(114,16): error TS1382: Unexpected token. Did you mean `{'>'}` or `&gt;`?
[19:12:45.283] src/pages/ChatView.tsx(129,9): error TS1128: Declaration or statement expected.
[19:12:45.283] src/pages/ChatView.tsx(130,7): error TS1109: Expression expected.
[19:12:45.283] src/pages/ChatView.tsx(133,29): error TS1127: Invalid character.
[19:12:45.283] src/pages/ChatView.tsx(133,44): error TS1005: ';' expected.
[19:12:45.283] src/pages/ChatView.tsx(135,9): error TS1128: Declaration or statement expected.
[19:12:45.283] src/pages/ChatView.tsx(136,7): error TS1109: Expression expected.
[19:12:45.283] src/pages/ChatView.tsx(137,5): error TS1128: Declaration or statement expected.
[19:12:45.284] src/pages/ChatView.tsx(138,3): error TS1109: Expression expected.
[19:12:45.284] src/pages/auth/ForgotPasswordPage.tsx(35,16): error TS1005: ';' expected.
[19:12:45.284] src/pages/auth/ForgotPasswordPage.tsx(36,25): error TS1005: ';' expected.
[19:12:45.284] src/pages/auth/ForgotPasswordPage.tsx(37,9): error TS1109: Expression expected.
[19:12:45.284] src/pages/auth/ForgotPasswordPage.tsx(37,10): error TS1128: Declaration or statement expected.
[19:12:45.284] src/pages/auth/ForgotPasswordPage.tsx(39,7): error TS1109: Expression expected.
[19:12:45.284] src/pages/auth/ForgotPasswordPage.tsx(39,8): error TS1472: 'catch' or 'finally' expected.
[19:12:45.284] src/pages/auth/ForgotPasswordPage.tsx(47,7): error TS1005: ',' expected.
[19:12:45.285] src/pages/auth/ForgotPasswordPage.tsx(81,22): error TS1127: Invalid character.
[19:12:45.285] src/pages/auth/ForgotPasswordPage.tsx(82,17): error TS1382: Unexpected token. Did you mean `{'>'}` or `&gt;`?
[19:12:45.285] src/pages/auth/ForgotPasswordPage.tsx(84,19): error TS17002: Expected corresponding JSX closing tag for 'div'.
[19:12:45.285] src/pages/auth/ForgotPasswordPage.tsx(89,7): error TS1005: ')' expected.
[19:12:45.285] src/pages/auth/ForgotPasswordPage.tsx(90,5): error TS1109: Expression expected.
[19:12:45.285] src/pages/auth/ForgotPasswordPage.tsx(93,11): error TS1127: Invalid character.
[19:12:45.285] src/pages/auth/ForgotPasswordPage.tsx(93,22): error TS1005: ';' expected.
[19:12:45.285] src/pages/auth/ForgotPasswordPage.tsx(103,12): error TS17008: JSX element 'form' has no corresponding closing tag.
[19:12:45.286] src/pages/auth/ForgotPasswordPage.tsx(104,30): error TS1127: Invalid character.
[19:12:45.286] src/pages/auth/ForgotPasswordPage.tsx(107,14): error TS1381: Unexpected token. Did you mean `{'}'}` or `&rbrace;`?
[19:12:45.286] src/pages/auth/ForgotPasswordPage.tsx(116,31): error TS1127: Invalid character.
[19:12:45.286] src/pages/auth/ForgotPasswordPage.tsx(118,18): error TS1382: Unexpected token. Did you mean `{'>'}` or `&gt;`?
[19:12:45.286] src/pages/auth/ForgotPasswordPage.tsx(120,33): error TS1127: Invalid character.
[19:12:45.286] src/pages/auth/ForgotPasswordPage.tsx(121,16): error TS1381: Unexpected token. Did you mean `{'}'}` or `&rbrace;`?
[19:12:45.286] src/pages/auth/ForgotPasswordPage.tsx(125,22): error TS1127: Invalid character.
[19:12:45.287] src/pages/auth/ForgotPasswordPage.tsx(128,15): error TS1382: Unexpected token. Did you mean `{'>'}` or `&gt;`?
[19:12:45.287] src/pages/auth/ForgotPasswordPage.tsx(130,17): error TS17002: Expected corresponding JSX closing tag for 'div'.
[19:12:45.287] src/pages/auth/ForgotPasswordPage.tsx(132,13): error TS17002: Expected corresponding JSX closing tag for 'div'.
[19:12:45.287] src/pages/auth/ForgotPasswordPage.tsx(133,1): error TS1127: Invalid character.
[19:12:45.287] src/pages/auth/ForgotPasswordPage.tsx(133,1): error TS1128: Declaration or statement expected.
[19:12:45.287] src/pages/auth/ForgotPasswordPage.tsx(133,18): error TS1005: ';' expected.
[19:12:45.287] src/pages/auth/ForgotPasswordPage.tsx(134,18): error TS1127: Invalid character.
[19:12:45.287] src/pages/auth/ForgotPasswordPage.tsx(134,50): error TS1127: Invalid character.
[19:12:45.288] src/pages/auth/ForgotPasswordPage.tsx(138,11): error TS1128: Declaration or statement expected.
[19:12:45.288] src/pages/auth/ForgotPasswordPage.tsx(139,9): error TS1109: Expression expected.
[19:12:45.288] src/pages/auth/ForgotPasswordPage.tsx(140,7): error TS1109: Expression expected.
[19:12:45.288] src/pages/auth/ForgotPasswordPage.tsx(141,5): error TS1109: Expression expected.
[19:12:45.288] src/pages/auth/ForgotPasswordPage.tsx(142,3): error TS1109: Expression expected.
[19:12:45.288] src/pages/auth/ForgotPasswordPage.tsx(143,1): error TS1128: Declaration or statement expected.
[19:12:45.288] src/pages/auth/LoginPage.tsx(67,12): error TS17008: JSX element 'form' has no corresponding closing tag.
[19:12:45.288] src/pages/auth/LoginPage.tsx(68,30): error TS1127: Invalid character.
[19:12:45.289] src/pages/auth/LoginPage.tsx(71,14): error TS1381: Unexpected token. Did you mean `{'}'}` or `&rbrace;`?
[19:12:45.289] src/pages/auth/LoginPage.tsx(80,31): error TS1127: Invalid character.
[19:12:45.289] src/pages/auth/LoginPage.tsx(82,18): error TS1382: Unexpected token. Did you mean `{'>'}` or `&gt;`?
[19:12:45.289] src/pages/auth/LoginPage.tsx(84,33): error TS1127: Invalid character.
[19:12:45.289] src/pages/auth/LoginPage.tsx(85,16): error TS1381: Unexpected token. Did you mean `{'}'}` or `&rbrace;`?
[19:12:45.289] src/pages/auth/LoginPage.tsx(96,50): error TS1127: Invalid character.
[19:12:45.289] src/pages/auth/LoginPage.tsx(98,18): error TS1382: Unexpected token. Did you mean `{'>'}` or `&gt;`?
[19:12:45.290] src/pages/auth/LoginPage.tsx(99,26): error TS1127: Invalid character.
[19:12:45.290] src/pages/auth/LoginPage.tsx(101,19): error TS1382: Unexpected token. Did you mean `{'>'}` or `&gt;`?
[19:12:45.290] src/pages/auth/LoginPage.tsx(102,38): error TS1127: Invalid character.
[19:12:45.290] src/pages/auth/LoginPage.tsx(104,22): error TS1381: Unexpected token. Did you mean `{'}'}` or `&rbrace;`?
[19:12:45.290] src/pages/auth/LoginPage.tsx(105,21): error TS17002: Expected corresponding JSX closing tag for 'div'.
[19:12:45.290] src/pages/auth/LoginPage.tsx(108,36): error TS1127: Invalid character.
[19:12:45.290] src/pages/auth/LoginPage.tsx(109,16): error TS1381: Unexpected token. Did you mean `{'}'}` or `&rbrace;`?
[19:12:45.291] src/pages/auth/LoginPage.tsx(111,1): error TS1127: Invalid character.
[19:12:45.291] src/pages/auth/LoginPage.tsx(115,34): error TS1127: Invalid character.
[19:12:45.291] src/pages/auth/LoginPage.tsx(116,18): error TS1382: Unexpected token. Did you mean `{'>'}` or `&gt;`?
[19:12:45.291] src/pages/auth/LoginPage.tsx(121,20): error TS1127: Invalid character.
[19:12:45.291] src/pages/auth/LoginPage.tsx(122,15): error TS1382: Unexpected token. Did you mean `{'>'}` or `&gt;`?
[19:12:45.291] src/pages/auth/LoginPage.tsx(124,17): error TS17002: Expected corresponding JSX closing tag for 'div'.
[19:12:45.291] src/pages/auth/LoginPage.tsx(128,22): error TS1127: Invalid character.
[19:12:45.291] src/pages/auth/LoginPage.tsx(131,15): error TS1382: Unexpected token. Did you mean `{'>'}` or `&gt;`?
[19:12:45.291] src/pages/auth/LoginPage.tsx(133,17): error TS17002: Expected corresponding JSX closing tag for 'div'.
[19:12:45.292] src/pages/auth/LoginPage.tsx(135,1): error TS1127: Invalid character.
[19:12:45.292] src/pages/auth/LoginPage.tsx(135,20): error TS1005: ';' expected.
[19:12:45.292] src/pages/auth/LoginPage.tsx(137,21): error TS1127: Invalid character.
[19:12:45.292] src/pages/auth/LoginPage.tsx(137,42): error TS1005: ';' expected.
[19:12:45.292] src/pages/auth/LoginPage.tsx(139,15): error TS1128: Declaration or statement expected.
[19:12:45.292] src/pages/auth/LoginPage.tsx(140,13): error TS1109: Expression expected.
[19:12:45.293] src/pages/auth/LoginPage.tsx(141,1): error TS1127: Invalid character.
[19:12:45.293] src/pages/auth/LoginPage.tsx(141,20): error TS1005: ';' expected.
[19:12:45.293] src/pages/auth/LoginPage.tsx(142,15): error TS2657: JSX expressions must have one parent element.
[19:12:45.293] src/pages/auth/LoginPage.tsx(142,22): error TS1127: Invalid character.
[19:12:45.293] src/pages/auth/LoginPage.tsx(149,22): error TS1127: Invalid character.
[19:12:45.293] src/pages/auth/LoginPage.tsx(155,13): error TS1128: Declaration or statement expected.
[19:12:45.294] src/pages/auth/LoginPage.tsx(156,11): error TS1109: Expression expected.
[19:12:45.294] src/pages/auth/LoginPage.tsx(157,1): error TS1127: Invalid character.
[19:12:45.294] src/pages/auth/LoginPage.tsx(157,18): error TS1005: ';' expected.
[19:12:45.294] src/pages/auth/LoginPage.tsx(160,20): error TS1127: Invalid character.
[19:12:45.294] src/pages/auth/LoginPage.tsx(161,15): error TS1382: Unexpected token. Did you mean `{'>'}` or `&gt;`?
[19:12:45.294] src/pages/auth/LoginPage.tsx(163,17): error TS17002: Expected corresponding JSX closing tag for 'p'.
[19:12:45.294] src/pages/auth/LoginPage.tsx(164,13): error TS1128: Declaration or statement expected.
[19:12:45.294] src/pages/auth/LoginPage.tsx(165,11): error TS1109: Expression expected.
[19:12:45.295] src/pages/auth/LoginPage.tsx(166,9): error TS1109: Expression expected.
[19:12:45.295] src/pages/auth/LoginPage.tsx(167,7): error TS1109: Expression expected.
[19:12:45.295] src/pages/auth/LoginPage.tsx(168,5): error TS1109: Expression expected.
[19:12:45.295] src/pages/auth/LoginPage.tsx(169,3): error TS1109: Expression expected.
[19:12:45.295] src/pages/auth/LoginPage.tsx(170,1): error TS1128: Declaration or statement expected.
[19:12:45.295] src/pages/auth/RegisterPage.tsx(33,40): error TS1127: Invalid character.
[19:12:45.295] src/pages/auth/RegisterPage.tsx(33,44): error TS1005: ',' expected.
[19:12:45.295] src/pages/auth/RegisterPage.tsx(73,1): error TS1127: Invalid character.
[19:12:45.296] src/pages/auth/RegisterPage.tsx(73,2): error TS1434: Unexpected keyword or identifier.
[19:12:45.296] src/pages/auth/RegisterPage.tsx(120,12): error TS17008: JSX element 'form' has no corresponding closing tag.
[19:12:45.296] src/pages/auth/RegisterPage.tsx(121,30): error TS1127: Invalid character.
[19:12:45.296] src/pages/auth/RegisterPage.tsx(124,14): error TS1381: Unexpected token. Did you mean `{'}'}` or `&rbrace;`?
[19:12:45.296] src/pages/auth/RegisterPage.tsx(133,30): error TS1127: Invalid character.
[19:12:45.307] src/pages/auth/RegisterPage.tsx(135,18): error TS1382: Unexpected token. Did you mean `{'>'}` or `&gt;`?
[19:12:45.308] src/pages/auth/RegisterPage.tsx(137,32): error TS1127: Invalid character.
[19:12:45.308] src/pages/auth/RegisterPage.tsx(138,16): error TS1381: Unexpected token. Did you mean `{'}'}` or `&rbrace;`?
[19:12:45.308] src/pages/auth/RegisterPage.tsx(148,31): error TS1127: Invalid character.
[19:12:45.308] src/pages/auth/RegisterPage.tsx(150,18): error TS1382: Unexpected token. Did you mean `{'>'}` or `&gt;`?
[19:12:45.308] src/pages/auth/RegisterPage.tsx(152,33): error TS1127: Invalid character.
[19:12:45.308] src/pages/auth/RegisterPage.tsx(153,16): error TS1381: Unexpected token. Did you mean `{'}'}` or `&rbrace;`?
[19:12:45.308] src/pages/auth/RegisterPage.tsx(163,30): error TS1127: Invalid character.
[19:12:45.308] src/pages/auth/RegisterPage.tsx(165,18): error TS1382: Unexpected token. Did you mean `{'>'}` or `&gt;`?
[19:12:45.308] src/pages/auth/RegisterPage.tsx(167,38): error TS1127: Invalid character.
[19:12:45.308] src/pages/auth/RegisterPage.tsx(168,16): error TS1381: Unexpected token. Did you mean `{'}'}` or `&rbrace;`?
[19:12:45.308] src/pages/auth/RegisterPage.tsx(179,46): error TS1127: Invalid character.
[19:12:45.308] src/pages/auth/RegisterPage.tsx(181,18): error TS1382: Unexpected token. Did you mean `{'>'}` or `&gt;`?
[19:12:45.308] src/pages/auth/RegisterPage.tsx(182,26): error TS1127: Invalid character.
[19:12:45.308] src/pages/auth/RegisterPage.tsx(184,19): error TS1382: Unexpected token. Did you mean `{'>'}` or `&gt;`?
[19:12:45.308] src/pages/auth/RegisterPage.tsx(185,38): error TS1127: Invalid character.
[19:12:45.308] src/pages/auth/RegisterPage.tsx(187,22): error TS1381: Unexpected token. Did you mean `{'}'}` or `&rbrace;`?
[19:12:45.308] src/pages/auth/RegisterPage.tsx(188,21): error TS17002: Expected corresponding JSX closing tag for 'div'.
[19:12:45.308] src/pages/auth/RegisterPage.tsx(192,29): error TS1127: Invalid character.
[19:12:45.308] src/pages/auth/RegisterPage.tsx(210,44): error TS1127: Invalid character.
[19:12:45.308] src/pages/auth/RegisterPage.tsx(213,33): error TS1127: Invalid character.
[19:12:45.308] src/pages/auth/RegisterPage.tsx(214,41): error TS1127: Invalid character.
[19:12:45.308] src/pages/auth/RegisterPage.tsx(216,30): error TS1381: Unexpected token. Did you mean `{'}'}` or `&rbrace;`?
[19:12:45.308] src/pages/auth/RegisterPage.tsx(222,23): error TS1381: Unexpected token. Did you mean `{'}'}` or `&rbrace;`?
[19:12:45.308] src/pages/auth/RegisterPage.tsx(222,25): error TS1381: Unexpected token. Did you mean `{'}'}` or `&rbrace;`?
[19:12:45.308] src/pages/auth/RegisterPage.tsx(224,20): error TS1381: Unexpected token. Did you mean `{'}'}` or `&rbrace;`?
[19:12:45.309] src/pages/auth/RegisterPage.tsx(226,16): error TS1381: Unexpected token. Did you mean `{'}'}` or `&rbrace;`?
[19:12:45.309] src/pages/auth/RegisterPage.tsx(228,36): error TS1127: Invalid character.
[19:12:45.309] src/pages/auth/RegisterPage.tsx(229,16): error TS1381: Unexpected token. Did you mean `{'}'}` or `&rbrace;`?
[19:12:45.309] src/pages/auth/RegisterPage.tsx(240,46): error TS1127: Invalid character.
[19:12:45.309] src/pages/auth/RegisterPage.tsx(242,18): error TS1382: Unexpected token. Did you mean `{'>'}` or `&gt;`?
[19:12:45.309] src/pages/auth/RegisterPage.tsx(243,26): error TS1127: Invalid character.
[19:12:45.309] src/pages/auth/RegisterPage.tsx(245,19): error TS1382: Unexpected token. Did you mean `{'>'}` or `&gt;`?
[19:12:45.309] src/pages/auth/RegisterPage.tsx(246,45): error TS1127: Invalid character.
[19:12:45.309] src/pages/auth/RegisterPage.tsx(248,22): error TS1381: Unexpected token. Did you mean `{'}'}` or `&rbrace;`?
[19:12:45.309] src/pages/auth/RegisterPage.tsx(249,21): error TS17002: Expected corresponding JSX closing tag for 'div'.
[19:12:45.309] src/pages/auth/RegisterPage.tsx(252,43): error TS1127: Invalid character.
[19:12:45.309] src/pages/auth/RegisterPage.tsx(253,16): error TS1381: Unexpected token. Did you mean `{'}'}` or `&rbrace;`?
[19:12:45.309] src/pages/auth/RegisterPage.tsx(259,34): error TS1127: Invalid character.
[19:12:45.309] src/pages/auth/RegisterPage.tsx(260,18): error TS1382: Unexpected token. Did you mean `{'>'}` or `&gt;`?
[19:12:45.309] src/pages/auth/RegisterPage.tsx(273,37): error TS1127: Invalid character.
[19:12:45.309] src/pages/auth/RegisterPage.tsx(274,14): error TS1381: Unexpected token. Did you mean `{'}'}` or `&rbrace;`?
[19:12:45.309] src/pages/auth/RegisterPage.tsx(277,22): error TS1127: Invalid character.
[19:12:45.309] src/pages/auth/RegisterPage.tsx(280,15): error TS1382: Unexpected token. Did you mean `{'>'}` or `&gt;`?
[19:12:45.309] src/pages/auth/RegisterPage.tsx(282,17): error TS17002: Expected corresponding JSX closing tag for 'div'.
[19:12:45.309] src/pages/auth/RegisterPage.tsx(284,11): error TS1005: ')' expected.
[19:12:45.309] src/pages/auth/RegisterPage.tsx(285,1): error TS1127: Invalid character.
[19:12:45.309] src/pages/auth/RegisterPage.tsx(285,18): error TS1005: ';' expected.
[19:12:45.309] src/pages/auth/RegisterPage.tsx(287,20): error TS1127: Invalid character.
[19:12:45.309] src/pages/auth/RegisterPage.tsx(288,15): error TS1382: Unexpected token. Did you mean `{'>'}` or `&gt;`?
[19:12:45.310] src/pages/auth/RegisterPage.tsx(290,17): error TS17002: Expected corresponding JSX closing tag for 'p'.
[19:12:45.310] src/pages/auth/RegisterPage.tsx(291,13): error TS1128: Declaration or statement expected.
[19:12:45.310] src/pages/auth/RegisterPage.tsx(292,11): error TS1109: Expression expected.
[19:12:45.310] src/pages/auth/RegisterPage.tsx(293,9): error TS1109: Expression expected.
[19:12:45.310] src/pages/auth/RegisterPage.tsx(294,7): error TS1109: Expression expected.
[19:12:45.310] src/pages/auth/RegisterPage.tsx(295,5): error TS1109: Expression expected.
[19:12:45.310] src/pages/auth/RegisterPage.tsx(296,3): error TS1109: Expression expected.
[19:12:45.310] src/pages/auth/RegisterPage.tsx(297,1): error TS1128: Declaration or statement expected.
[19:12:45.310] src/pages/auth/ResetPasswordPage.tsx(28,40): error TS1127: Invalid character.
[19:12:45.310] src/pages/auth/ResetPasswordPage.tsx(28,44): error TS1005: ',' expected.
[19:12:45.310] src/pages/auth/ResetPasswordPage.tsx(75,1): error TS1127: Invalid character.
[19:12:45.310] src/pages/auth/ResetPasswordPage.tsx(75,2): error TS1434: Unexpected keyword or identifier.
[19:12:45.310] src/pages/auth/ResetPasswordPage.tsx(151,22): error TS1127: Invalid character.
[19:12:45.310] src/pages/auth/ResetPasswordPage.tsx(152,17): error TS1382: Unexpected token. Did you mean `{'>'}` or `&gt;`?
[19:12:45.310] src/pages/auth/ResetPasswordPage.tsx(154,19): error TS17002: Expected corresponding JSX closing tag for 'div'.
[19:12:45.310] src/pages/auth/ResetPasswordPage.tsx(159,7): error TS1005: ')' expected.
[19:12:45.310] src/pages/auth/ResetPasswordPage.tsx(160,5): error TS1109: Expression expected.
[19:12:45.310] src/pages/auth/ResetPasswordPage.tsx(163,11): error TS1127: Invalid character.
[19:12:45.310] src/pages/auth/ResetPasswordPage.tsx(163,22): error TS1005: ';' expected.
[19:12:45.310] src/pages/auth/ResetPasswordPage.tsx(164,7): error TS2657: JSX expressions must have one parent element.
[19:12:45.310] src/pages/auth/ResetPasswordPage.tsx(173,12): error TS17008: JSX element 'form' has no corresponding closing tag.
[19:12:45.310] src/pages/auth/ResetPasswordPage.tsx(174,30): error TS1127: Invalid character.
[19:12:45.310] src/pages/auth/ResetPasswordPage.tsx(177,14): error TS1381: Unexpected token. Did you mean `{'}'}` or `&rbrace;`?
[19:12:45.310] src/pages/auth/ResetPasswordPage.tsx(187,46): error TS1127: Invalid character.
[19:12:45.310] src/pages/auth/ResetPasswordPage.tsx(189,18): error TS1382: Unexpected token. Did you mean `{'>'}` or `&gt;`?
[19:12:45.310] src/pages/auth/ResetPasswordPage.tsx(190,26): error TS1127: Invalid character.
[19:12:45.310] src/pages/auth/ResetPasswordPage.tsx(192,19): error TS1382: Unexpected token. Did you mean `{'>'}` or `&gt;`?
[19:12:45.310] src/pages/auth/ResetPasswordPage.tsx(193,38): error TS1127: Invalid character.
[19:12:45.310] src/pages/auth/ResetPasswordPage.tsx(195,22): error TS1381: Unexpected token. Did you mean `{'}'}` or `&rbrace;`?
[19:12:45.310] src/pages/auth/ResetPasswordPage.tsx(196,21): error TS17002: Expected corresponding JSX closing tag for 'div'.
[19:12:45.310] src/pages/auth/ResetPasswordPage.tsx(200,29): error TS1127: Invalid character.
[19:12:45.311] src/pages/auth/ResetPasswordPage.tsx(218,44): error TS1127: Invalid character.
[19:12:45.311] src/pages/auth/ResetPasswordPage.tsx(221,33): error TS1127: Invalid character.
[19:12:45.311] src/pages/auth/ResetPasswordPage.tsx(222,41): error TS1127: Invalid character.
[19:12:45.311] src/pages/auth/ResetPasswordPage.tsx(224,30): error TS1381: Unexpected token. Did you mean `{'}'}` or `&rbrace;`?
[19:12:45.311] src/pages/auth/ResetPasswordPage.tsx(230,23): error TS1381: Unexpected token. Did you mean `{'}'}` or `&rbrace;`?
[19:12:45.311] src/pages/auth/ResetPasswordPage.tsx(230,25): error TS1381: Unexpected token. Did you mean `{'}'}` or `&rbrace;`?
[19:12:45.311] src/pages/auth/ResetPasswordPage.tsx(232,20): error TS1381: Unexpected token. Did you mean `{'}'}` or `&rbrace;`?
[19:12:45.311] src/pages/auth/ResetPasswordPage.tsx(234,16): error TS1381: Unexpected token. Did you mean `{'}'}` or `&rbrace;`?
[19:12:45.311] src/pages/auth/ResetPasswordPage.tsx(236,36): error TS1127: Invalid character.
[19:12:45.311] src/pages/auth/ResetPasswordPage.tsx(237,16): error TS1381: Unexpected token. Did you mean `{'}'}` or `&rbrace;`?
[19:12:45.311] src/pages/auth/ResetPasswordPage.tsx(248,46): error TS1127: Invalid character.
[19:12:45.311] src/pages/auth/ResetPasswordPage.tsx(250,18): error TS1382: Unexpected token. Did you mean `{'>'}` or `&gt;`?
[19:12:45.311] src/pages/auth/ResetPasswordPage.tsx(251,26): error TS1127: Invalid character.
[19:12:45.312] src/pages/auth/ResetPasswordPage.tsx(253,19): error TS1382: Unexpected token. Did you mean `{'>'}` or `&gt;`?
[19:12:45.312] src/pages/auth/ResetPasswordPage.tsx(254,45): error TS1127: Invalid character.
[19:12:45.312] src/pages/auth/ResetPasswordPage.tsx(256,22): error TS1381: Unexpected token. Did you mean `{'}'}` or `&rbrace;`?
[19:12:45.312] src/pages/auth/ResetPasswordPage.tsx(257,21): error TS17002: Expected corresponding JSX closing tag for 'div'.
[19:12:45.312] src/pages/auth/ResetPasswordPage.tsx(260,43): error TS1127: Invalid character.
[19:12:45.312] src/pages/auth/ResetPasswordPage.tsx(261,16): error TS1381: Unexpected token. Did you mean `{'}'}` or `&rbrace;`?
[19:12:45.312] src/pages/auth/ResetPasswordPage.tsx(265,22): error TS1127: Invalid character.
[19:12:45.312] src/pages/auth/ResetPasswordPage.tsx(268,15): error TS1382: Unexpected token. Did you mean `{'>'}` or `&gt;`?
[19:12:45.312] src/pages/auth/ResetPasswordPage.tsx(270,17): error TS17002: Expected corresponding JSX closing tag for 'div'.
[19:12:45.312] src/pages/auth/ResetPasswordPage.tsx(271,60): error TS1127: Invalid character.
[19:12:45.312] src/pages/auth/ResetPasswordPage.tsx(271,81): error TS1005: ';' expected.
[19:12:45.312] src/pages/auth/ResetPasswordPage.tsx(272,26): error TS1005: ';' expected.
[19:12:45.312] src/pages/auth/ResetPasswordPage.tsx(272,33): error TS1434: Unexpected keyword or identifier.
[19:12:45.312] src/pages/auth/ResetPasswordPage.tsx(272,35): error TS1434: Unexpected keyword or identifier.
[19:12:45.313] src/pages/auth/ResetPasswordPage.tsx(272,44): error TS1434: Unexpected keyword or identifier.
[19:12:45.313] src/pages/auth/ResetPasswordPage.tsx(272,53): error TS1434: Unexpected keyword or identifier.
[19:12:45.313] src/pages/auth/ResetPasswordPage.tsx(273,17): error TS1128: Declaration or statement expected.
[19:12:45.313] src/pages/auth/ResetPasswordPage.tsx(274,15): error TS1109: Expression expected.
[19:12:45.313] src/pages/auth/ResetPasswordPage.tsx(275,13): error TS1128: Declaration or statement expected.
[19:12:45.313] src/pages/auth/ResetPasswordPage.tsx(276,11): error TS1109: Expression expected.
[19:12:45.313] src/pages/auth/ResetPasswordPage.tsx(277,1): error TS1127: Invalid character.
[19:12:45.313] src/pages/auth/ResetPasswordPage.tsx(277,18): error TS1005: ';' expected.
[19:12:45.313] src/pages/auth/ResetPasswordPage.tsx(278,18): error TS1127: Invalid character.
[19:12:45.313] src/pages/auth/ResetPasswordPage.tsx(278,50): error TS1127: Invalid character.
[19:12:45.313] src/pages/auth/ResetPasswordPage.tsx(282,11): error TS1128: Declaration or statement expected.
[19:12:45.313] src/pages/auth/ResetPasswordPage.tsx(283,9): error TS1109: Expression expected.
[19:12:45.313] src/pages/auth/ResetPasswordPage.tsx(284,7): error TS1109: Expression expected.
[19:12:45.313] src/pages/auth/ResetPasswordPage.tsx(285,5): error TS1109: Expression expected.
[19:12:45.313] src/pages/auth/ResetPasswordPage.tsx(286,3): error TS1109: Expression expected.
[19:12:45.313] src/pages/auth/ResetPasswordPage.tsx(287,1): error TS1128: Declaration or statement expected.
[19:12:45.313] src/routes/AuthRoutes.tsx(24,3): error TS1002: Unterminated string literal.
[19:12:45.313] src/store/artifactStore.ts(114,29): error TS1127: Invalid character.
[19:12:45.313] src/store/artifactStore.ts(114,43): error TS1005: ',' expected.
[19:12:45.313] src/store/artifactStore.ts(114,77): error TS1127: Invalid character.
[19:12:45.313] src/store/artifactStore.ts(114,91): error TS1005: ',' expected.
[19:12:45.313] src/store/artifactStore.ts(146,28): error TS1127: Invalid character.
[19:12:45.313] src/store/artifactStore.ts(146,42): error TS1005: ',' expected.
[19:12:45.313] src/store/artifactStore.ts(146,76): error TS1127: Invalid character.
[19:12:45.313] src/store/artifactStore.ts(146,90): error TS1005: ',' expected.
[19:12:45.313] src/store/artifactStore.ts(672,1): error TS1128: Declaration or statement expected.
[19:12:45.313] src/store/artifactStore.ts(707,4): error TS1002: Unterminated string literal.
[19:12:45.314] src/utils/artifacts/detector.ts(81,1): error TS1127: Invalid character.
[19:12:45.314] src/utils/artifacts/detector.ts(81,2): error TS1434: Unexpected keyword or identifier.
[19:12:45.314] src/utils/artifacts/detector.ts(87,7): error TS1068: Unexpected token. A constructor, method, accessor, or property was expected.
[19:12:45.314] src/utils/artifacts/detector.ts(90,3): error TS1128: Declaration or statement expected.
[19:12:45.314] src/utils/artifacts/detector.ts(95,3): error TS1128: Declaration or statement expected.
[19:12:45.314] src/utils/artifacts/detector.ts(95,26): error TS1005: ',' expected.
[19:12:45.314] src/utils/artifacts/detector.ts(96,20): error TS1005: ',' expected.
[19:12:45.314] src/utils/artifacts/detector.ts(97,18): error TS1005: ',' expected.
[19:12:45.314] src/utils/artifacts/detector.ts(98,17): error TS1005: ',' expected.
[19:12:45.314] src/utils/artifacts/detector.ts(99,22): error TS1005: ',' expected.
[19:12:45.314] src/utils/artifacts/detector.ts(100,5): error TS1005: ';' expected.
[19:12:45.314] src/utils/artifacts/detector.ts(100,7): error TS1434: Unexpected keyword or identifier.
[19:12:45.314] src/utils/artifacts/detector.ts(129,3): error TS1128: Declaration or statement expected.
[19:12:45.314] src/utils/artifacts/detector.ts(129,11): error TS1128: Declaration or statement expected.
[19:12:45.314] src/utils/artifacts/detector.ts(129,45): error TS1005: ',' expected.
[19:12:45.314] src/utils/artifacts/detector.ts(129,54): error TS1005: ';' expected.
[19:12:45.314] src/utils/artifacts/detector.ts(129,56): error TS1434: Unexpected keyword or identifier.
[19:12:45.314] src/utils/artifacts/detector.ts(181,3): error TS1128: Declaration or statement expected.
[19:12:45.314] src/utils/artifacts/detector.ts(181,11): error TS1128: Declaration or statement expected.
[19:12:45.314] src/utils/artifacts/detector.ts(181,46): error TS1005: ',' expected.
[19:12:45.314] src/utils/artifacts/detector.ts(181,55): error TS1005: ';' expected.
[19:12:45.314] src/utils/artifacts/detector.ts(181,57): error TS1434: Unexpected keyword or identifier.
[19:12:45.314] src/utils/artifacts/detector.ts(264,3): error TS1128: Declaration or statement expected.
[19:12:45.314] src/utils/artifacts/detector.ts(264,11): error TS1128: Declaration or statement expected.
[19:12:45.314] src/utils/artifacts/detector.ts(264,42): error TS1005: ',' expected.
[19:12:45.314] src/utils/artifacts/detector.ts(264,51): error TS1005: ';' expected.
[19:12:45.314] src/utils/artifacts/detector.ts(264,53): error TS1434: Unexpected keyword or identifier.
[19:12:45.314] src/utils/artifacts/detector.ts(268,58): error TS1005: ';' expected.
[19:12:45.314] src/utils/artifacts/detector.ts(278,56): error TS1005: ';' expected.
[19:12:45.315] src/utils/artifacts/detector.ts(283,82): error TS1005: ';' expected.
[19:12:45.315] src/utils/artifacts/detector.ts(304,3): error TS1128: Declaration or statement expected.
[19:12:45.315] src/utils/artifacts/detector.ts(306,3): error TS1128: Declaration or statement expected.
[19:12:45.315] src/utils/artifacts/detector.ts(306,11): error TS1128: Declaration or statement expected.
[19:12:45.315] src/utils/artifacts/detector.ts(306,42): error TS1005: ',' expected.
[19:12:45.315] src/utils/artifacts/detector.ts(306,48): error TS1005: ';' expected.
[19:12:45.315] src/utils/artifacts/detector.ts(306,50): error TS1434: Unexpected keyword or identifier.
[19:12:45.315] src/utils/artifacts/detector.ts(338,3): error TS1128: Declaration or statement expected.
[19:12:45.315] src/utils/artifacts/detector.ts(338,11): error TS1128: Declaration or statement expected.
[19:12:45.315] src/utils/artifacts/detector.ts(338,39): error TS1005: ',' expected.
[19:12:45.315] src/utils/artifacts/detector.ts(338,48): error TS1005: ';' expected.
[19:12:45.315] src/utils/artifacts/detector.ts(338,50): error TS1434: Unexpected keyword or identifier.
[19:12:45.315] src/utils/artifacts/detector.ts(358,3): error TS1128: Declaration or statement expected.
[19:12:45.315] src/utils/artifacts/detector.ts(358,11): error TS1128: Declaration or statement expected.
[19:12:45.315] src/utils/artifacts/detector.ts(358,52): error TS1005: ',' expected.
[19:12:45.315] src/utils/artifacts/detector.ts(358,61): error TS1005: ';' expected.
[19:12:45.315] src/utils/artifacts/detector.ts(358,63): error TS1434: Unexpected keyword or identifier.
[19:12:45.315] src/utils/artifacts/detector.ts(370,3): error TS1128: Declaration or statement expected.
[19:12:45.315] src/utils/artifacts/detector.ts(370,32): error TS1005: ',' expected.
[19:12:45.315] src/utils/artifacts/detector.ts(370,59): error TS1005: ',' expected.
[19:12:45.315] src/utils/artifacts/detector.ts(370,65): error TS1005: ';' expected.
[19:12:45.315] src/utils/artifacts/detector.ts(370,67): error TS1434: Unexpected keyword or identifier.
[19:12:45.315] src/utils/artifacts/detector.ts(399,1): error TS1128: Declaration or statement expected.
[19:12:45.315] src/utils/artifacts/exporter.ts(221,12): error TS1005: '>' expected.
[19:12:45.315] src/utils/artifacts/exporter.ts(221,17): error TS1005: ';' expected.
[19:12:45.315] src/utils/artifacts/exporter.ts(221,24): error TS1005: ';' expected.
[19:12:45.315] src/utils/artifacts/exporter.ts(221,37): error TS1005: ';' expected.
[19:12:45.315] src/utils/artifacts/exporter.ts(221,72): error TS1127: Invalid character.
[19:12:45.316] src/utils/artifacts/exporter.ts(221,88): error TS1005: ';' expected.
[19:12:45.316] src/utils/artifacts/exporter.ts(221,100): error TS1005: ';' expected.
[19:12:45.316] src/utils/artifacts/exporter.ts(221,113): error TS1005: ';' expected.
[19:12:45.316] src/utils/artifacts/exporter.ts(221,128): error TS1109: Expression expected.
[19:12:45.316] src/utils/artifacts/exporter.ts(221,129): error TS1127: Invalid character.
[19:12:45.316] src/utils/artifacts/exporter.ts(221,145): error TS1005: ';' expected.
[19:12:45.317] src/utils/artifacts/exporter.ts(221,152): error TS1005: ';' expected.
[19:12:45.317] src/utils/artifacts/exporter.ts(221,159): error TS1005: ';' expected.
[19:12:45.317] src/utils/artifacts/exporter.ts(221,170): error TS1005: ';' expected.
[19:12:45.317] src/utils/artifacts/exporter.ts(221,179): error TS1005: ';' expected.
[19:12:45.317] src/utils/artifacts/exporter.ts(221,188): error TS1005: ';' expected.
[19:12:45.317] src/utils/artifacts/exporter.ts(221,194): error TS1005: ';' expected.
[19:12:45.317] src/utils/artifacts/exporter.ts(221,207): error TS1005: ';' expected.
[19:12:45.317] src/utils/artifacts/exporter.ts(221,224): error TS1110: Type expected.
[19:12:45.317] src/utils/artifacts/exporter.ts(222,11): error TS1110: Type expected.
[19:12:45.317] src/utils/artifacts/exporter.ts(222,20): error TS1005: ';' expected.
[19:12:45.317] src/utils/artifacts/exporter.ts(222,29): error TS1434: Unexpected keyword or identifier.
[19:12:45.317] src/utils/artifacts/exporter.ts(222,35): error TS1434: Unexpected keyword or identifier.
[19:12:45.317] src/utils/artifacts/exporter.ts(222,38): error TS1434: Unexpected keyword or identifier.
[19:12:45.317] src/utils/artifacts/exporter.ts(222,48): error TS1434: Unexpected keyword or identifier.
[19:12:45.317] src/utils/artifacts/exporter.ts(222,53): error TS1434: Unexpected keyword or identifier.
[19:12:45.317] src/utils/artifacts/exporter.ts(222,59): error TS1434: Unexpected keyword or identifier.
[19:12:45.317] src/utils/artifacts/exporter.ts(223,8): error TS1110: Type expected.
[19:12:45.317] src/utils/artifacts/exporter.ts(235,37): error TS1127: Invalid character.
[19:12:45.317] src/utils/artifacts/exporter.ts(236,3): error TS1005: ';' expected.
[19:12:45.317] src/utils/artifacts/exporter.ts(236,5): error TS1005: ';' expected.
[19:12:45.317] src/utils/artifacts/exporter.ts(236,8): error TS1127: Invalid character.
[19:12:45.317] src/utils/artifacts/exporter.ts(237,1): error TS1109: Expression expected.
[19:12:45.324] src/utils/artifacts/exporter.ts(237,3): error TS1127: Invalid character.
[19:12:45.324] src/utils/artifacts/exporter.ts(238,15): error TS1127: Invalid character.
[19:12:45.324] src/utils/artifacts/exporter.ts(239,1): error TS1161: Unterminated regular expression literal.
[19:12:45.324] src/utils/artifacts/exporter.ts(240,3): error TS1127: Invalid character.
[19:12:45.324] src/utils/artifacts/exporter.ts(241,7): error TS1127: Invalid character.
[19:12:45.324] src/utils/artifacts/exporter.ts(242,1): error TS1127: Invalid character.
[19:12:45.324] src/utils/artifacts/exporter.ts(243,1): error TS1109: Expression expected.
[19:12:45.324] src/utils/artifacts/exporter.ts(243,8): error TS1005: ';' expected.
[19:12:45.324] src/utils/artifacts/exporter.ts(243,16): error TS1005: '(' expected.
[19:12:45.324] src/utils/artifacts/exporter.ts(243,17): error TS1005: ';' expected.
[19:12:45.324] src/utils/artifacts/exporter.ts(243,26): error TS1005: ',' expected.
[19:12:45.324] src/utils/artifacts/exporter.ts(243,33): error TS1127: Invalid character.
[19:12:45.324] src/utils/artifacts/exporter.ts(275,17): error TS1005: ';' expected.
[19:12:45.324] src/utils/artifacts/exporter.ts(278,17): error TS1005: ';' expected.
[19:12:45.324] src/utils/artifacts/exporter.ts(278,34): error TS1110: Type expected.
[19:12:45.324] src/utils/artifacts/exporter.ts(279,17): error TS1005: ';' expected.
[19:12:45.324] src/utils/artifacts/exporter.ts(279,62): error TS1110: Type expected.
[19:12:45.324] src/utils/artifacts/exporter.ts(280,8): error TS1161: Unterminated regular expression literal.
[19:12:45.324] src/utils/artifacts/exporter.ts(282,14): error TS1005: ';' expected.
[19:12:45.324] src/utils/artifacts/exporter.ts(282,31): error TS1110: Type expected.
[19:12:45.324] src/utils/artifacts/exporter.ts(284,11): error TS1109: Expression expected.
[19:12:45.324] src/utils/artifacts/exporter.ts(285,27): error TS1005: ',' expected.
[19:12:45.324] src/utils/artifacts/exporter.ts(285,32): error TS1005: ',' expected.
[19:12:45.324] src/utils/artifacts/exporter.ts(290,10): error TS1110: Type expected.
[19:12:45.324] src/utils/artifacts/exporter.ts(291,8): error TS1161: Unterminated regular expression literal.
[19:12:45.324] src/utils/artifacts/exporter.ts(292,8): error TS1161: Unterminated regular expression literal.
[19:12:45.324] src/utils/artifacts/exporter.ts(333,71): error TS1127: Invalid character.
[19:12:45.324] src/utils/artifacts/exporter.ts(334,1): error TS1109: Expression expected.
[19:12:45.324] src/utils/artifacts/exporter.ts(334,8): error TS1005: ';' expected.
[19:12:45.325] src/utils/artifacts/exporter.ts(334,10): error TS1434: Unexpected keyword or identifier.
[19:12:45.325] src/utils/artifacts/exporter.ts(334,27): error TS1127: Invalid character.
[19:12:45.325] src/utils/artifacts/exporter.ts(347,62): error TS1005: ';' expected.
[19:12:45.325] src/utils/artifacts/exporter.ts(347,74): error TS1110: Type expected.
[19:12:45.325] src/utils/artifacts/exporter.ts(347,79): error TS1005: ';' expected.
[19:12:45.325] src/utils/artifacts/exporter.ts(347,80): error TS1128: Declaration or statement expected.
[19:12:45.325] src/utils/artifacts/exporter.ts(436,25): error TS1127: Invalid character.
[19:12:45.325] src/utils/artifacts/exporter.ts(436,57): error TS1005: '}' expected.
[19:12:45.325] src/utils/artifacts/exporter.ts(436,85): error TS1068: Unexpected token. A constructor, method, accessor, or property was expected.
[19:12:45.325] src/utils/artifacts/exporter.ts(436,86): error TS1110: Type expected.
[19:12:45.325] src/utils/artifacts/exporter.ts(461,3): error TS1128: Declaration or statement expected.
[19:12:45.325] src/utils/artifacts/exporter.ts(463,3): error TS1128: Declaration or statement expected.
[19:12:45.325] src/utils/artifacts/exporter.ts(463,11): error TS1128: Declaration or statement expected.
[19:12:45.325] src/utils/artifacts/exporter.ts(463,18): error TS1434: Unexpected keyword or identifier.
[19:12:45.325] src/utils/artifacts/exporter.ts(463,44): error TS1005: ',' expected.
[19:12:45.325] src/utils/artifacts/exporter.ts(463,63): error TS1005: ',' expected.
[19:12:45.325] src/utils/artifacts/exporter.ts(463,79): error TS1005: ';' expected.
[19:12:45.325] src/utils/artifacts/exporter.ts(465,11): error TS1005: ':' expected.
[19:12:45.325] src/utils/artifacts/exporter.ts(467,2): error TS1005: ',' expected.
[19:12:45.325] src/utils/artifacts/exporter.ts(469,12): error TS1005: ':' expected.
[19:12:45.325] src/utils/artifacts/exporter.ts(473,6): error TS1005: ',' expected.
[19:12:45.325] src/utils/artifacts/exporter.ts(476,3): error TS1128: Declaration or statement expected.
[19:12:45.325] src/utils/artifacts/exporter.ts(476,11): error TS1128: Declaration or statement expected.
[19:12:45.325] src/utils/artifacts/exporter.ts(476,18): error TS1434: Unexpected keyword or identifier.
[19:12:45.325] src/utils/artifacts/exporter.ts(476,49): error TS1005: ',' expected.
[19:12:45.325] src/utils/artifacts/exporter.ts(476,68): error TS1005: ',' expected.
[19:12:45.325] src/utils/artifacts/exporter.ts(476,84): error TS1005: ';' expected.
[19:12:45.325] src/utils/artifacts/exporter.ts(477,11): error TS1005: ':' expected.
[19:12:45.325] src/utils/artifacts/exporter.ts(477,38): error TS1005: ',' expected.
[19:12:45.338] src/utils/artifacts/exporter.ts(478,11): error TS1005: ':' expected.
[19:12:45.338] src/utils/artifacts/exporter.ts(478,37): error TS1005: ',' expected.
[19:12:45.338] src/utils/artifacts/exporter.ts(480,12): error TS1005: ':' expected.
[19:12:45.338] src/utils/artifacts/exporter.ts(484,6): error TS1005: ',' expected.
[19:12:45.338] src/utils/artifacts/exporter.ts(487,3): error TS1128: Declaration or statement expected.
[19:12:45.338] src/utils/artifacts/exporter.ts(487,11): error TS1128: Declaration or statement expected.
[19:12:45.338] src/utils/artifacts/exporter.ts(487,18): error TS1434: Unexpected keyword or identifier.
[19:12:45.338] src/utils/artifacts/exporter.ts(487,48): error TS1005: ',' expected.
[19:12:45.338] src/utils/artifacts/exporter.ts(487,67): error TS1005: ',' expected.
[19:12:45.338] src/utils/artifacts/exporter.ts(487,83): error TS1005: ';' expected.
[19:12:45.338] src/utils/artifacts/exporter.ts(489,12): error TS1005: ':' expected.
[19:12:45.338] src/utils/artifacts/exporter.ts(494,6): error TS1005: ',' expected.
[19:12:45.338] src/utils/artifacts/exporter.ts(497,3): error TS1128: Declaration or statement expected.
[19:12:45.338] src/utils/artifacts/exporter.ts(497,11): error TS1128: Declaration or statement expected.
[19:12:45.338] src/utils/artifacts/exporter.ts(497,18): error TS1434: Unexpected keyword or identifier.
[19:12:45.338] src/utils/artifacts/exporter.ts(497,49): error TS1005: ',' expected.
[19:12:45.338] src/utils/artifacts/exporter.ts(497,68): error TS1005: ',' expected.
[19:12:45.338] src/utils/artifacts/exporter.ts(497,84): error TS1005: ';' expected.
[19:12:45.338] src/utils/artifacts/exporter.ts(498,11): error TS1005: ':' expected.
[19:12:45.338] src/utils/artifacts/exporter.ts(498,38): error TS1005: ',' expected.
[19:12:45.338] src/utils/artifacts/exporter.ts(500,10): error TS1005: ':' expected.
[19:12:45.338] src/utils/artifacts/exporter.ts(510,6): error TS1005: ',' expected.
[19:12:45.338] src/utils/artifacts/exporter.ts(512,12): error TS1005: ':' expected.
[19:12:45.338] src/utils/artifacts/exporter.ts(516,6): error TS1005: ',' expected.
[19:12:45.338] src/utils/artifacts/exporter.ts(519,3): error TS1128: Declaration or statement expected.
[19:12:45.338] src/utils/artifacts/exporter.ts(519,11): error TS1128: Declaration or statement expected.
[19:12:45.338] src/utils/artifacts/exporter.ts(519,18): error TS1434: Unexpected keyword or identifier.
[19:12:45.338] src/utils/artifacts/exporter.ts(519,50): error TS1005: ',' expected.
[19:12:45.338] src/utils/artifacts/exporter.ts(519,69): error TS1005: ',' expected.
[19:12:45.338] src/utils/artifacts/exporter.ts(519,85): error TS1005: ';' expected.
[19:12:45.338] src/utils/artifacts/exporter.ts(521,11): error TS1005: ':' expected.
[19:12:45.338] src/utils/artifacts/exporter.ts(521,48): error TS1005: ',' expected.
[19:12:45.338] src/utils/artifacts/exporter.ts(523,12): error TS1005: ':' expected.
[19:12:45.338] src/utils/artifacts/exporter.ts(527,6): error TS1005: ',' expected.
[19:12:45.338] src/utils/artifacts/exporter.ts(530,3): error TS1128: Declaration or statement expected.
[19:12:45.338] src/utils/artifacts/exporter.ts(530,11): error TS1128: Declaration or statement expected.
[19:12:45.338] src/utils/artifacts/exporter.ts(530,18): error TS1434: Unexpected keyword or identifier.
[19:12:45.338] src/utils/artifacts/exporter.ts(530,49): error TS1005: ',' expected.
[19:12:45.339] src/utils/artifacts/exporter.ts(530,68): error TS1005: ',' expected.
[19:12:45.339] src/utils/artifacts/exporter.ts(530,84): error TS1005: ';' expected.
[19:12:45.339] src/utils/artifacts/exporter.ts(532,12): error TS1005: ':' expected.
[19:12:45.339] src/utils/artifacts/exporter.ts(537,6): error TS1005: ',' expected.
[19:12:45.339] src/utils/artifacts/exporter.ts(540,3): error TS1128: Declaration or statement expected.
[19:12:45.339] src/utils/artifacts/exporter.ts(540,11): error TS1128: Declaration or statement expected.
[19:12:45.339] src/utils/artifacts/exporter.ts(540,18): error TS1434: Unexpected keyword or identifier.
[19:12:45.339] src/utils/artifacts/exporter.ts(540,48): error TS1005: ',' expected.
[19:12:45.339] src/utils/artifacts/exporter.ts(540,63): error TS1011: An element access expression should take an argument.
[19:12:45.339] src/utils/artifacts/exporter.ts(540,74): error TS1005: ',' expected.
[19:12:45.339] src/utils/artifacts/exporter.ts(540,83): error TS1005: ';' expected.
[19:12:45.340] src/utils/artifacts/exporter.ts(542,11): error TS1005: ':' expected.
[19:12:45.340] src/utils/artifacts/exporter.ts(542,46): error TS1005: ',' expected.
[19:12:45.340] src/utils/artifacts/exporter.ts(544,12): error TS1005: ':' expected.
[19:12:45.340] src/utils/artifacts/exporter.ts(549,6): error TS1005: ',' expected.
[19:12:45.340] src/utils/artifacts/exporter.ts(552,3): error TS1128: Declaration or statement expected.
[19:12:45.340] src/utils/artifacts/exporter.ts(552,11): error TS1128: Declaration or statement expected.
[19:12:45.340] src/utils/artifacts/exporter.ts(552,43): error TS1005: ',' expected.
[19:12:45.340] src/utils/artifacts/exporter.ts(552,61): error TS1005: ',' expected.
[19:12:45.346] src/utils/artifacts/exporter.ts(552,76): error TS1005: ';' expected.
[19:12:45.347] src/utils/artifacts/exporter.ts(552,78): error TS1434: Unexpected keyword or identifier.
[19:12:45.347] src/utils/artifacts/exporter.ts(562,3): error TS1128: Declaration or statement expected.
[19:12:45.347] src/utils/artifacts/exporter.ts(562,11): error TS1128: Declaration or statement expected.
[19:12:45.347] src/utils/artifacts/exporter.ts(562,18): error TS1434: Unexpected keyword or identifier.
[19:12:45.347] src/utils/artifacts/exporter.ts(562,48): error TS1005: ',' expected.
[19:12:45.347] src/utils/artifacts/exporter.ts(562,57): error TS1005: ';' expected.
[19:12:45.347] src/utils/artifacts/exporter.ts(564,12): error TS1005: ':' expected.
[19:12:45.347] src/utils/artifacts/exporter.ts(568,6): error TS1005: ',' expected.
[19:12:45.347] src/utils/artifacts/exporter.ts(571,3): error TS1128: Declaration or statement expected.
[19:12:45.347] src/utils/artifacts/exporter.ts(571,11): error TS1128: Declaration or statement expected.
[19:12:45.347] src/utils/artifacts/exporter.ts(571,18): error TS1434: Unexpected keyword or identifier.
[19:12:45.347] src/utils/artifacts/exporter.ts(571,51): error TS1005: ',' expected.
[19:12:45.347] src/utils/artifacts/exporter.ts(571,71): error TS1005: ',' expected.
[19:12:45.347] src/utils/artifacts/exporter.ts(571,77): error TS1005: ';' expected.
[19:12:45.347] src/utils/artifacts/exporter.ts(573,12): error TS1005: ':' expected.
[19:12:45.347] src/utils/artifacts/exporter.ts(573,28): error TS1005: ',' expected.
[19:12:45.347] src/utils/artifacts/exporter.ts(579,3): error TS1128: Declaration or statement expected.
[19:12:45.347] src/utils/artifacts/exporter.ts(579,31): error TS1005: ',' expected.
[19:12:45.347] src/utils/artifacts/exporter.ts(579,46): error TS1005: ';' expected.
[19:12:45.347] src/utils/artifacts/exporter.ts(580,9): error TS1003: Identifier expected.
[19:12:45.347] src/utils/artifacts/exporter.ts(580,16): error TS1005: ',' expected.
[19:12:45.347] src/utils/artifacts/exporter.ts(580,40): error TS1005: ',' expected.
[19:12:45.347] src/utils/artifacts/exporter.ts(580,42): error TS1136: Property assignment expected.
[19:12:45.347] src/utils/artifacts/exporter.ts(597,3): error TS1128: Declaration or statement expected.
[19:12:45.347] src/utils/artifacts/exporter.ts(598,1): error TS1128: Declaration or statement expected.
[19:12:45.347] src/utils/artifacts/exporter.ts(598,3): error TS1002: Unterminated string literal.
[19:12:45.347] src/utils/artifacts/transformer.ts(191,1): error TS1127: Invalid character.
[19:12:45.347] src/utils/artifacts/transformer.ts(191,2): error TS1434: Unexpected keyword or identifier.
[19:12:45.347] src/utils/artifacts/transformer.ts(238,26): error TS1127: Invalid character.
[19:12:45.347] src/utils/artifacts/transformer.ts(238,38): error TS1005: ',' expected.
[19:12:45.347] src/utils/artifacts/transformer.ts(355,68): error TS1127: Invalid character.
[19:12:45.347] src/utils/artifacts/transformer.ts(355,80): error TS1005: ',' expected.
[19:12:45.347] src/utils/artifacts/transformer.ts(440,1): error TS1127: Invalid character.
[19:12:45.347] src/utils/artifacts/transformer.ts(440,2): error TS1434: Unexpected keyword or identifier.
[19:12:45.348] src/utils/artifacts/transformer.ts(452,1): error TS1127: Invalid character.
[19:12:45.348] src/utils/artifacts/transformer.ts(452,2): error TS1434: Unexpected keyword or identifier.
[19:12:45.362] npm error Lifecycle script `build` failed with error:
[19:12:45.362] npm error code 2
[19:12:45.363] npm error path /vercel/path0/apps/web
[19:12:45.363] npm error workspace @penny/web@0.0.1
[19:12:45.363] npm error location /vercel/path0/apps/web
[19:12:45.363] npm error command failed
[19:12:45.363] npm error command sh -c tsc && vite build
[19:12:45.390] Error: Command "cd /vercel/path0/apps/web && npm run build" exited with 2